Using pre-set license
Built from '2021.3/staging' branch; Version is '2021.3.26f1 (a16dc32e0ff2) revision 10579395'; Using compiler version '192829333'; Build Type 'Release'
OS: 'Windows 10  (10.0.19044) 64bit Professional' Language: 'ru' Physical Memory: 24277 MB
BatchMode: 1, IsHumanControllingUs: 0, StartBugReporterOnCrash: 0, Is64bit: 1, IsPro: 1

COMMAND LINE ARGUMENTS:
D:\Unity 2021.3.8.f1\Editor\2021.3.26f1\Editor\Unity.exe
-adb2
-batchMode
-noUpm
-name
AssetImportWorker5
-projectPath
D:/My project
-logFile
Logs/AssetImportWorker5.log
-srvPort
49305
Successfully changed project path to: D:/My project
D:/My project
[UnityMemory] Configuration Parameters - Can be set up in boot.config
    "memorysetup-bucket-allocator-granularity=16"
    "memorysetup-bucket-allocator-bucket-count=8"
    "memorysetup-bucket-allocator-block-size=33554432"
    "memorysetup-bucket-allocator-block-count=8"
    "memorysetup-main-allocator-block-size=16777216"
    "memorysetup-thread-allocator-block-size=16777216"
    "memorysetup-gfx-main-allocator-block-size=16777216"
    "memorysetup-gfx-thread-allocator-block-size=16777216"
    "memorysetup-cache-allocator-block-size=4194304"
    "memorysetup-typetree-allocator-block-size=2097152"
    "memorysetup-profiler-bucket-allocator-granularity=16"
    "memorysetup-profiler-bucket-allocator-bucket-count=8"
    "memorysetup-profiler-bucket-allocator-block-size=33554432"
    "memorysetup-profiler-bucket-allocator-block-count=8"
    "memorysetup-profiler-allocator-block-size=16777216"
    "memorysetup-profiler-editor-allocator-block-size=1048576"
    "memorysetup-temp-allocator-size-main=16777216"
    "memorysetup-job-temp-allocator-block-size=2097152"
    "memorysetup-job-temp-allocator-block-size-background=1048576"
    "memorysetup-job-temp-allocator-reduction-small-platforms=262144"
    "memorysetup-temp-allocator-size-background-worker=32768"
    "memorysetup-temp-allocator-size-job-worker=262144"
    "memorysetup-temp-allocator-size-preload-manager=33554432"
    "memorysetup-temp-allocator-size-nav-mesh-worker=65536"
    "memorysetup-temp-allocator-size-audio-worker=65536"
    "memorysetup-temp-allocator-size-cloud-worker=32768"
    "memorysetup-temp-allocator-size-gi-baking-worker=262144"
    "memorysetup-temp-allocator-size-gfx=262144"
Player connection [13344] Host "[IP] 192.168.0.11 [Port] 0 [Flags] 2 [Guid] 3609544394 [EditorId] 3609544394 [Version] 1048832 [Id] WindowsEditor(7,DESKTOP-G2LRSFP) [Debug] 1 [PackageName] WindowsEditor [ProjectName] Editor" joined multi-casting on [225.0.0.222:54997]...

Player connection [13344] Host "[IP] 192.168.0.11 [Port] 0 [Flags] 2 [Guid] 3609544394 [EditorId] 3609544394 [Version] 1048832 [Id] WindowsEditor(7,DESKTOP-G2LRSFP) [Debug] 1 [PackageName] WindowsEditor [ProjectName] Editor" joined alternative multi-casting on [225.0.0.222:34997]...

Refreshing native plugins compatible for Editor in 73.17 ms, found 3 plugins.
Preloading 0 native plugins for Editor in 0.00 ms.
Initialize engine version: 2021.3.26f1 (a16dc32e0ff2)
[Subsystems] Discovering subsystems at path D:/Unity 2021.3.8.f1/Editor/2021.3.26f1/Editor/Data/Resources/UnitySubsystems
[Subsystems] Discovering subsystems at path D:/My project/Assets
GfxDevice: creating device client; threaded=0; jobified=0
Direct3D:
    Version:  Direct3D 11.0 [level 11.1]
    Renderer: NVIDIA GeForce RTX 3050 Laptop GPU (ID=0x25a2)
    Vendor:   NVIDIA
    VRAM:     3977 MB
    Driver:   31.0.15.3758
Initialize mono
Mono path[0] = 'D:/Unity 2021.3.8.f1/Editor/2021.3.26f1/Editor/Data/Managed'
Mono path[1] = 'D:/Unity 2021.3.8.f1/Editor/2021.3.26f1/Editor/Data/MonoBleedingEdge/lib/mono/unityjit-win32'
Mono config path = 'D:/Unity 2021.3.8.f1/Editor/2021.3.26f1/Editor/Data/MonoBleedingEdge/etc'
Using monoOptions --debugger-agent=transport=dt_socket,embedding=1,server=y,suspend=n,address=127.0.0.1:56480
Begin MonoManager ReloadAssembly
Registering precompiled unity dll's ...
Register platform support module: D:/Unity 2021.3.8.f1/Editor/2021.3.26f1/Editor/Data/PlaybackEngines/WindowsStandaloneSupport/UnityEditor.WindowsStandalone.Extensions.dll
Registered in 0.002245 seconds.
Native extension for WindowsStandalone target not found
Refreshing native plugins compatible for Editor in 67.60 ms, found 3 plugins.
Preloading 0 native plugins for Editor in 0.00 ms.
Mono: successfully reloaded assembly
- Completed reload, in  0.520 seconds
Domain Reload Profiling:
	ReloadAssembly (520ms)
		BeginReloadAssembly (66ms)
			ExecutionOrderSort (0ms)
			DisableScriptedObjects (0ms)
			BackupInstance (0ms)
			ReleaseScriptingObjects (0ms)
			CreateAndSetChildDomain (1ms)
		EndReloadAssembly (369ms)
			LoadAssemblies (65ms)
			RebuildTransferFunctionScriptingTraits (0ms)
			SetupTypeCache (87ms)
			ReleaseScriptCaches (0ms)
			RebuildScriptCaches (23ms)
			SetupLoadedEditorAssemblies (219ms)
				LogAssemblyErrors (0ms)
				InitializePlatformSupportModulesInManaged (6ms)
				SetLoadedEditorAssemblies (0ms)
				RefreshPlugins (68ms)
				BeforeProcessingInitializeOnLoad (1ms)
				ProcessInitializeOnLoadAttributes (103ms)
				ProcessInitializeOnLoadMethodAttributes (41ms)
				AfterProcessingInitializeOnLoad (0ms)
				EditorAssembliesLoaded (0ms)
			ExecutionOrderSort2 (0ms)
			AwakeInstancesAfterBackupRestoration (0ms)
Platform modules already initialized, skipping
Registering precompiled user dll's ...
Registered in 0.001961 seconds.
Begin MonoManager ReloadAssembly
Symbol file LoadedFromMemory doesn't match image D:\My project\Library\PackageCache\com.unity.visualscripting@1.8.0\Editor\VisualScripting.Core\Dependencies\YamlDotNet\Unity.VisualScripting.YamlDotNet.dll
Symbol file LoadedFromMemory doesn't match image D:\My project\Library\PackageCache\com.unity.visualscripting@1.8.0\Editor\VisualScripting.Core\Dependencies\DotNetZip\Unity.VisualScripting.IonicZip.dll
Native extension for WindowsStandalone target not found
Refreshing native plugins compatible for Editor in 0.58 ms, found 3 plugins.
Preloading 0 native plugins for Editor in 0.00 ms.
Mono: successfully reloaded assembly
- Completed reload, in  0.804 seconds
Domain Reload Profiling:
	ReloadAssembly (805ms)
		BeginReloadAssembly (91ms)
			ExecutionOrderSort (0ms)
			DisableScriptedObjects (5ms)
			BackupInstance (0ms)
			ReleaseScriptingObjects (0ms)
			CreateAndSetChildDomain (18ms)
		EndReloadAssembly (629ms)
			LoadAssemblies (58ms)
			RebuildTransferFunctionScriptingTraits (0ms)
			SetupTypeCache (232ms)
			ReleaseScriptCaches (1ms)
			RebuildScriptCaches (43ms)
			SetupLoadedEditorAssemblies (260ms)
				LogAssemblyErrors (0ms)
				InitializePlatformSupportModulesInManaged (4ms)
				SetLoadedEditorAssemblies (0ms)
				RefreshPlugins (1ms)
				BeforeProcessingInitializeOnLoad (63ms)
				ProcessInitializeOnLoadAttributes (174ms)
				ProcessInitializeOnLoadMethodAttributes (16ms)
				AfterProcessingInitializeOnLoad (2ms)
				EditorAssembliesLoaded (0ms)
			ExecutionOrderSort2 (0ms)
			AwakeInstancesAfterBackupRestoration (5ms)
Platform modules already initialized, skipping
========================================================================
Worker process is ready to serve import requests
Launched and connected shader compiler UnityShaderCompiler.exe after 0.03 seconds
Refreshing native plugins compatible for Editor in 0.65 ms, found 3 plugins.
Preloading 0 native plugins for Editor in 0.00 ms.
Unloading 3051 Unused Serialized files (Serialized files now loaded: 0)
Unloading 22 unused Assets / (56.2 KB). Loaded Objects now: 3527.
Memory consumption went from 120.2 MB to 120.1 MB.
Total: 3.285800 ms (FindLiveObjects: 0.283700 ms CreateObjectMapping: 0.136600 ms MarkObjects: 2.747900 ms  DeleteObjects: 0.116400 ms)

AssetImportParameters requested are different than current active one (requested -> active):
  custom:video-decoder-ogg-theora: a1e56fd34408186e4bbccfd4996cb3dc -> 
  custom:container-muxer-webm: aa71ff27fc2769a1b78a27578f13a17b -> 
  custom:container-demuxer-webm: 4f35f7cbe854078d1ac9338744f61a02 -> 
  custom:video-encoder-webm-vp8: eb34c28f22e8b96e1ab97ce403110664 -> 
  custom:audio-encoder-webm-vorbis: bf7c407c2cedff20999df2af8eb42d56 -> 
  custom:framework-win-MediaFoundation: 216162199b28c13a410421893ffa2e32 -> 
  custom:container-demuxer-ogg: 62fdf1f143b41e24485cea50d1cbac27 -> 
  custom:video-decoder-webm-vp8: 9c59270c3fd7afecdb556c50c9e8de78 -> 
  custom:audio-decoder-ogg-vorbis: bf7c407c2cedff20999df2af8eb42d56 -> 
========================================================================
Received Import Request.
  Time since last request: 9608.391927 seconds.
  path: Assets/Low Poly Environment Starter Kit/Prefabs/URP/Other/Bush 3.prefab
  artifactKey: Guid(b1819af2bf9a9d14a935d8e7fd7b7cbc) Importer(815301076,1909f56bfc062723c751e8b465ee728b)
Start importing Assets/Low Poly Environment Starter Kit/Prefabs/URP/Other/Bush 3.prefab using Guid(b1819af2bf9a9d14a935d8e7fd7b7cbc) Importer(815301076,1909f56bfc062723c751e8b465ee728b)  -> (artifact id: '0cf7f37628d10101851e6277187e2baa') in 0.091948 seconds 
========================================================================
Received Import Request.
  Time since last request: 0.699858 seconds.
  path: Assets/Low Poly Environment Starter Kit/Prefabs/URP/Rocks/Rock 3.prefab
  artifactKey: Guid(4e9dc74c4334b9a458f53f995ccb9772) Importer(815301076,1909f56bfc062723c751e8b465ee728b)
Start importing Assets/Low Poly Environment Starter Kit/Prefabs/URP/Rocks/Rock 3.prefab using Guid(4e9dc74c4334b9a458f53f995ccb9772) Importer(815301076,1909f56bfc062723c751e8b465ee728b)  -> (artifact id: '49a91f93d32b34894931a5984c902a79') in 0.006554 seconds 
========================================================================
Received Import Request.
  Time since last request: 0.000017 seconds.
  path: Assets/Low Poly Environment Starter Kit/Prefabs/URP/Rocks/Rock Pile 1.prefab
  artifactKey: Guid(9fd89c45bf7e1304088137c6ba34dbb0) Importer(815301076,1909f56bfc062723c751e8b465ee728b)
Start importing Assets/Low Poly Environment Starter Kit/Prefabs/URP/Rocks/Rock Pile 1.prefab using Guid(9fd89c45bf7e1304088137c6ba34dbb0) Importer(815301076,1909f56bfc062723c751e8b465ee728b)  -> (artifact id: '03f25e955543cd2950918c2f84573c4f') in 0.006055 seconds 
========================================================================
Received Import Request.
  Time since last request: 0.000024 seconds.
  path: Assets/Low Poly Environment Starter Kit/Prefabs/URP/Rocks/Rock 8.prefab
  artifactKey: Guid(9bc01b0a028112c40832d6c99d6c4b85) Importer(815301076,1909f56bfc062723c751e8b465ee728b)
Start importing Assets/Low Poly Environment Starter Kit/Prefabs/URP/Rocks/Rock 8.prefab using Guid(9bc01b0a028112c40832d6c99d6c4b85) Importer(815301076,1909f56bfc062723c751e8b465ee728b)  -> (artifact id: 'df1992dcc311858fe5d26419f8c3f849') in 0.006910 seconds 
========================================================================
Received Import Request.
  Time since last request: 0.000041 seconds.
  path: Assets/Low Poly Environment Starter Kit/Prefabs/URP/Rocks/Rock 11.prefab
  artifactKey: Guid(718e3e11005424c4ba3424fe9faaa329) Importer(815301076,1909f56bfc062723c751e8b465ee728b)
Start importing Assets/Low Poly Environment Starter Kit/Prefabs/URP/Rocks/Rock 11.prefab using Guid(718e3e11005424c4ba3424fe9faaa329) Importer(815301076,1909f56bfc062723c751e8b465ee728b)  -> (artifact id: '631deddf9a2fa7ac2ca609396ac5dc66') in 0.007321 seconds 
========================================================================
Received Import Request.
  Time since last request: 0.000034 seconds.
  path: Assets/Low Poly Environment Starter Kit/Prefabs/URP/Rocks/Rock Pile 3.prefab
  artifactKey: Guid(d890e6bbaa2beb548b26a869f51f693f) Importer(815301076,1909f56bfc062723c751e8b465ee728b)
Start importing Assets/Low Poly Environment Starter Kit/Prefabs/URP/Rocks/Rock Pile 3.prefab using Guid(d890e6bbaa2beb548b26a869f51f693f) Importer(815301076,1909f56bfc062723c751e8b465ee728b)  -> (artifact id: '47bf105a4abe382f8f35d83e51de4aa8') in 0.006661 seconds 
========================================================================
Received Import Request.
  Time since last request: 0.312556 seconds.
  path: Assets/Low Poly Environment Starter Kit/Prefabs/URP/Terrains/Forest.prefab
  artifactKey: Guid(b706fdbe0512b9e45a7e749d45f56c91) Importer(815301076,1909f56bfc062723c751e8b465ee728b)
Start importing Assets/Low Poly Environment Starter Kit/Prefabs/URP/Terrains/Forest.prefab using Guid(b706fdbe0512b9e45a7e749d45f56c91) Importer(815301076,1909f56bfc062723c751e8b465ee728b)  -> (artifact id: 'f27466a239389e975e3e8fa51bd31935') in 0.027724 seconds 
========================================================================
Received Import Request.
  Time since last request: 0.000019 seconds.
  path: Assets/Low Poly Environment Starter Kit/Prefabs/URP/Terrains/Mountain 3.prefab
  artifactKey: Guid(b8e9d2cf1888d9143a2ea575bae4cc8f) Importer(815301076,1909f56bfc062723c751e8b465ee728b)
Start importing Assets/Low Poly Environment Starter Kit/Prefabs/URP/Terrains/Mountain 3.prefab using Guid(b8e9d2cf1888d9143a2ea575bae4cc8f) Importer(815301076,1909f56bfc062723c751e8b465ee728b)  -> (artifact id: 'ed9143c5fa6d96962bc1f377b5afae78') in 0.007879 seconds 
========================================================================
Received Import Request.
  Time since last request: 0.291642 seconds.
  path: Assets/Low Poly Environment Starter Kit/Prefabs/URP/Trees/Pine 3.prefab
  artifactKey: Guid(a934d038c1a20354a856529f1f7ec805) Importer(815301076,1909f56bfc062723c751e8b465ee728b)
Start importing Assets/Low Poly Environment Starter Kit/Prefabs/URP/Trees/Pine 3.prefab using Guid(a934d038c1a20354a856529f1f7ec805) Importer(815301076,1909f56bfc062723c751e8b465ee728b)  -> (artifact id: '10515bd29326137654feea05b88026a7') in 0.010530 seconds 
========================================================================
Received Import Request.
  Time since last request: 0.000016 seconds.
  path: Assets/Low Poly Environment Starter Kit/Prefabs/URP/Trees/Tree 7.prefab
  artifactKey: Guid(317cef7c4ec02cb4685127dd7da56834) Importer(815301076,1909f56bfc062723c751e8b465ee728b)
Start importing Assets/Low Poly Environment Starter Kit/Prefabs/URP/Trees/Tree 7.prefab using Guid(317cef7c4ec02cb4685127dd7da56834) Importer(815301076,1909f56bfc062723c751e8b465ee728b)  -> (artifact id: '0a984a459f02838dfe1cf2687899d2ac') in 0.007027 seconds 
========================================================================
Received Import Request.
  Time since last request: 0.000019 seconds.
  path: Assets/Low Poly Environment Starter Kit/Prefabs/URP/Trees/Pine 4.prefab
  artifactKey: Guid(9c62758f974dbcb409d18cf6eea7e71a) Importer(815301076,1909f56bfc062723c751e8b465ee728b)
Start importing Assets/Low Poly Environment Starter Kit/Prefabs/URP/Trees/Pine 4.prefab using Guid(9c62758f974dbcb409d18cf6eea7e71a) Importer(815301076,1909f56bfc062723c751e8b465ee728b)  -> (artifact id: '44af58fc5ed96400a88e5f72229dcc50') in 0.009483 seconds 
========================================================================
Received Import Request.
  Time since last request: 0.000018 seconds.
  path: Assets/Low Poly Environment Starter Kit/Prefabs/URP/Trees/Pine 5.prefab
  artifactKey: Guid(0219044f309a5d94281b70ce19167893) Importer(815301076,1909f56bfc062723c751e8b465ee728b)
Start importing Assets/Low Poly Environment Starter Kit/Prefabs/URP/Trees/Pine 5.prefab using Guid(0219044f309a5d94281b70ce19167893) Importer(815301076,1909f56bfc062723c751e8b465ee728b)  -> (artifact id: '00a8343ef13ef187cbb5e18221cf69ae') in 0.011935 seconds 
========================================================================
Received Import Request.
  Time since last request: 13.610938 seconds.
  path: Assets/Pure Poly/Free Low Poly Nature Pack/Prefabs/PP_Daffodil_03.prefab
  artifactKey: Guid(13dd10d6717971d4ea9125d158299b1e) Importer(815301076,1909f56bfc062723c751e8b465ee728b)
Start importing Assets/Pure Poly/Free Low Poly Nature Pack/Prefabs/PP_Daffodil_03.prefab using Guid(13dd10d6717971d4ea9125d158299b1e) Importer(815301076,1909f56bfc062723c751e8b465ee728b)  -> (artifact id: '0e244c2267522b9d24253cfc37244bc3') in 0.014968 seconds 
========================================================================
Received Import Request.
  Time since last request: 0.000024 seconds.
  path: Assets/Pure Poly/Free Low Poly Nature Pack/Prefabs/PP_Mushroom_Fantasy_Purple_05.prefab
  artifactKey: Guid(d354c41a99993964baca0254487708d1) Importer(815301076,1909f56bfc062723c751e8b465ee728b)
Start importing Assets/Pure Poly/Free Low Poly Nature Pack/Prefabs/PP_Mushroom_Fantasy_Purple_05.prefab using Guid(d354c41a99993964baca0254487708d1) Importer(815301076,1909f56bfc062723c751e8b465ee728b)  -> (artifact id: 'd7ee9710a857cafa29534773c0c0865a') in 0.006515 seconds 
========================================================================
Received Import Request.
  Time since last request: 0.000023 seconds.
  path: Assets/Pure Poly/Free Low Poly Nature Pack/Prefabs/PP_Rock_Moss_Grown_09.prefab
  artifactKey: Guid(24457fdf8e66c3c49b7599931e0fdcb2) Importer(815301076,1909f56bfc062723c751e8b465ee728b)
Start importing Assets/Pure Poly/Free Low Poly Nature Pack/Prefabs/PP_Rock_Moss_Grown_09.prefab using Guid(24457fdf8e66c3c49b7599931e0fdcb2) Importer(815301076,1909f56bfc062723c751e8b465ee728b)  -> (artifact id: '147c71434118784e8bb3b070455c74a1') in 0.006464 seconds 
========================================================================
Received Import Request.
  Time since last request: 0.000016 seconds.
  path: Assets/Pure Poly/Free Low Poly Nature Pack/Prefabs/PP_Mushroom_Fantasy_Orange_10.prefab
  artifactKey: Guid(eae42a57b046b1a42a79ae6319bccca3) Importer(815301076,1909f56bfc062723c751e8b465ee728b)
Start importing Assets/Pure Poly/Free Low Poly Nature Pack/Prefabs/PP_Mushroom_Fantasy_Orange_10.prefab using Guid(eae42a57b046b1a42a79ae6319bccca3) Importer(815301076,1909f56bfc062723c751e8b465ee728b)  -> (artifact id: '3f685ce473d417ced659bb30075991a6') in 0.005656 seconds 
========================================================================
Received Import Request.
  Time since last request: 0.000033 seconds.
  path: Assets/Pure Poly/Free Low Poly Nature Pack/Prefabs/PP_Lake_Ground_04.prefab
  artifactKey: Guid(66072c42e7f38924f90a2ea3e36cc606) Importer(815301076,1909f56bfc062723c751e8b465ee728b)
Start importing Assets/Pure Poly/Free Low Poly Nature Pack/Prefabs/PP_Lake_Ground_04.prefab using Guid(66072c42e7f38924f90a2ea3e36cc606) Importer(815301076,1909f56bfc062723c751e8b465ee728b)  -> (artifact id: '7709b44005a1fe6e5626d49e8a7207ba') in 0.006927 seconds 
========================================================================
Received Import Request.
  Time since last request: 0.000024 seconds.
  path: Assets/Pure Poly/Free Low Poly Nature Pack/Prefabs/PP_Rock_Pile_Forest_Moss_10.prefab
  artifactKey: Guid(c8134dd87be4906419f13922ddc5bf4f) Importer(815301076,1909f56bfc062723c751e8b465ee728b)
Start importing Assets/Pure Poly/Free Low Poly Nature Pack/Prefabs/PP_Rock_Pile_Forest_Moss_10.prefab using Guid(c8134dd87be4906419f13922ddc5bf4f) Importer(815301076,1909f56bfc062723c751e8b465ee728b)  -> (artifact id: 'afd38dacb61dea32ee1aea8cc3841585') in 0.006323 seconds 
========================================================================
Received Import Request.
  Time since last request: 0.000023 seconds.
  path: Assets/Pure Poly/Free Low Poly Nature Pack/Prefabs/PP_Meadow_Path_05.prefab
  artifactKey: Guid(d5b8de414112a004a82d0437b5f7a780) Importer(815301076,1909f56bfc062723c751e8b465ee728b)
Start importing Assets/Pure Poly/Free Low Poly Nature Pack/Prefabs/PP_Meadow_Path_05.prefab using Guid(d5b8de414112a004a82d0437b5f7a780) Importer(815301076,1909f56bfc062723c751e8b465ee728b)  -> (artifact id: '43ca812cb3701b77a09f3905c1d5da4a') in 0.007705 seconds 
========================================================================
Received Import Request.
  Time since last request: 201.029178 seconds.
  path: Assets/WoodsLifestyle/Prefabs/Buildings/WaterTower_02.prefab
  artifactKey: Guid(e40605717bf1e7047ac99751212cd9b6) Importer(815301076,1909f56bfc062723c751e8b465ee728b)
Start importing Assets/WoodsLifestyle/Prefabs/Buildings/WaterTower_02.prefab using Guid(e40605717bf1e7047ac99751212cd9b6) Importer(815301076,1909f56bfc062723c751e8b465ee728b)  -> (artifact id: '3055316f4ea721bd1104c113cac72020') in 0.006947 seconds 
========================================================================
Received Import Request.
  Time since last request: 43.470787 seconds.
  path: Assets/WoodsLifestyle/Prefabs/Cabins/Cabin_02.prefab
  artifactKey: Guid(36ebaa25b1c08964b99fdbb5a236580b) Importer(815301076,1909f56bfc062723c751e8b465ee728b)
Start importing Assets/WoodsLifestyle/Prefabs/Cabins/Cabin_02.prefab using Guid(36ebaa25b1c08964b99fdbb5a236580b) Importer(815301076,1909f56bfc062723c751e8b465ee728b)  -> (artifact id: 'db98c7431bda9849a71482bbd8abde84') in 0.007619 seconds 
========================================================================
Received Import Request.
  Time since last request: 108.515402 seconds.
  path: Assets/WoodsLifestyle/Prefabs/Miscellaneous/CampFire_02.prefab
  artifactKey: Guid(43a5797f593865e43babe6221167d9e0) Importer(815301076,1909f56bfc062723c751e8b465ee728b)
Start importing Assets/WoodsLifestyle/Prefabs/Miscellaneous/CampFire_02.prefab using Guid(43a5797f593865e43babe6221167d9e0) Importer(815301076,1909f56bfc062723c751e8b465ee728b)  -> (artifact id: '8e22b97562a434c601817a53216c67a8') in 0.008185 seconds 
========================================================================
Received Import Request.
  Time since last request: 0.000017 seconds.
  path: Assets/WoodsLifestyle/Prefabs/Miscellaneous/LogStand_01.prefab
  artifactKey: Guid(36bf28885c1f8d14f8ffeee2151e5048) Importer(815301076,1909f56bfc062723c751e8b465ee728b)
Start importing Assets/WoodsLifestyle/Prefabs/Miscellaneous/LogStand_01.prefab using Guid(36bf28885c1f8d14f8ffeee2151e5048) Importer(815301076,1909f56bfc062723c751e8b465ee728b)  -> (artifact id: '352875255f8f3cdabb2ad639c0ea8b84') in 0.008705 seconds 
========================================================================
Received Import Request.
  Time since last request: 0.000020 seconds.
  path: Assets/WoodsLifestyle/Prefabs/Miscellaneous/LogStand_02.prefab
  artifactKey: Guid(b69a22ef4ee880c49b88bf26529c0d19) Importer(815301076,1909f56bfc062723c751e8b465ee728b)
Start importing Assets/WoodsLifestyle/Prefabs/Miscellaneous/LogStand_02.prefab using Guid(b69a22ef4ee880c49b88bf26529c0d19) Importer(815301076,1909f56bfc062723c751e8b465ee728b)  -> (artifact id: 'b59d09e725df0777d5d87b29892ee083') in 0.025985 seconds 
========================================================================
Received Import Request.
  Time since last request: 1104.544128 seconds.
  path: Assets/EmaceArt_LavaPlant/Material/EA_Lava_water.mat
  artifactKey: Guid(4c647d1fb76df084a87cb66050040bf0) Importer(815301076,1909f56bfc062723c751e8b465ee728b)
Start importing Assets/EmaceArt_LavaPlant/Material/EA_Lava_water.mat using Guid(4c647d1fb76df084a87cb66050040bf0) Importer(815301076,1909f56bfc062723c751e8b465ee728b)  -> (artifact id: '639677d4692c9ea9a505221b64afa0c7') in 0.034151 seconds 
========================================================================
Received Import Request.
  Time since last request: 0.000021 seconds.
  path: Assets/EmaceArt_LavaPlant/Material/EA_Main.mat
  artifactKey: Guid(206182d338e90fb47af42c620ec448c1) Importer(815301076,1909f56bfc062723c751e8b465ee728b)
Start importing Assets/EmaceArt_LavaPlant/Material/EA_Main.mat using Guid(206182d338e90fb47af42c620ec448c1) Importer(815301076,1909f56bfc062723c751e8b465ee728b)  -> (artifact id: '27fb6fe7e2928f82f690bcb6ae583d99') in 0.052138 seconds 
========================================================================
Received Import Request.
  Time since last request: 1.093254 seconds.
  path: Assets/EmaceArt_LavaPlant/Meshes/EA_Clif_01b.fbx
  artifactKey: Guid(38a508839fd74d74eb171c31a4a7e0b9) Importer(815301076,1909f56bfc062723c751e8b465ee728b)
Start importing Assets/EmaceArt_LavaPlant/Meshes/EA_Clif_01b.fbx using Guid(38a508839fd74d74eb171c31a4a7e0b9) Importer(815301076,1909f56bfc062723c751e8b465ee728b)  -> (artifact id: '0a695e316f3e7dd06d1bdb8401bee011') in 0.025931 seconds 
========================================================================
Received Import Request.
  Time since last request: 0.000017 seconds.
  path: Assets/EmaceArt_LavaPlant/Meshes/EA_Fruit_01c.fbx
  artifactKey: Guid(41d8439ab560bf14b9db4ffc0e0ca637) Importer(815301076,1909f56bfc062723c751e8b465ee728b)
Start importing Assets/EmaceArt_LavaPlant/Meshes/EA_Fruit_01c.fbx using Guid(41d8439ab560bf14b9db4ffc0e0ca637) Importer(815301076,1909f56bfc062723c751e8b465ee728b)  -> (artifact id: '2c9a2afa39733222e44d16df3706438b') in 0.031165 seconds 
========================================================================
Received Import Request.
  Time since last request: 0.000018 seconds.
  path: Assets/EmaceArt_LavaPlant/Meshes/EA_Plant_01c.fbx
  artifactKey: Guid(64eead7f0ab7dc141bea9578a4156bc8) Importer(815301076,1909f56bfc062723c751e8b465ee728b)
Start importing Assets/EmaceArt_LavaPlant/Meshes/EA_Plant_01c.fbx using Guid(64eead7f0ab7dc141bea9578a4156bc8) Importer(815301076,1909f56bfc062723c751e8b465ee728b)  -> (artifact id: 'faf091539e45bb5aafa648d7968027cd') in 0.027265 seconds 
========================================================================
Received Import Request.
  Time since last request: 0.000018 seconds.
  path: Assets/EmaceArt_LavaPlant/Meshes/Rocks_01a.fbx
  artifactKey: Guid(58560f56c694fde478ac5ff42c1d4dfe) Importer(815301076,1909f56bfc062723c751e8b465ee728b)
Start importing Assets/EmaceArt_LavaPlant/Meshes/Rocks_01a.fbx using Guid(58560f56c694fde478ac5ff42c1d4dfe) Importer(815301076,1909f56bfc062723c751e8b465ee728b)  -> (artifact id: '798b1953e762613fb287f6c59186d29c') in 0.035565 seconds 
========================================================================
Received Import Request.
  Time since last request: 0.000031 seconds.
  path: Assets/EmaceArt_LavaPlant/Meshes/EA_Fruit_01b.fbx
  artifactKey: Guid(e095e57bf6dd14e49be2112e23c5b791) Importer(815301076,1909f56bfc062723c751e8b465ee728b)
Start importing Assets/EmaceArt_LavaPlant/Meshes/EA_Fruit_01b.fbx using Guid(e095e57bf6dd14e49be2112e23c5b791) Importer(815301076,1909f56bfc062723c751e8b465ee728b)  -> (artifact id: '846bcdd040dfab2fbbff6f640717ab8e') in 0.043382 seconds 
========================================================================
Received Import Request.
  Time since last request: 0.000045 seconds.
  path: Assets/EmaceArt_LavaPlant/Meshes/EA_Clif_01d.fbx
  artifactKey: Guid(12c4255785e41df419d9053801061cb8) Importer(815301076,1909f56bfc062723c751e8b465ee728b)
Start importing Assets/EmaceArt_LavaPlant/Meshes/EA_Clif_01d.fbx using Guid(12c4255785e41df419d9053801061cb8) Importer(815301076,1909f56bfc062723c751e8b465ee728b)  -> (artifact id: '4db91a604dc0c6fbd460880b864110c1') in 0.038435 seconds 
========================================================================
Received Import Request.
  Time since last request: 0.000031 seconds.
  path: Assets/EmaceArt_LavaPlant/Meshes/Rocks_01c.fbx
  artifactKey: Guid(c9f229390f373e048a5ebc1aaea6568e) Importer(815301076,1909f56bfc062723c751e8b465ee728b)
Start importing Assets/EmaceArt_LavaPlant/Meshes/Rocks_01c.fbx using Guid(c9f229390f373e048a5ebc1aaea6568e) Importer(815301076,1909f56bfc062723c751e8b465ee728b)  -> (artifact id: '993eb36922e580b124362ef588177c6e') in 0.041742 seconds 
========================================================================
Received Import Request.
  Time since last request: 0.000025 seconds.
  path: Assets/EmaceArt_LavaPlant/Meshes/EA_Puddle_01b.fbx
  artifactKey: Guid(6a00f3128e8a1a5418263ff039783611) Importer(815301076,1909f56bfc062723c751e8b465ee728b)
Start importing Assets/EmaceArt_LavaPlant/Meshes/EA_Puddle_01b.fbx using Guid(6a00f3128e8a1a5418263ff039783611) Importer(815301076,1909f56bfc062723c751e8b465ee728b)  -> (artifact id: '913744e838536db8901eb8a355b32452') in 0.022913 seconds 
========================================================================
Received Import Request.
  Time since last request: 0.000027 seconds.
  path: Assets/EmaceArt_LavaPlant/Meshes/EA_Plant_01b.fbx
  artifactKey: Guid(f31cbe69df46fe4479954bfa8907357c) Importer(815301076,1909f56bfc062723c751e8b465ee728b)
Start importing Assets/EmaceArt_LavaPlant/Meshes/EA_Plant_01b.fbx using Guid(f31cbe69df46fe4479954bfa8907357c) Importer(815301076,1909f56bfc062723c751e8b465ee728b)  -> (artifact id: 'bffb83f5cfd6a287b76377db54398aa6') in 0.014478 seconds 
========================================================================
Received Import Request.
  Time since last request: 0.000025 seconds.
  path: Assets/EmaceArt_LavaPlant/Meshes/EA_Puddle_01c.fbx
  artifactKey: Guid(9e79408fc5f6ec04caa4ce46f3d5baa9) Importer(815301076,1909f56bfc062723c751e8b465ee728b)
Start importing Assets/EmaceArt_LavaPlant/Meshes/EA_Puddle_01c.fbx using Guid(9e79408fc5f6ec04caa4ce46f3d5baa9) Importer(815301076,1909f56bfc062723c751e8b465ee728b)  -> (artifact id: '27b8732586b617c878f6f943d1a60a18') in 0.015406 seconds 
========================================================================
Received Import Request.
  Time since last request: 0.000023 seconds.
  path: Assets/EmaceArt_LavaPlant/Meshes/EA_Plant_01d.fbx
  artifactKey: Guid(5f382bd364971194d97219e1795a1c8b) Importer(815301076,1909f56bfc062723c751e8b465ee728b)
Start importing Assets/EmaceArt_LavaPlant/Meshes/EA_Plant_01d.fbx using Guid(5f382bd364971194d97219e1795a1c8b) Importer(815301076,1909f56bfc062723c751e8b465ee728b)  -> (artifact id: 'ba020a88edf6d4088819096e43e0348f') in 0.015444 seconds 
========================================================================
Received Import Request.
  Time since last request: 5.503736 seconds.
  path: Assets/EmaceArt_LavaPlant/Prefabs/EA_Clif_01b_Default.prefab
  artifactKey: Guid(d68da814d53d5a842a743c1699c6617c) Importer(815301076,1909f56bfc062723c751e8b465ee728b)
Start importing Assets/EmaceArt_LavaPlant/Prefabs/EA_Clif_01b_Default.prefab using Guid(d68da814d53d5a842a743c1699c6617c) Importer(815301076,1909f56bfc062723c751e8b465ee728b)  -> (artifact id: '428da3bbb272ccde14e3218e0a955805') in 0.008531 seconds 
========================================================================
Received Import Request.
  Time since last request: 0.000018 seconds.
  path: Assets/EmaceArt_LavaPlant/Prefabs/EA_Fruit_01c_Default.prefab
  artifactKey: Guid(abecd295c424d6a4ebfed5ebfb35a157) Importer(815301076,1909f56bfc062723c751e8b465ee728b)
Start importing Assets/EmaceArt_LavaPlant/Prefabs/EA_Fruit_01c_Default.prefab using Guid(abecd295c424d6a4ebfed5ebfb35a157) Importer(815301076,1909f56bfc062723c751e8b465ee728b)  -> (artifact id: '2849e8d697d85a129f1285f5eff0b69f') in 0.014249 seconds 
========================================================================
Received Import Request.
  Time since last request: 0.000019 seconds.
  path: Assets/EmaceArt_LavaPlant/Prefabs/EA_Fruit_01a_Default.prefab
  artifactKey: Guid(bef3b77a398cd4848ae57a0c51bd1b55) Importer(815301076,1909f56bfc062723c751e8b465ee728b)
Start importing Assets/EmaceArt_LavaPlant/Prefabs/EA_Fruit_01a_Default.prefab using Guid(bef3b77a398cd4848ae57a0c51bd1b55) Importer(815301076,1909f56bfc062723c751e8b465ee728b)  -> (artifact id: '8d26bad14f3caa1f61f6ecc323010fc7') in 0.035704 seconds 
========================================================================
Received Import Request.
  Time since last request: 0.000024 seconds.
  path: Assets/EmaceArt_LavaPlant/Prefabs/Rocks_01b_Default.prefab
  artifactKey: Guid(bf5bd3234c9a24b4796031e2f39ee518) Importer(815301076,1909f56bfc062723c751e8b465ee728b)
Start importing Assets/EmaceArt_LavaPlant/Prefabs/Rocks_01b_Default.prefab using Guid(bf5bd3234c9a24b4796031e2f39ee518) Importer(815301076,1909f56bfc062723c751e8b465ee728b)  -> (artifact id: '3f12bbe68fc788ac4d11034a914cea38') in 0.009849 seconds 
========================================================================
Received Import Request.
  Time since last request: 0.000028 seconds.
  path: Assets/EmaceArt_LavaPlant/Prefabs/Rocks_01a_Default.prefab
  artifactKey: Guid(2f4bc0193724cd943921d722c237e387) Importer(815301076,1909f56bfc062723c751e8b465ee728b)
Start importing Assets/EmaceArt_LavaPlant/Prefabs/Rocks_01a_Default.prefab using Guid(2f4bc0193724cd943921d722c237e387) Importer(815301076,1909f56bfc062723c751e8b465ee728b)  -> (artifact id: '0debd969b4cfe515f3d89c7a963e72e2') in 0.137809 seconds 
========================================================================
Received Import Request.
  Time since last request: 0.000028 seconds.
  path: Assets/EmaceArt_LavaPlant/Prefabs/EA_Plant_01e_Default.prefab
  artifactKey: Guid(88a6c31095668d046b2d8f8c8101c845) Importer(815301076,1909f56bfc062723c751e8b465ee728b)
Start importing Assets/EmaceArt_LavaPlant/Prefabs/EA_Plant_01e_Default.prefab using Guid(88a6c31095668d046b2d8f8c8101c845) Importer(815301076,1909f56bfc062723c751e8b465ee728b)  -> (artifact id: '4fac60933fe5386782d905ad0c1a703c') in 0.016780 seconds 
========================================================================
Received Import Request.
  Time since last request: 0.000029 seconds.
  path: Assets/EmaceArt_LavaPlant/Prefabs/EA_Fruit_01b_Default.prefab
  artifactKey: Guid(9384a9cf18e2a574186830c72b490a9c) Importer(815301076,1909f56bfc062723c751e8b465ee728b)
Start importing Assets/EmaceArt_LavaPlant/Prefabs/EA_Fruit_01b_Default.prefab using Guid(9384a9cf18e2a574186830c72b490a9c) Importer(815301076,1909f56bfc062723c751e8b465ee728b)  -> (artifact id: '5134f3e5b1893bebc4278f3bc5c55e1d') in 0.006411 seconds 
========================================================================
Received Import Request.
  Time since last request: 0.000027 seconds.
  path: Assets/EmaceArt_LavaPlant/Prefabs/EA_Plant_01d_Default.prefab
  artifactKey: Guid(c79a2f29d708c6d4dad6515d25151177) Importer(815301076,1909f56bfc062723c751e8b465ee728b)
Start importing Assets/EmaceArt_LavaPlant/Prefabs/EA_Plant_01d_Default.prefab using Guid(c79a2f29d708c6d4dad6515d25151177) Importer(815301076,1909f56bfc062723c751e8b465ee728b)  -> (artifact id: '88452d3e3f085eab5a3b119ec36785b0') in 0.009752 seconds 
========================================================================
Received Import Request.
  Time since last request: 29.356862 seconds.
  path: Assets/EmaceArt_LavaPlant/Skybox/SkyBox/Sky_0_Front+Z.png
  artifactKey: Guid(70797ab05989b4fb295f60eaf537cd3a) Importer(815301076,1909f56bfc062723c751e8b465ee728b)
Start importing Assets/EmaceArt_LavaPlant/Skybox/SkyBox/Sky_0_Front+Z.png using Guid(70797ab05989b4fb295f60eaf537cd3a) Importer(815301076,1909f56bfc062723c751e8b465ee728b)  -> (artifact id: '701e8965e75a2b20dde66cf58366da45') in 0.030224 seconds 
========================================================================
Received Import Request.
  Time since last request: 0.000044 seconds.
  path: Assets/EmaceArt_LavaPlant/Skybox/SkyBox/Sky_3_Right-X.png
  artifactKey: Guid(ad1066355bbf24261a04760a57add9b0) Importer(815301076,1909f56bfc062723c751e8b465ee728b)
Start importing Assets/EmaceArt_LavaPlant/Skybox/SkyBox/Sky_3_Right-X.png using Guid(ad1066355bbf24261a04760a57add9b0) Importer(815301076,1909f56bfc062723c751e8b465ee728b)  -> (artifact id: '6de3a29f3aaf036a4980c1e05cf96da1') in 0.030416 seconds 
========================================================================
Received Import Request.
  Time since last request: 0.000027 seconds.
  path: Assets/EmaceArt_LavaPlant/Skybox/SkyBox/Sky_Up+Y.png
  artifactKey: Guid(4b733fcd5d5b54a4d8f2dff5482e0126) Importer(815301076,1909f56bfc062723c751e8b465ee728b)
Start importing Assets/EmaceArt_LavaPlant/Skybox/SkyBox/Sky_Up+Y.png using Guid(4b733fcd5d5b54a4d8f2dff5482e0126) Importer(815301076,1909f56bfc062723c751e8b465ee728b)  -> (artifact id: 'c6a0942a7d65da9402365faf577827f6') in 0.017112 seconds 
Editor requested this worker to shutdown with reason: Scaling down because of idle timeout
AssetImportWorker is now disconnected from the server
Process exiting
Exiting without the bug reporter. Application will terminate with return code 0