Using pre-set license
Built from '2021.3/staging' branch; Version is '2021.3.26f1 (a16dc32e0ff2) revision 10579395'; Using compiler version '192829333'; Build Type 'Release'
OS: 'Windows 10  (10.0.19044) 64bit Professional' Language: 'ru' Physical Memory: 24277 MB
BatchMode: 1, IsHumanControllingUs: 0, StartBugReporterOnCrash: 0, Is64bit: 1, IsPro: 1

COMMAND LINE ARGUMENTS:
D:\Unity 2021.3.8.f1\Editor\2021.3.26f1\Editor\Unity.exe
-adb2
-batchMode
-noUpm
-name
AssetImportWorker4
-projectPath
D:/My project
-logFile
Logs/AssetImportWorker4.log
-srvPort
49305
Successfully changed project path to: D:/My project
D:/My project
[UnityMemory] Configuration Parameters - Can be set up in boot.config
    "memorysetup-bucket-allocator-granularity=16"
    "memorysetup-bucket-allocator-bucket-count=8"
    "memorysetup-bucket-allocator-block-size=33554432"
    "memorysetup-bucket-allocator-block-count=8"
    "memorysetup-main-allocator-block-size=16777216"
    "memorysetup-thread-allocator-block-size=16777216"
    "memorysetup-gfx-main-allocator-block-size=16777216"
    "memorysetup-gfx-thread-allocator-block-size=16777216"
    "memorysetup-cache-allocator-block-size=4194304"
    "memorysetup-typetree-allocator-block-size=2097152"
    "memorysetup-profiler-bucket-allocator-granularity=16"
    "memorysetup-profiler-bucket-allocator-bucket-count=8"
    "memorysetup-profiler-bucket-allocator-block-size=33554432"
    "memorysetup-profiler-bucket-allocator-block-count=8"
    "memorysetup-profiler-allocator-block-size=16777216"
    "memorysetup-profiler-editor-allocator-block-size=1048576"
    "memorysetup-temp-allocator-size-main=16777216"
    "memorysetup-job-temp-allocator-block-size=2097152"
    "memorysetup-job-temp-allocator-block-size-background=1048576"
    "memorysetup-job-temp-allocator-reduction-small-platforms=262144"
    "memorysetup-temp-allocator-size-background-worker=32768"
    "memorysetup-temp-allocator-size-job-worker=262144"
    "memorysetup-temp-allocator-size-preload-manager=33554432"
    "memorysetup-temp-allocator-size-nav-mesh-worker=65536"
    "memorysetup-temp-allocator-size-audio-worker=65536"
    "memorysetup-temp-allocator-size-cloud-worker=32768"
    "memorysetup-temp-allocator-size-gi-baking-worker=262144"
    "memorysetup-temp-allocator-size-gfx=262144"
Player connection [12852] Host "[IP] 192.168.0.11 [Port] 0 [Flags] 2 [Guid] 4150703204 [EditorId] 4150703204 [Version] 1048832 [Id] WindowsEditor(7,DESKTOP-G2LRSFP) [Debug] 1 [PackageName] WindowsEditor [ProjectName] Editor" joined multi-casting on [225.0.0.222:54997]...

Player connection [12852] Host "[IP] 192.168.0.11 [Port] 0 [Flags] 2 [Guid] 4150703204 [EditorId] 4150703204 [Version] 1048832 [Id] WindowsEditor(7,DESKTOP-G2LRSFP) [Debug] 1 [PackageName] WindowsEditor [ProjectName] Editor" joined alternative multi-casting on [225.0.0.222:34997]...

Refreshing native plugins compatible for Editor in 57.85 ms, found 3 plugins.
Preloading 0 native plugins for Editor in 0.00 ms.
Initialize engine version: 2021.3.26f1 (a16dc32e0ff2)
[Subsystems] Discovering subsystems at path D:/Unity 2021.3.8.f1/Editor/2021.3.26f1/Editor/Data/Resources/UnitySubsystems
[Subsystems] Discovering subsystems at path D:/My project/Assets
GfxDevice: creating device client; threaded=0; jobified=0
Direct3D:
    Version:  Direct3D 11.0 [level 11.1]
    Renderer: NVIDIA GeForce RTX 3050 Laptop GPU (ID=0x25a2)
    Vendor:   NVIDIA
    VRAM:     3977 MB
    Driver:   31.0.15.3758
Initialize mono
Mono path[0] = 'D:/Unity 2021.3.8.f1/Editor/2021.3.26f1/Editor/Data/Managed'
Mono path[1] = 'D:/Unity 2021.3.8.f1/Editor/2021.3.26f1/Editor/Data/MonoBleedingEdge/lib/mono/unityjit-win32'
Mono config path = 'D:/Unity 2021.3.8.f1/Editor/2021.3.26f1/Editor/Data/MonoBleedingEdge/etc'
Using monoOptions --debugger-agent=transport=dt_socket,embedding=1,server=y,suspend=n,address=127.0.0.1:56844
Begin MonoManager ReloadAssembly
Registering precompiled unity dll's ...
Register platform support module: D:/Unity 2021.3.8.f1/Editor/2021.3.26f1/Editor/Data/PlaybackEngines/WindowsStandaloneSupport/UnityEditor.WindowsStandalone.Extensions.dll
Registered in 0.002288 seconds.
Native extension for WindowsStandalone target not found
Refreshing native plugins compatible for Editor in 68.26 ms, found 3 plugins.
Preloading 0 native plugins for Editor in 0.00 ms.
Mono: successfully reloaded assembly
- Completed reload, in  0.530 seconds
Domain Reload Profiling:
	ReloadAssembly (530ms)
		BeginReloadAssembly (66ms)
			ExecutionOrderSort (0ms)
			DisableScriptedObjects (0ms)
			BackupInstance (0ms)
			ReleaseScriptingObjects (0ms)
			CreateAndSetChildDomain (1ms)
		EndReloadAssembly (383ms)
			LoadAssemblies (65ms)
			RebuildTransferFunctionScriptingTraits (0ms)
			SetupTypeCache (94ms)
			ReleaseScriptCaches (0ms)
			RebuildScriptCaches (25ms)
			SetupLoadedEditorAssemblies (221ms)
				LogAssemblyErrors (0ms)
				InitializePlatformSupportModulesInManaged (6ms)
				SetLoadedEditorAssemblies (0ms)
				RefreshPlugins (68ms)
				BeforeProcessingInitializeOnLoad (2ms)
				ProcessInitializeOnLoadAttributes (106ms)
				ProcessInitializeOnLoadMethodAttributes (39ms)
				AfterProcessingInitializeOnLoad (0ms)
				EditorAssembliesLoaded (0ms)
			ExecutionOrderSort2 (0ms)
			AwakeInstancesAfterBackupRestoration (0ms)
Platform modules already initialized, skipping
Registering precompiled user dll's ...
Registered in 0.001952 seconds.
Begin MonoManager ReloadAssembly
Symbol file LoadedFromMemory doesn't match image D:\My project\Library\PackageCache\com.unity.visualscripting@1.8.0\Editor\VisualScripting.Core\Dependencies\YamlDotNet\Unity.VisualScripting.YamlDotNet.dll
Symbol file LoadedFromMemory doesn't match image D:\My project\Library\PackageCache\com.unity.visualscripting@1.8.0\Editor\VisualScripting.Core\Dependencies\DotNetZip\Unity.VisualScripting.IonicZip.dll
Native extension for WindowsStandalone target not found
Refreshing native plugins compatible for Editor in 0.60 ms, found 3 plugins.
Preloading 0 native plugins for Editor in 0.00 ms.
Mono: successfully reloaded assembly
- Completed reload, in  0.811 seconds
Domain Reload Profiling:
	ReloadAssembly (812ms)
		BeginReloadAssembly (92ms)
			ExecutionOrderSort (0ms)
			DisableScriptedObjects (5ms)
			BackupInstance (0ms)
			ReleaseScriptingObjects (0ms)
			CreateAndSetChildDomain (17ms)
		EndReloadAssembly (635ms)
			LoadAssemblies (58ms)
			RebuildTransferFunctionScriptingTraits (0ms)
			SetupTypeCache (224ms)
			ReleaseScriptCaches (1ms)
			RebuildScriptCaches (38ms)
			SetupLoadedEditorAssemblies (283ms)
				LogAssemblyErrors (0ms)
				InitializePlatformSupportModulesInManaged (4ms)
				SetLoadedEditorAssemblies (0ms)
				RefreshPlugins (1ms)
				BeforeProcessingInitializeOnLoad (63ms)
				ProcessInitializeOnLoadAttributes (195ms)
				ProcessInitializeOnLoadMethodAttributes (18ms)
				AfterProcessingInitializeOnLoad (2ms)
				EditorAssembliesLoaded (0ms)
			ExecutionOrderSort2 (0ms)
			AwakeInstancesAfterBackupRestoration (5ms)
Platform modules already initialized, skipping
========================================================================
Worker process is ready to serve import requests
Launched and connected shader compiler UnityShaderCompiler.exe after 0.03 seconds
Refreshing native plugins compatible for Editor in 0.53 ms, found 3 plugins.
Preloading 0 native plugins for Editor in 0.00 ms.
Unloading 3051 Unused Serialized files (Serialized files now loaded: 0)
Unloading 22 unused Assets / (56.2 KB). Loaded Objects now: 3527.
Memory consumption went from 120.2 MB to 120.1 MB.
Total: 2.985400 ms (FindLiveObjects: 0.238100 ms CreateObjectMapping: 0.107600 ms MarkObjects: 2.562600 ms  DeleteObjects: 0.076400 ms)

AssetImportParameters requested are different than current active one (requested -> active):
  custom:video-decoder-ogg-theora: a1e56fd34408186e4bbccfd4996cb3dc -> 
  custom:container-muxer-webm: aa71ff27fc2769a1b78a27578f13a17b -> 
  custom:container-demuxer-webm: 4f35f7cbe854078d1ac9338744f61a02 -> 
  custom:video-encoder-webm-vp8: eb34c28f22e8b96e1ab97ce403110664 -> 
  custom:audio-encoder-webm-vorbis: bf7c407c2cedff20999df2af8eb42d56 -> 
  custom:framework-win-MediaFoundation: 216162199b28c13a410421893ffa2e32 -> 
  custom:container-demuxer-ogg: 62fdf1f143b41e24485cea50d1cbac27 -> 
  custom:video-decoder-webm-vp8: 9c59270c3fd7afecdb556c50c9e8de78 -> 
  custom:audio-decoder-ogg-vorbis: bf7c407c2cedff20999df2af8eb42d56 -> 
========================================================================
Received Prepare
Registering precompiled user dll's ...
Registered in 0.001940 seconds.
Begin MonoManager ReloadAssembly
Symbol file LoadedFromMemory doesn't match image D:\My project\Library\PackageCache\com.unity.visualscripting@1.8.0\Editor\VisualScripting.Core\Dependencies\YamlDotNet\Unity.VisualScripting.YamlDotNet.dll
Symbol file LoadedFromMemory doesn't match image D:\My project\Library\PackageCache\com.unity.visualscripting@1.8.0\Editor\VisualScripting.Core\Dependencies\DotNetZip\Unity.VisualScripting.IonicZip.dll
Native extension for WindowsStandalone target not found
Refreshing native plugins compatible for Editor in 0.86 ms, found 3 plugins.
Preloading 0 native plugins for Editor in 0.00 ms.
Mono: successfully reloaded assembly
- Completed reload, in  0.985 seconds
Domain Reload Profiling:
	ReloadAssembly (986ms)
		BeginReloadAssembly (133ms)
			ExecutionOrderSort (0ms)
			DisableScriptedObjects (5ms)
			BackupInstance (0ms)
			ReleaseScriptingObjects (0ms)
			CreateAndSetChildDomain (36ms)
		EndReloadAssembly (764ms)
			LoadAssemblies (75ms)
			RebuildTransferFunctionScriptingTraits (0ms)
			SetupTypeCache (281ms)
			ReleaseScriptCaches (2ms)
			RebuildScriptCaches (38ms)
			SetupLoadedEditorAssemblies (326ms)
				LogAssemblyErrors (0ms)
				InitializePlatformSupportModulesInManaged (6ms)
				SetLoadedEditorAssemblies (1ms)
				RefreshPlugins (1ms)
				BeforeProcessingInitializeOnLoad (62ms)
				ProcessInitializeOnLoadAttributes (230ms)
				ProcessInitializeOnLoadMethodAttributes (23ms)
				AfterProcessingInitializeOnLoad (3ms)
				EditorAssembliesLoaded (0ms)
			ExecutionOrderSort2 (0ms)
			AwakeInstancesAfterBackupRestoration (7ms)
Platform modules already initialized, skipping
Refreshing native plugins compatible for Editor in 1.49 ms, found 3 plugins.
Preloading 0 native plugins for Editor in 0.00 ms.
Unloading 3044 Unused Serialized files (Serialized files now loaded: 0)
Unloading 15 unused Assets / (24.7 KB). Loaded Objects now: 3530.
Memory consumption went from 119.8 MB to 119.8 MB.
Total: 2.874600 ms (FindLiveObjects: 0.283500 ms CreateObjectMapping: 0.104300 ms MarkObjects: 2.460800 ms  DeleteObjects: 0.024900 ms)

AssetImportParameters requested are different than current active one (requested -> active):
  custom:video-decoder-ogg-theora: a1e56fd34408186e4bbccfd4996cb3dc -> 
  custom:container-muxer-webm: aa71ff27fc2769a1b78a27578f13a17b -> 
  custom:container-demuxer-webm: 4f35f7cbe854078d1ac9338744f61a02 -> 
  custom:video-encoder-webm-vp8: eb34c28f22e8b96e1ab97ce403110664 -> 
  custom:audio-encoder-webm-vorbis: bf7c407c2cedff20999df2af8eb42d56 -> 
  custom:framework-win-MediaFoundation: 216162199b28c13a410421893ffa2e32 -> 
  custom:container-demuxer-ogg: 62fdf1f143b41e24485cea50d1cbac27 -> 
  custom:video-decoder-webm-vp8: 9c59270c3fd7afecdb556c50c9e8de78 -> 
  custom:audio-decoder-ogg-vorbis: bf7c407c2cedff20999df2af8eb42d56 -> 
========================================================================
Received Import Request.
  Time since last request: 9599.489177 seconds.
  path: Assets/Low Poly Environment Starter Kit/Prefabs/HDRP/Terrains/Canyon.prefab
  artifactKey: Guid(8a93137e6cda79845a780287a073a186) Importer(815301076,1909f56bfc062723c751e8b465ee728b)
Start importing Assets/Low Poly Environment Starter Kit/Prefabs/HDRP/Terrains/Canyon.prefab using Guid(8a93137e6cda79845a780287a073a186) Importer(815301076,1909f56bfc062723c751e8b465ee728b)  -> (artifact id: '13d2c79faea3732957fb4e880788bcb3') in 0.114674 seconds 
========================================================================
Received Import Request.
  Time since last request: 0.000026 seconds.
  path: Assets/Low Poly Environment Starter Kit/Prefabs/HDRP/Terrains/Forest.prefab
  artifactKey: Guid(fd2c1ba1082a8e04a889f13c7ed0d4ea) Importer(815301076,1909f56bfc062723c751e8b465ee728b)
Start importing Assets/Low Poly Environment Starter Kit/Prefabs/HDRP/Terrains/Forest.prefab using Guid(fd2c1ba1082a8e04a889f13c7ed0d4ea) Importer(815301076,1909f56bfc062723c751e8b465ee728b)  -> (artifact id: '9e892ae10f910c22ec14e941c8da9b14') in 0.048807 seconds 
========================================================================
Received Import Request.
  Time since last request: 0.000025 seconds.
  path: Assets/Low Poly Environment Starter Kit/Prefabs/HDRP/Terrains/Mountain 2.prefab
  artifactKey: Guid(e22c4e3d6b5c63b408d516ca348a5e97) Importer(815301076,1909f56bfc062723c751e8b465ee728b)
Start importing Assets/Low Poly Environment Starter Kit/Prefabs/HDRP/Terrains/Mountain 2.prefab using Guid(e22c4e3d6b5c63b408d516ca348a5e97) Importer(815301076,1909f56bfc062723c751e8b465ee728b)  -> (artifact id: '915fc7d5cf47ffa10bde6501d5cb3ff6') in 0.033070 seconds 
========================================================================
Received Import Request.
  Time since last request: 1.993025 seconds.
  path: Assets/Low Poly Environment Starter Kit/Prefabs/Standard/Other/Bush 1.prefab
  artifactKey: Guid(af8e7fff1d09a4c4bbc10efbbef7a446) Importer(815301076,1909f56bfc062723c751e8b465ee728b)
Start importing Assets/Low Poly Environment Starter Kit/Prefabs/Standard/Other/Bush 1.prefab using Guid(af8e7fff1d09a4c4bbc10efbbef7a446) Importer(815301076,1909f56bfc062723c751e8b465ee728b)  -> (artifact id: '857334e6d5d0b8badc1fe2dd43fd10fe') in 0.021650 seconds 
========================================================================
Received Import Request.
  Time since last request: 0.000016 seconds.
  path: Assets/Low Poly Environment Starter Kit/Prefabs/Standard/Other/Grass 2.prefab
  artifactKey: Guid(c37df0d209b5c9b4a9020af45615fbc2) Importer(815301076,1909f56bfc062723c751e8b465ee728b)
Start importing Assets/Low Poly Environment Starter Kit/Prefabs/Standard/Other/Grass 2.prefab using Guid(c37df0d209b5c9b4a9020af45615fbc2) Importer(815301076,1909f56bfc062723c751e8b465ee728b)  -> (artifact id: '08abce9e318837ee310d11d0d6ff82fc') in 0.006226 seconds 
========================================================================
Received Import Request.
  Time since last request: 0.000032 seconds.
  path: Assets/Low Poly Environment Starter Kit/Prefabs/Standard/Other/Bush 3.prefab
  artifactKey: Guid(d1c9eee96e188b04a8d4a659abe4c24b) Importer(815301076,1909f56bfc062723c751e8b465ee728b)
Start importing Assets/Low Poly Environment Starter Kit/Prefabs/Standard/Other/Bush 3.prefab using Guid(d1c9eee96e188b04a8d4a659abe4c24b) Importer(815301076,1909f56bfc062723c751e8b465ee728b)  -> (artifact id: '96b4580b0c0fea27bfd6d415554d7563') in 0.006370 seconds 
========================================================================
Received Import Request.
  Time since last request: 0.000021 seconds.
  path: Assets/Low Poly Environment Starter Kit/Prefabs/Standard/Other/Grass 4.prefab
  artifactKey: Guid(ddf0bcc44bc76c14b9b14523db2beb88) Importer(815301076,1909f56bfc062723c751e8b465ee728b)
Start importing Assets/Low Poly Environment Starter Kit/Prefabs/Standard/Other/Grass 4.prefab using Guid(ddf0bcc44bc76c14b9b14523db2beb88) Importer(815301076,1909f56bfc062723c751e8b465ee728b)  -> (artifact id: 'b08599dac782f083bd4a8cf9f3f71a93') in 0.007247 seconds 
========================================================================
Received Import Request.
  Time since last request: 6.640415 seconds.
  path: Assets/Low Poly Environment Starter Kit/Prefabs/URP/Other/Bush 1.prefab
  artifactKey: Guid(e361bee9715c4aa4980bb005ac60d7e9) Importer(815301076,1909f56bfc062723c751e8b465ee728b)
Start importing Assets/Low Poly Environment Starter Kit/Prefabs/URP/Other/Bush 1.prefab using Guid(e361bee9715c4aa4980bb005ac60d7e9) Importer(815301076,1909f56bfc062723c751e8b465ee728b)  -> (artifact id: '6044173014563619181956e4a54f0dde') in 0.005406 seconds 
========================================================================
Received Import Request.
  Time since last request: 0.000018 seconds.
  path: Assets/Low Poly Environment Starter Kit/Prefabs/URP/Other/Grass 1.prefab
  artifactKey: Guid(c87c42a049fe9264587bca3da74325ba) Importer(815301076,1909f56bfc062723c751e8b465ee728b)
Start importing Assets/Low Poly Environment Starter Kit/Prefabs/URP/Other/Grass 1.prefab using Guid(c87c42a049fe9264587bca3da74325ba) Importer(815301076,1909f56bfc062723c751e8b465ee728b)  -> (artifact id: 'dccd23566811402c34d67560d9d728cd') in 0.005989 seconds 
========================================================================
Received Import Request.
  Time since last request: 0.000020 seconds.
  path: Assets/Low Poly Environment Starter Kit/Prefabs/URP/Other/Water.prefab
  artifactKey: Guid(10e3f8414d87676468f2743f674aa8d1) Importer(815301076,1909f56bfc062723c751e8b465ee728b)
Start importing Assets/Low Poly Environment Starter Kit/Prefabs/URP/Other/Water.prefab using Guid(10e3f8414d87676468f2743f674aa8d1) Importer(815301076,1909f56bfc062723c751e8b465ee728b)  -> (artifact id: '7d56f6ec9f58e3e9d57a1e5a17010051') in 0.006010 seconds 
========================================================================
Received Import Request.
  Time since last request: 0.766542 seconds.
  path: Assets/Low Poly Environment Starter Kit/Prefabs/URP/Rocks/Rock 1.prefab
  artifactKey: Guid(393271bfdf2255c439d98faf76cf13e0) Importer(815301076,1909f56bfc062723c751e8b465ee728b)
Start importing Assets/Low Poly Environment Starter Kit/Prefabs/URP/Rocks/Rock 1.prefab using Guid(393271bfdf2255c439d98faf76cf13e0) Importer(815301076,1909f56bfc062723c751e8b465ee728b)  -> (artifact id: '94b6f17cce3196abb513e964fbf27844') in 0.006514 seconds 
========================================================================
Received Import Request.
  Time since last request: 0.000017 seconds.
  path: Assets/Low Poly Environment Starter Kit/Prefabs/URP/Rocks/Rock 5.prefab
  artifactKey: Guid(b0af5191633fdd346a14b66abe9748f2) Importer(815301076,1909f56bfc062723c751e8b465ee728b)
Start importing Assets/Low Poly Environment Starter Kit/Prefabs/URP/Rocks/Rock 5.prefab using Guid(b0af5191633fdd346a14b66abe9748f2) Importer(815301076,1909f56bfc062723c751e8b465ee728b)  -> (artifact id: '5244af5a0e7a3e486b7045efa73b5f64') in 0.006339 seconds 
========================================================================
Received Import Request.
  Time since last request: 0.000019 seconds.
  path: Assets/Low Poly Environment Starter Kit/Prefabs/URP/Rocks/Rock 4.prefab
  artifactKey: Guid(c033eb3bc0a9def44baaffe74145799b) Importer(815301076,1909f56bfc062723c751e8b465ee728b)
Start importing Assets/Low Poly Environment Starter Kit/Prefabs/URP/Rocks/Rock 4.prefab using Guid(c033eb3bc0a9def44baaffe74145799b) Importer(815301076,1909f56bfc062723c751e8b465ee728b)  -> (artifact id: '18c13d1dcc449e73037c479443b4c584') in 0.006157 seconds 
========================================================================
Received Import Request.
  Time since last request: 0.000024 seconds.
  path: Assets/Low Poly Environment Starter Kit/Prefabs/URP/Rocks/Rock 10.prefab
  artifactKey: Guid(2e0ae76798a79ef4990fbd097827b42e) Importer(815301076,1909f56bfc062723c751e8b465ee728b)
Start importing Assets/Low Poly Environment Starter Kit/Prefabs/URP/Rocks/Rock 10.prefab using Guid(2e0ae76798a79ef4990fbd097827b42e) Importer(815301076,1909f56bfc062723c751e8b465ee728b)  -> (artifact id: '4aa4221fd3a6129ca55db99705b3e01e') in 0.006829 seconds 
========================================================================
Received Import Request.
  Time since last request: 0.000023 seconds.
  path: Assets/Low Poly Environment Starter Kit/Prefabs/URP/Rocks/Rock 12.prefab
  artifactKey: Guid(ed41a6a40091ae14f96a08fbbbda0411) Importer(815301076,1909f56bfc062723c751e8b465ee728b)
Start importing Assets/Low Poly Environment Starter Kit/Prefabs/URP/Rocks/Rock 12.prefab using Guid(ed41a6a40091ae14f96a08fbbbda0411) Importer(815301076,1909f56bfc062723c751e8b465ee728b)  -> (artifact id: '1aaf4d06874462e6666882e45b8d063c') in 0.005810 seconds 
========================================================================
Received Import Request.
  Time since last request: 0.000025 seconds.
  path: Assets/Low Poly Environment Starter Kit/Prefabs/URP/Rocks/Rock 7.prefab
  artifactKey: Guid(d05325e6996e872419019732762eb178) Importer(815301076,1909f56bfc062723c751e8b465ee728b)
Start importing Assets/Low Poly Environment Starter Kit/Prefabs/URP/Rocks/Rock 7.prefab using Guid(d05325e6996e872419019732762eb178) Importer(815301076,1909f56bfc062723c751e8b465ee728b)  -> (artifact id: 'ac47a605348700aa3ccea6b579b4f247') in 0.005612 seconds 
========================================================================
Received Import Request.
  Time since last request: 0.305208 seconds.
  path: Assets/Low Poly Environment Starter Kit/Prefabs/URP/Terrains/Canyon.prefab
  artifactKey: Guid(95ff6f57e8fb08e4c9c38b8580fe83c1) Importer(815301076,1909f56bfc062723c751e8b465ee728b)
Start importing Assets/Low Poly Environment Starter Kit/Prefabs/URP/Terrains/Canyon.prefab using Guid(95ff6f57e8fb08e4c9c38b8580fe83c1) Importer(815301076,1909f56bfc062723c751e8b465ee728b)  -> (artifact id: '2314fed59f0a50ff3fd4654fadc39afd') in 0.007860 seconds 
========================================================================
Received Import Request.
  Time since last request: 0.000030 seconds.
  path: Assets/Low Poly Environment Starter Kit/Prefabs/URP/Terrains/Mountain 1.prefab
  artifactKey: Guid(3dd7d59de8a84b94d842f97035616245) Importer(815301076,1909f56bfc062723c751e8b465ee728b)
Start importing Assets/Low Poly Environment Starter Kit/Prefabs/URP/Terrains/Mountain 1.prefab using Guid(3dd7d59de8a84b94d842f97035616245) Importer(815301076,1909f56bfc062723c751e8b465ee728b)  -> (artifact id: 'b9fbaa6b9675dca15084928b7568d3fc') in 0.006624 seconds 
========================================================================
Received Import Request.
  Time since last request: 0.000044 seconds.
  path: Assets/Low Poly Environment Starter Kit/Prefabs/URP/Terrains/Mountain 2.prefab
  artifactKey: Guid(8528a0df0a1c66c4cbba840cdf73c3c8) Importer(815301076,1909f56bfc062723c751e8b465ee728b)
Start importing Assets/Low Poly Environment Starter Kit/Prefabs/URP/Terrains/Mountain 2.prefab using Guid(8528a0df0a1c66c4cbba840cdf73c3c8) Importer(815301076,1909f56bfc062723c751e8b465ee728b)  -> (artifact id: 'd904fb587d4afca175edcb7b6748170d') in 0.008828 seconds 
========================================================================
Received Import Request.
  Time since last request: 0.295838 seconds.
  path: Assets/Low Poly Environment Starter Kit/Prefabs/URP/Trees/Pine 1.prefab
  artifactKey: Guid(cae27e3850d0c804290a044c9e70d6f0) Importer(815301076,1909f56bfc062723c751e8b465ee728b)
Start importing Assets/Low Poly Environment Starter Kit/Prefabs/URP/Trees/Pine 1.prefab using Guid(cae27e3850d0c804290a044c9e70d6f0) Importer(815301076,1909f56bfc062723c751e8b465ee728b)  -> (artifact id: '722b2d4ce4928c17f2239dd30a88a166') in 0.011801 seconds 
========================================================================
Received Import Request.
  Time since last request: 0.000016 seconds.
  path: Assets/Low Poly Environment Starter Kit/Prefabs/URP/Trees/Tree 1.prefab
  artifactKey: Guid(349b27658057d8b4abd803139815d0d7) Importer(815301076,1909f56bfc062723c751e8b465ee728b)
Start importing Assets/Low Poly Environment Starter Kit/Prefabs/URP/Trees/Tree 1.prefab using Guid(349b27658057d8b4abd803139815d0d7) Importer(815301076,1909f56bfc062723c751e8b465ee728b)  -> (artifact id: 'e0fae47d85102b343c658be166a1e907') in 0.008028 seconds 
========================================================================
Received Import Request.
  Time since last request: 0.000036 seconds.
  path: Assets/Low Poly Environment Starter Kit/Prefabs/URP/Trees/Tree 4.prefab
  artifactKey: Guid(a46bac8e41ea01e418395a141f68a4cb) Importer(815301076,1909f56bfc062723c751e8b465ee728b)
Start importing Assets/Low Poly Environment Starter Kit/Prefabs/URP/Trees/Tree 4.prefab using Guid(a46bac8e41ea01e418395a141f68a4cb) Importer(815301076,1909f56bfc062723c751e8b465ee728b)  -> (artifact id: '4717aa3d3e072e954e85b42aafc1039f') in 0.006778 seconds 
========================================================================
Received Import Request.
  Time since last request: 0.000049 seconds.
  path: Assets/Low Poly Environment Starter Kit/Prefabs/URP/Trees/Tree 5.prefab
  artifactKey: Guid(d6bd4e2c96dcf5648926c8d3b4840170) Importer(815301076,1909f56bfc062723c751e8b465ee728b)
Start importing Assets/Low Poly Environment Starter Kit/Prefabs/URP/Trees/Tree 5.prefab using Guid(d6bd4e2c96dcf5648926c8d3b4840170) Importer(815301076,1909f56bfc062723c751e8b465ee728b)  -> (artifact id: '0d308c0bdb67eff05ef40ee8fcc142c2') in 0.007624 seconds 
========================================================================
Received Import Request.
  Time since last request: 0.000024 seconds.
  path: Assets/Low Poly Environment Starter Kit/Prefabs/URP/Trees/Pine 6.prefab
  artifactKey: Guid(c86c24016cb6fbc499527b258d406f6d) Importer(815301076,1909f56bfc062723c751e8b465ee728b)
Start importing Assets/Low Poly Environment Starter Kit/Prefabs/URP/Trees/Pine 6.prefab using Guid(c86c24016cb6fbc499527b258d406f6d) Importer(815301076,1909f56bfc062723c751e8b465ee728b)  -> (artifact id: 'ff4ffb51c01aae51778470434ea34881') in 0.010398 seconds 
========================================================================
Received Import Request.
  Time since last request: 6.839012 seconds.
  path: Assets/Scenes/SampleScene.unity
  artifactKey: Guid(9fc0d4010bbf28b4594072e72b8655ab) Importer(815301076,1909f56bfc062723c751e8b465ee728b)
Start importing Assets/Scenes/SampleScene.unity using Guid(9fc0d4010bbf28b4594072e72b8655ab) Importer(815301076,1909f56bfc062723c751e8b465ee728b)  -> (artifact id: 'c653762e20f1e1974777ed9b0ffbb08e') in 0.000765 seconds 
========================================================================
Received Import Request.
  Time since last request: 6.621912 seconds.
  path: Assets/Pure Poly/Free Low Poly Nature Pack/Prefabs
  artifactKey: Guid(33d9da17d5975244db32a765fa368621) Importer(815301076,1909f56bfc062723c751e8b465ee728b)
Start importing Assets/Pure Poly/Free Low Poly Nature Pack/Prefabs using Guid(33d9da17d5975244db32a765fa368621) Importer(815301076,1909f56bfc062723c751e8b465ee728b)  -> (artifact id: '93af50ae2f3ed30e8d9b685333b97c14') in 0.000808 seconds 
========================================================================
Received Import Request.
  Time since last request: 0.131903 seconds.
  path: Assets/Pure Poly/Free Low Poly Nature Pack/Prefabs/PP_Birch_Tree_05.prefab
  artifactKey: Guid(2554008d6447a2540b44e55f0c0b576e) Importer(815301076,1909f56bfc062723c751e8b465ee728b)
Start importing Assets/Pure Poly/Free Low Poly Nature Pack/Prefabs/PP_Birch_Tree_05.prefab using Guid(2554008d6447a2540b44e55f0c0b576e) Importer(815301076,1909f56bfc062723c751e8b465ee728b)  -> (artifact id: '490fe27849186bebe83a07b36a4d5cd4') in 0.006511 seconds 
========================================================================
Received Import Request.
  Time since last request: 0.000020 seconds.
  path: Assets/Pure Poly/Free Low Poly Nature Pack/Prefabs/PP_Sunflower_04.prefab
  artifactKey: Guid(18bb023d75a113f4cb8d1452371f5c0e) Importer(815301076,1909f56bfc062723c751e8b465ee728b)
Start importing Assets/Pure Poly/Free Low Poly Nature Pack/Prefabs/PP_Sunflower_04.prefab using Guid(18bb023d75a113f4cb8d1452371f5c0e) Importer(815301076,1909f56bfc062723c751e8b465ee728b)  -> (artifact id: '306c10ca73d644ccef29ff26c898730c') in 0.006413 seconds 
========================================================================
Received Import Request.
  Time since last request: 0.000018 seconds.
  path: Assets/Pure Poly/Free Low Poly Nature Pack/Prefabs/PP_Tree_02.prefab
  artifactKey: Guid(e133dac167ef59c40b7678ba58107c6a) Importer(815301076,1909f56bfc062723c751e8b465ee728b)
Start importing Assets/Pure Poly/Free Low Poly Nature Pack/Prefabs/PP_Tree_02.prefab using Guid(e133dac167ef59c40b7678ba58107c6a) Importer(815301076,1909f56bfc062723c751e8b465ee728b)  -> (artifact id: 'c6c1e7071ade35dc164a3f8d1f8fd207') in 0.006931 seconds 
========================================================================
Received Import Request.
  Time since last request: 0.000032 seconds.
  path: Assets/Pure Poly/Free Low Poly Nature Pack/Prefabs/PP_Grass_15.prefab
  artifactKey: Guid(b8217b9c1183a5144b666d1dd63980c4) Importer(815301076,1909f56bfc062723c751e8b465ee728b)
Start importing Assets/Pure Poly/Free Low Poly Nature Pack/Prefabs/PP_Grass_15.prefab using Guid(b8217b9c1183a5144b666d1dd63980c4) Importer(815301076,1909f56bfc062723c751e8b465ee728b)  -> (artifact id: 'af3223673a1b1cd45b8944e5848ab34a') in 0.006606 seconds 
========================================================================
Received Import Request.
  Time since last request: 0.000020 seconds.
  path: Assets/Pure Poly/Free Low Poly Nature Pack/Prefabs/PP_Rock_Moss_Grown_11.prefab
  artifactKey: Guid(a524090786e7ba545bd5ce3d24c9a3fb) Importer(815301076,1909f56bfc062723c751e8b465ee728b)
Start importing Assets/Pure Poly/Free Low Poly Nature Pack/Prefabs/PP_Rock_Moss_Grown_11.prefab using Guid(a524090786e7ba545bd5ce3d24c9a3fb) Importer(815301076,1909f56bfc062723c751e8b465ee728b)  -> (artifact id: '6f70e1962c650f0231a028508c978bb1') in 0.006294 seconds 
========================================================================
Received Import Request.
  Time since last request: 0.000033 seconds.
  path: Assets/Pure Poly/Free Low Poly Nature Pack/Prefabs/PP_Meadow_08.prefab
  artifactKey: Guid(7baba197ce36c92439b423eabaad3737) Importer(815301076,1909f56bfc062723c751e8b465ee728b)
Start importing Assets/Pure Poly/Free Low Poly Nature Pack/Prefabs/PP_Meadow_08.prefab using Guid(7baba197ce36c92439b423eabaad3737) Importer(815301076,1909f56bfc062723c751e8b465ee728b)  -> (artifact id: '061ca288600efd1e0f573813cdd54973') in 0.006704 seconds 
========================================================================
Received Import Request.
  Time since last request: 0.000023 seconds.
  path: Assets/Pure Poly/Free Low Poly Nature Pack/Prefabs/PP_Mushroom_Fantasy_Purple_08.prefab
  artifactKey: Guid(d3ee913ed32937344b0587e70dc777a2) Importer(815301076,1909f56bfc062723c751e8b465ee728b)
Start importing Assets/Pure Poly/Free Low Poly Nature Pack/Prefabs/PP_Mushroom_Fantasy_Purple_08.prefab using Guid(d3ee913ed32937344b0587e70dc777a2) Importer(815301076,1909f56bfc062723c751e8b465ee728b)  -> (artifact id: 'a6d5abfca2579c4c4e95a9041984e401') in 0.006203 seconds 
========================================================================
Received Import Request.
  Time since last request: 0.000026 seconds.
  path: Assets/Pure Poly/Free Low Poly Nature Pack/Prefabs/PP_Tree_10.prefab
  artifactKey: Guid(273b8f4150121d249ac7e2fd11da7005) Importer(815301076,1909f56bfc062723c751e8b465ee728b)
Start importing Assets/Pure Poly/Free Low Poly Nature Pack/Prefabs/PP_Tree_10.prefab using Guid(273b8f4150121d249ac7e2fd11da7005) Importer(815301076,1909f56bfc062723c751e8b465ee728b)  -> (artifact id: '3e33368e15321865f8a2a854d25cc012') in 0.006926 seconds 
========================================================================
Received Import Request.
  Time since last request: 193.892595 seconds.
  path: Assets/EmaceArt/LowPolyNatureProject - EA04 Tiny Forest Remastered/Prefabs
  artifactKey: Guid(a236a7eb39c2b9f488b27d45109173ce) Importer(815301076,1909f56bfc062723c751e8b465ee728b)
Start importing Assets/EmaceArt/LowPolyNatureProject - EA04 Tiny Forest Remastered/Prefabs using Guid(a236a7eb39c2b9f488b27d45109173ce) Importer(815301076,1909f56bfc062723c751e8b465ee728b)  -> (artifact id: '411098ebf86f20ea713606ab195fbadb') in 0.001020 seconds 
========================================================================
Received Import Request.
  Time since last request: 5.445126 seconds.
  path: Assets/WoodsLifestyle/Prefabs
  artifactKey: Guid(5a284e5eb1daa1c4c9f652baef24cf07) Importer(815301076,1909f56bfc062723c751e8b465ee728b)
Start importing Assets/WoodsLifestyle/Prefabs using Guid(5a284e5eb1daa1c4c9f652baef24cf07) Importer(815301076,1909f56bfc062723c751e8b465ee728b)  -> (artifact id: '30da584c9387798eab1aabbb9bd3e65c') in 0.000614 seconds 
========================================================================
Received Import Request.
  Time since last request: 1.682982 seconds.
  path: Assets/WoodsLifestyle/Prefabs/Buildings/WaterTower_01.prefab
  artifactKey: Guid(2fac3f3aae099724eb165062c6b7d5a1) Importer(815301076,1909f56bfc062723c751e8b465ee728b)
Start importing Assets/WoodsLifestyle/Prefabs/Buildings/WaterTower_01.prefab using Guid(2fac3f3aae099724eb165062c6b7d5a1) Importer(815301076,1909f56bfc062723c751e8b465ee728b)  -> (artifact id: 'ca584cf4853cb9a0dc12f2b350967ab3') in 0.008082 seconds 
========================================================================
Received Import Request.
  Time since last request: 0.000017 seconds.
  path: Assets/WoodsLifestyle/Prefabs/Buildings/WaterTower_03.prefab
  artifactKey: Guid(eaf1593903b058f4b8c4ad1854f67bb4) Importer(815301076,1909f56bfc062723c751e8b465ee728b)
Start importing Assets/WoodsLifestyle/Prefabs/Buildings/WaterTower_03.prefab using Guid(eaf1593903b058f4b8c4ad1854f67bb4) Importer(815301076,1909f56bfc062723c751e8b465ee728b)  -> (artifact id: 'e36e860c42435dd972bc73de400f7692') in 0.006423 seconds 
========================================================================
Received Import Request.
  Time since last request: 43.350801 seconds.
  path: Assets/WoodsLifestyle/Prefabs/Cabins
  artifactKey: Guid(43b6f6d68f0f5ff4f983fd446462918b) Importer(815301076,1909f56bfc062723c751e8b465ee728b)
Start importing Assets/WoodsLifestyle/Prefabs/Cabins using Guid(43b6f6d68f0f5ff4f983fd446462918b) Importer(815301076,1909f56bfc062723c751e8b465ee728b)  -> (artifact id: '4020ff1b7acad4fd7273fb5f32ac9e7c') in 0.000896 seconds 
========================================================================
Received Import Request.
  Time since last request: 0.105321 seconds.
  path: Assets/WoodsLifestyle/Prefabs/Cabins/Cabin_01.prefab
  artifactKey: Guid(a653d3366756c8641befacf512a2be62) Importer(815301076,1909f56bfc062723c751e8b465ee728b)
Start importing Assets/WoodsLifestyle/Prefabs/Cabins/Cabin_01.prefab using Guid(a653d3366756c8641befacf512a2be62) Importer(815301076,1909f56bfc062723c751e8b465ee728b)  -> (artifact id: '67894a59d92912ac7b024ea0fef2799a') in 0.008024 seconds 
========================================================================
Received Import Request.
  Time since last request: 0.000017 seconds.
  path: Assets/WoodsLifestyle/Prefabs/Cabins/Cabin_03.prefab
  artifactKey: Guid(a611ef0d3e2e6bd4d8d7aa5deeedec15) Importer(815301076,1909f56bfc062723c751e8b465ee728b)
Start importing Assets/WoodsLifestyle/Prefabs/Cabins/Cabin_03.prefab using Guid(a611ef0d3e2e6bd4d8d7aa5deeedec15) Importer(815301076,1909f56bfc062723c751e8b465ee728b)  -> (artifact id: 'd35ae28b1f6a3d6f8fb4030f9c4dfdab') in 0.007207 seconds 
========================================================================
Received Import Request.
  Time since last request: 108.403054 seconds.
  path: Assets/WoodsLifestyle/Prefabs/Miscellaneous
  artifactKey: Guid(38685a0b31dec5643acdec0f277db6de) Importer(815301076,1909f56bfc062723c751e8b465ee728b)
Start importing Assets/WoodsLifestyle/Prefabs/Miscellaneous using Guid(38685a0b31dec5643acdec0f277db6de) Importer(815301076,1909f56bfc062723c751e8b465ee728b)  -> (artifact id: '16c8bd4a26cc355784b67bfca675120e') in 0.000840 seconds 
========================================================================
Received Import Request.
  Time since last request: 0.096669 seconds.
  path: Assets/WoodsLifestyle/Prefabs/Miscellaneous/CampFire_01.prefab
  artifactKey: Guid(9f34afb08d4d48c4b860e0b7634ce5b4) Importer(815301076,1909f56bfc062723c751e8b465ee728b)
Start importing Assets/WoodsLifestyle/Prefabs/Miscellaneous/CampFire_01.prefab using Guid(9f34afb08d4d48c4b860e0b7634ce5b4) Importer(815301076,1909f56bfc062723c751e8b465ee728b)  -> (artifact id: '6b8f9d0cc48411d19eefbab62ea639c9') in 0.009168 seconds 
========================================================================
Received Import Request.
  Time since last request: 0.000015 seconds.
  path: Assets/WoodsLifestyle/Prefabs/Miscellaneous/SignPost_Custom_01.prefab
  artifactKey: Guid(e4423bd1896b33e41ae72acb0cff70c4) Importer(815301076,1909f56bfc062723c751e8b465ee728b)
Start importing Assets/WoodsLifestyle/Prefabs/Miscellaneous/SignPost_Custom_01.prefab using Guid(e4423bd1896b33e41ae72acb0cff70c4) Importer(815301076,1909f56bfc062723c751e8b465ee728b)  -> (artifact id: '9f09509d5841f84db1e696536333612b') in 0.008427 seconds 
Editor requested this worker to shutdown with reason: Scaling down because of idle timeout
AssetImportWorker is now disconnected from the server
Process exiting
Exiting without the bug reporter. Application will terminate with return code 0