Using pre-set license
Built from '2021.3/staging' branch; Version is '2021.3.26f1 (a16dc32e0ff2) revision 10579395'; Using compiler version '192829333'; Build Type 'Release'
OS: 'Windows 10  (10.0.19044) 64bit Professional' Language: 'ru' Physical Memory: 24277 MB
BatchMode: 1, IsHumanControllingUs: 0, StartBugReporterOnCrash: 0, Is64bit: 1, IsPro: 1

COMMAND LINE ARGUMENTS:
D:\Unity 2021.3.8.f1\Editor\2021.3.26f1\Editor\Unity.exe
-adb2
-batchMode
-noUpm
-name
AssetImportWorker7
-projectPath
D:/My project
-logFile
Logs/AssetImportWorker7.log
-srvPort
49305
Successfully changed project path to: D:/My project
D:/My project
[UnityMemory] Configuration Parameters - Can be set up in boot.config
    "memorysetup-bucket-allocator-granularity=16"
    "memorysetup-bucket-allocator-bucket-count=8"
    "memorysetup-bucket-allocator-block-size=33554432"
    "memorysetup-bucket-allocator-block-count=8"
    "memorysetup-main-allocator-block-size=16777216"
    "memorysetup-thread-allocator-block-size=16777216"
    "memorysetup-gfx-main-allocator-block-size=16777216"
    "memorysetup-gfx-thread-allocator-block-size=16777216"
    "memorysetup-cache-allocator-block-size=4194304"
    "memorysetup-typetree-allocator-block-size=2097152"
    "memorysetup-profiler-bucket-allocator-granularity=16"
    "memorysetup-profiler-bucket-allocator-bucket-count=8"
    "memorysetup-profiler-bucket-allocator-block-size=33554432"
    "memorysetup-profiler-bucket-allocator-block-count=8"
    "memorysetup-profiler-allocator-block-size=16777216"
    "memorysetup-profiler-editor-allocator-block-size=1048576"
    "memorysetup-temp-allocator-size-main=16777216"
    "memorysetup-job-temp-allocator-block-size=2097152"
    "memorysetup-job-temp-allocator-block-size-background=1048576"
    "memorysetup-job-temp-allocator-reduction-small-platforms=262144"
    "memorysetup-temp-allocator-size-background-worker=32768"
    "memorysetup-temp-allocator-size-job-worker=262144"
    "memorysetup-temp-allocator-size-preload-manager=33554432"
    "memorysetup-temp-allocator-size-nav-mesh-worker=65536"
    "memorysetup-temp-allocator-size-audio-worker=65536"
    "memorysetup-temp-allocator-size-cloud-worker=32768"
    "memorysetup-temp-allocator-size-gi-baking-worker=262144"
    "memorysetup-temp-allocator-size-gfx=262144"
Player connection [6440] Host "[IP] 192.168.0.11 [Port] 0 [Flags] 2 [Guid] 2809632663 [EditorId] 2809632663 [Version] 1048832 [Id] WindowsEditor(7,DESKTOP-G2LRSFP) [Debug] 1 [PackageName] WindowsEditor [ProjectName] Editor" joined multi-casting on [225.0.0.222:54997]...

Player connection [6440] Host "[IP] 192.168.0.11 [Port] 0 [Flags] 2 [Guid] 2809632663 [EditorId] 2809632663 [Version] 1048832 [Id] WindowsEditor(7,DESKTOP-G2LRSFP) [Debug] 1 [PackageName] WindowsEditor [ProjectName] Editor" joined alternative multi-casting on [225.0.0.222:34997]...

Refreshing native plugins compatible for Editor in 70.22 ms, found 3 plugins.
Preloading 0 native plugins for Editor in 0.00 ms.
Initialize engine version: 2021.3.26f1 (a16dc32e0ff2)
[Subsystems] Discovering subsystems at path D:/Unity 2021.3.8.f1/Editor/2021.3.26f1/Editor/Data/Resources/UnitySubsystems
[Subsystems] Discovering subsystems at path D:/My project/Assets
GfxDevice: creating device client; threaded=0; jobified=0
Direct3D:
    Version:  Direct3D 11.0 [level 11.1]
    Renderer: NVIDIA GeForce RTX 3050 Laptop GPU (ID=0x25a2)
    Vendor:   NVIDIA
    VRAM:     3977 MB
    Driver:   31.0.15.3758
Initialize mono
Mono path[0] = 'D:/Unity 2021.3.8.f1/Editor/2021.3.26f1/Editor/Data/Managed'
Mono path[1] = 'D:/Unity 2021.3.8.f1/Editor/2021.3.26f1/Editor/Data/MonoBleedingEdge/lib/mono/unityjit-win32'
Mono config path = 'D:/Unity 2021.3.8.f1/Editor/2021.3.26f1/Editor/Data/MonoBleedingEdge/etc'
Using monoOptions --debugger-agent=transport=dt_socket,embedding=1,server=y,suspend=n,address=127.0.0.1:56836
Begin MonoManager ReloadAssembly
Registering precompiled unity dll's ...
Register platform support module: D:/Unity 2021.3.8.f1/Editor/2021.3.26f1/Editor/Data/PlaybackEngines/WindowsStandaloneSupport/UnityEditor.WindowsStandalone.Extensions.dll
Registered in 0.002169 seconds.
Native extension for WindowsStandalone target not found
Refreshing native plugins compatible for Editor in 65.11 ms, found 3 plugins.
Preloading 0 native plugins for Editor in 0.00 ms.
Mono: successfully reloaded assembly
- Completed reload, in  0.524 seconds
Domain Reload Profiling:
	ReloadAssembly (525ms)
		BeginReloadAssembly (66ms)
			ExecutionOrderSort (0ms)
			DisableScriptedObjects (0ms)
			BackupInstance (0ms)
			ReleaseScriptingObjects (0ms)
			CreateAndSetChildDomain (1ms)
		EndReloadAssembly (378ms)
			LoadAssemblies (65ms)
			RebuildTransferFunctionScriptingTraits (0ms)
			SetupTypeCache (95ms)
			ReleaseScriptCaches (0ms)
			RebuildScriptCaches (25ms)
			SetupLoadedEditorAssemblies (216ms)
				LogAssemblyErrors (0ms)
				InitializePlatformSupportModulesInManaged (6ms)
				SetLoadedEditorAssemblies (0ms)
				RefreshPlugins (65ms)
				BeforeProcessingInitializeOnLoad (1ms)
				ProcessInitializeOnLoadAttributes (105ms)
				ProcessInitializeOnLoadMethodAttributes (38ms)
				AfterProcessingInitializeOnLoad (0ms)
				EditorAssembliesLoaded (0ms)
			ExecutionOrderSort2 (0ms)
			AwakeInstancesAfterBackupRestoration (0ms)
Platform modules already initialized, skipping
Registering precompiled user dll's ...
Registered in 0.001921 seconds.
Begin MonoManager ReloadAssembly
Symbol file LoadedFromMemory doesn't match image D:\My project\Library\PackageCache\com.unity.visualscripting@1.8.0\Editor\VisualScripting.Core\Dependencies\YamlDotNet\Unity.VisualScripting.YamlDotNet.dll
Symbol file LoadedFromMemory doesn't match image D:\My project\Library\PackageCache\com.unity.visualscripting@1.8.0\Editor\VisualScripting.Core\Dependencies\DotNetZip\Unity.VisualScripting.IonicZip.dll
Native extension for WindowsStandalone target not found
Refreshing native plugins compatible for Editor in 0.72 ms, found 3 plugins.
Preloading 0 native plugins for Editor in 0.00 ms.
Mono: successfully reloaded assembly
- Completed reload, in  0.745 seconds
Domain Reload Profiling:
	ReloadAssembly (746ms)
		BeginReloadAssembly (87ms)
			ExecutionOrderSort (0ms)
			DisableScriptedObjects (5ms)
			BackupInstance (0ms)
			ReleaseScriptingObjects (0ms)
			CreateAndSetChildDomain (17ms)
		EndReloadAssembly (581ms)
			LoadAssemblies (54ms)
			RebuildTransferFunctionScriptingTraits (0ms)
			SetupTypeCache (204ms)
			ReleaseScriptCaches (1ms)
			RebuildScriptCaches (38ms)
			SetupLoadedEditorAssemblies (255ms)
				LogAssemblyErrors (0ms)
				InitializePlatformSupportModulesInManaged (4ms)
				SetLoadedEditorAssemblies (0ms)
				RefreshPlugins (1ms)
				BeforeProcessingInitializeOnLoad (56ms)
				ProcessInitializeOnLoadAttributes (176ms)
				ProcessInitializeOnLoadMethodAttributes (16ms)
				AfterProcessingInitializeOnLoad (2ms)
				EditorAssembliesLoaded (0ms)
			ExecutionOrderSort2 (0ms)
			AwakeInstancesAfterBackupRestoration (4ms)
Platform modules already initialized, skipping
========================================================================
Worker process is ready to serve import requests
Launched and connected shader compiler UnityShaderCompiler.exe after 0.03 seconds
Refreshing native plugins compatible for Editor in 0.61 ms, found 3 plugins.
Preloading 0 native plugins for Editor in 0.00 ms.
Unloading 3051 Unused Serialized files (Serialized files now loaded: 0)
Unloading 22 unused Assets / (56.2 KB). Loaded Objects now: 3527.
Memory consumption went from 120.2 MB to 120.1 MB.
Total: 2.599700 ms (FindLiveObjects: 0.230100 ms CreateObjectMapping: 0.070100 ms MarkObjects: 2.211300 ms  DeleteObjects: 0.086800 ms)

AssetImportParameters requested are different than current active one (requested -> active):
  custom:video-decoder-ogg-theora: a1e56fd34408186e4bbccfd4996cb3dc -> 
  custom:container-muxer-webm: aa71ff27fc2769a1b78a27578f13a17b -> 
  custom:container-demuxer-webm: 4f35f7cbe854078d1ac9338744f61a02 -> 
  custom:video-encoder-webm-vp8: eb34c28f22e8b96e1ab97ce403110664 -> 
  custom:audio-encoder-webm-vorbis: bf7c407c2cedff20999df2af8eb42d56 -> 
  custom:framework-win-MediaFoundation: 216162199b28c13a410421893ffa2e32 -> 
  custom:container-demuxer-ogg: 62fdf1f143b41e24485cea50d1cbac27 -> 
  custom:video-decoder-webm-vp8: 9c59270c3fd7afecdb556c50c9e8de78 -> 
  custom:audio-decoder-ogg-vorbis: bf7c407c2cedff20999df2af8eb42d56 -> 
========================================================================
Received Import Request.
  Time since last request: 11088.334882 seconds.
  path: Assets/EmaceArt_LavaPlant/Prefabs/EA_Clif_01c_Default.prefab
  artifactKey: Guid(27c3faa0d10c39742aab8ab802a5dd37) Importer(815301076,1909f56bfc062723c751e8b465ee728b)
Start importing Assets/EmaceArt_LavaPlant/Prefabs/EA_Clif_01c_Default.prefab using Guid(27c3faa0d10c39742aab8ab802a5dd37) Importer(815301076,1909f56bfc062723c751e8b465ee728b)  -> (artifact id: '7082c6ab67f57f003eefcd01f4b17104') in 0.226944 seconds 
========================================================================
Received Import Request.
  Time since last request: 0.000044 seconds.
  path: Assets/EmaceArt_LavaPlant/Prefabs/EA_Puddle_01a_Default.prefab
  artifactKey: Guid(b74f3d307eaadbc4294cd716ebca0f58) Importer(815301076,1909f56bfc062723c751e8b465ee728b)
Start importing Assets/EmaceArt_LavaPlant/Prefabs/EA_Puddle_01a_Default.prefab using Guid(b74f3d307eaadbc4294cd716ebca0f58) Importer(815301076,1909f56bfc062723c751e8b465ee728b)  -> (artifact id: '014e6ee0e3e5f08cac6dea63aca20c08') in 0.011987 seconds 
========================================================================
Received Import Request.
  Time since last request: 0.000040 seconds.
  path: Assets/EmaceArt_LavaPlant/Prefabs/EA_Plant_01c_Default.prefab
  artifactKey: Guid(b538f75a90be6b94a9a6b2347fe7bf87) Importer(815301076,1909f56bfc062723c751e8b465ee728b)
Start importing Assets/EmaceArt_LavaPlant/Prefabs/EA_Plant_01c_Default.prefab using Guid(b538f75a90be6b94a9a6b2347fe7bf87) Importer(815301076,1909f56bfc062723c751e8b465ee728b)  -> (artifact id: '5bd06a3edb03d45eeb4bb150376121e9') in 0.007837 seconds 
========================================================================
Received Import Request.
  Time since last request: 0.000023 seconds.
  path: Assets/EmaceArt_LavaPlant/Prefabs/Rocks_01d_Default.prefab
  artifactKey: Guid(652b880097732f148a0e38738f640670) Importer(815301076,1909f56bfc062723c751e8b465ee728b)
Start importing Assets/EmaceArt_LavaPlant/Prefabs/Rocks_01d_Default.prefab using Guid(652b880097732f148a0e38738f640670) Importer(815301076,1909f56bfc062723c751e8b465ee728b)  -> (artifact id: 'ccb7a411fdb115f400c7b1b2e76f42a4') in 0.006809 seconds 
========================================================================
Received Import Request.
  Time since last request: 0.000041 seconds.
  path: Assets/EmaceArt_LavaPlant/Prefabs/EA_Puddle_01b_Default.prefab
  artifactKey: Guid(34791ce18d065aa43a02a06ff5e3c703) Importer(815301076,1909f56bfc062723c751e8b465ee728b)
Start importing Assets/EmaceArt_LavaPlant/Prefabs/EA_Puddle_01b_Default.prefab using Guid(34791ce18d065aa43a02a06ff5e3c703) Importer(815301076,1909f56bfc062723c751e8b465ee728b)  -> (artifact id: '373caeb28c8d62e7c971434b1a05e338') in 0.007933 seconds 
========================================================================
Received Import Request.
  Time since last request: 29.345878 seconds.
  path: Assets/EmaceArt_LavaPlant/Skybox/SkyBox/Sky_2_Left+X.png
  artifactKey: Guid(530cdbf9e0f2f45239f957330e5cb249) Importer(815301076,1909f56bfc062723c751e8b465ee728b)
Start importing Assets/EmaceArt_LavaPlant/Skybox/SkyBox/Sky_2_Left+X.png using Guid(530cdbf9e0f2f45239f957330e5cb249) Importer(815301076,1909f56bfc062723c751e8b465ee728b)  -> (artifact id: '99de54811e98cb7eef2e05d976b03c37') in 0.030122 seconds 
========================================================================
Received Import Request.
  Time since last request: 0.000027 seconds.
  path: Assets/EmaceArt_LavaPlant/Skybox/SkyBox/Sky_5_Down-Y.png
  artifactKey: Guid(0986bee61deb042389dfc7a860a1fa3a) Importer(815301076,1909f56bfc062723c751e8b465ee728b)
Start importing Assets/EmaceArt_LavaPlant/Skybox/SkyBox/Sky_5_Down-Y.png using Guid(0986bee61deb042389dfc7a860a1fa3a) Importer(815301076,1909f56bfc062723c751e8b465ee728b)  -> (artifact id: '3c449ccd318e451897b5f702fb95413f') in 0.030995 seconds 
========================================================================
Received Import Request.
  Time since last request: 0.000021 seconds.
  path: Assets/EmaceArt_LavaPlant/Skybox/SkyBox/Sky_Back-Z.png
  artifactKey: Guid(ccbc3f25708ed491e86a569f0a679e73) Importer(815301076,1909f56bfc062723c751e8b465ee728b)
Start importing Assets/EmaceArt_LavaPlant/Skybox/SkyBox/Sky_Back-Z.png using Guid(ccbc3f25708ed491e86a569f0a679e73) Importer(815301076,1909f56bfc062723c751e8b465ee728b)  -> (artifact id: '32bf0a3776a37082d6ab4a8936834adc') in 0.028367 seconds 
========================================================================
Received Import Request.
  Time since last request: 4462.405872 seconds.
  path: Assets/WoodsLifestyle/Materials/BrownMat_02.mat
  artifactKey: Guid(5dc3aeac12c3f26419ff37813d9e48fa) Importer(815301076,1909f56bfc062723c751e8b465ee728b)
Start importing Assets/WoodsLifestyle/Materials/BrownMat_02.mat using Guid(5dc3aeac12c3f26419ff37813d9e48fa) Importer(815301076,1909f56bfc062723c751e8b465ee728b)  -> (artifact id: '358490a14c53864867b51aafbf31d5b5') in 0.094314 seconds 
========================================================================
Received Import Request.
  Time since last request: 0.000026 seconds.
  path: Assets/WoodsLifestyle/Materials/BrownMat_11.mat
  artifactKey: Guid(01050264bbbd41b4a8e94bd7caebaeb1) Importer(815301076,1909f56bfc062723c751e8b465ee728b)
Start importing Assets/WoodsLifestyle/Materials/BrownMat_11.mat using Guid(01050264bbbd41b4a8e94bd7caebaeb1) Importer(815301076,1909f56bfc062723c751e8b465ee728b)  -> (artifact id: '88c51b87bae53e6625e4c66cdcd7ff8e') in 0.098634 seconds 
========================================================================
Received Import Request.
  Time since last request: 0.000022 seconds.
  path: Assets/WoodsLifestyle/Materials/BrownMat_03.mat
  artifactKey: Guid(777f3d28852f1aa4fb5a6cd601276e21) Importer(815301076,1909f56bfc062723c751e8b465ee728b)
Start importing Assets/WoodsLifestyle/Materials/BrownMat_03.mat using Guid(777f3d28852f1aa4fb5a6cd601276e21) Importer(815301076,1909f56bfc062723c751e8b465ee728b)  -> (artifact id: 'a90cc4b2073f9522f1a279be1b8bcd2b') in 0.039733 seconds 
========================================================================
Received Import Request.
  Time since last request: 0.000029 seconds.
  path: Assets/WoodsLifestyle/Materials/FullRange_All_01.mat
  artifactKey: Guid(cd18a0c9373f87242beb64d23a88e5ee) Importer(815301076,1909f56bfc062723c751e8b465ee728b)
Start importing Assets/WoodsLifestyle/Materials/FullRange_All_01.mat using Guid(cd18a0c9373f87242beb64d23a88e5ee) Importer(815301076,1909f56bfc062723c751e8b465ee728b)  -> (artifact id: '4fdff08c08e88f5bc7337d878b79ed20') in 0.039105 seconds 
========================================================================
Received Import Request.
  Time since last request: 0.000026 seconds.
  path: Assets/WoodsLifestyle/Materials/BrownMat_06.mat
  artifactKey: Guid(e5d0fe8d1ecac9c4e98b445b40961485) Importer(815301076,1909f56bfc062723c751e8b465ee728b)
Start importing Assets/WoodsLifestyle/Materials/BrownMat_06.mat using Guid(e5d0fe8d1ecac9c4e98b445b40961485) Importer(815301076,1909f56bfc062723c751e8b465ee728b)  -> (artifact id: '97ab9f10115141ec070eec6598263e29') in 0.006158 seconds 
