Using pre-set license
Built from '2021.3/staging' branch; Version is '2021.3.26f1 (a16dc32e0ff2) revision 10579395'; Using compiler version '192829333'; Build Type 'Release'
OS: 'Windows 10  (10.0.19044) 64bit Professional' Language: 'ru' Physical Memory: 24277 MB
BatchMode: 1, IsHumanControllingUs: 0, StartBugReporterOnCrash: 0, Is64bit: 1, IsPro: 1

COMMAND LINE ARGUMENTS:
D:\Unity 2021.3.8.f1\Editor\2021.3.26f1\Editor\Unity.exe
-adb2
-batchMode
-noUpm
-name
AssetImportWorker2
-projectPath
D:/My project
-logFile
Logs/AssetImportWorker2.log
-srvPort
49305
Successfully changed project path to: D:/My project
D:/My project
[UnityMemory] Configuration Parameters - Can be set up in boot.config
    "memorysetup-bucket-allocator-granularity=16"
    "memorysetup-bucket-allocator-bucket-count=8"
    "memorysetup-bucket-allocator-block-size=33554432"
    "memorysetup-bucket-allocator-block-count=8"
    "memorysetup-main-allocator-block-size=16777216"
    "memorysetup-thread-allocator-block-size=16777216"
    "memorysetup-gfx-main-allocator-block-size=16777216"
    "memorysetup-gfx-thread-allocator-block-size=16777216"
    "memorysetup-cache-allocator-block-size=4194304"
    "memorysetup-typetree-allocator-block-size=2097152"
    "memorysetup-profiler-bucket-allocator-granularity=16"
    "memorysetup-profiler-bucket-allocator-bucket-count=8"
    "memorysetup-profiler-bucket-allocator-block-size=33554432"
    "memorysetup-profiler-bucket-allocator-block-count=8"
    "memorysetup-profiler-allocator-block-size=16777216"
    "memorysetup-profiler-editor-allocator-block-size=1048576"
    "memorysetup-temp-allocator-size-main=16777216"
    "memorysetup-job-temp-allocator-block-size=2097152"
    "memorysetup-job-temp-allocator-block-size-background=1048576"
    "memorysetup-job-temp-allocator-reduction-small-platforms=262144"
    "memorysetup-temp-allocator-size-background-worker=32768"
    "memorysetup-temp-allocator-size-job-worker=262144"
    "memorysetup-temp-allocator-size-preload-manager=33554432"
    "memorysetup-temp-allocator-size-nav-mesh-worker=65536"
    "memorysetup-temp-allocator-size-audio-worker=65536"
    "memorysetup-temp-allocator-size-cloud-worker=32768"
    "memorysetup-temp-allocator-size-gi-baking-worker=262144"
    "memorysetup-temp-allocator-size-gfx=262144"
Player connection [12196] Host "[IP] 192.168.0.11 [Port] 0 [Flags] 2 [Guid] 1670828181 [EditorId] 1670828181 [Version] 1048832 [Id] WindowsEditor(7,DESKTOP-G2LRSFP) [Debug] 1 [PackageName] WindowsEditor [ProjectName] Editor" joined multi-casting on [225.0.0.222:54997]...

Player connection [12196] Host "[IP] 192.168.0.11 [Port] 0 [Flags] 2 [Guid] 1670828181 [EditorId] 1670828181 [Version] 1048832 [Id] WindowsEditor(7,DESKTOP-G2LRSFP) [Debug] 1 [PackageName] WindowsEditor [ProjectName] Editor" joined alternative multi-casting on [225.0.0.222:34997]...

Refreshing native plugins compatible for Editor in 57.02 ms, found 3 plugins.
Preloading 0 native plugins for Editor in 0.00 ms.
Initialize engine version: 2021.3.26f1 (a16dc32e0ff2)
[Subsystems] Discovering subsystems at path D:/Unity 2021.3.8.f1/Editor/2021.3.26f1/Editor/Data/Resources/UnitySubsystems
[Subsystems] Discovering subsystems at path D:/My project/Assets
GfxDevice: creating device client; threaded=0; jobified=0
Direct3D:
    Version:  Direct3D 11.0 [level 11.1]
    Renderer: NVIDIA GeForce RTX 3050 Laptop GPU (ID=0x25a2)
    Vendor:   NVIDIA
    VRAM:     3977 MB
    Driver:   31.0.15.3758
Initialize mono
Mono path[0] = 'D:/Unity 2021.3.8.f1/Editor/2021.3.26f1/Editor/Data/Managed'
Mono path[1] = 'D:/Unity 2021.3.8.f1/Editor/2021.3.26f1/Editor/Data/MonoBleedingEdge/lib/mono/unityjit-win32'
Mono config path = 'D:/Unity 2021.3.8.f1/Editor/2021.3.26f1/Editor/Data/MonoBleedingEdge/etc'
Using monoOptions --debugger-agent=transport=dt_socket,embedding=1,server=y,suspend=n,address=127.0.0.1:56384
Begin MonoManager ReloadAssembly
Registering precompiled unity dll's ...
Register platform support module: D:/Unity 2021.3.8.f1/Editor/2021.3.26f1/Editor/Data/PlaybackEngines/WindowsStandaloneSupport/UnityEditor.WindowsStandalone.Extensions.dll
Registered in 0.001752 seconds.
Native extension for WindowsStandalone target not found
Refreshing native plugins compatible for Editor in 56.80 ms, found 3 plugins.
Preloading 0 native plugins for Editor in 0.00 ms.
Mono: successfully reloaded assembly
- Completed reload, in  0.445 seconds
Domain Reload Profiling:
	ReloadAssembly (445ms)
		BeginReloadAssembly (55ms)
			ExecutionOrderSort (0ms)
			DisableScriptedObjects (0ms)
			BackupInstance (0ms)
			ReleaseScriptingObjects (0ms)
			CreateAndSetChildDomain (1ms)
		EndReloadAssembly (324ms)
			LoadAssemblies (54ms)
			RebuildTransferFunctionScriptingTraits (0ms)
			SetupTypeCache (79ms)
			ReleaseScriptCaches (0ms)
			RebuildScriptCaches (21ms)
			SetupLoadedEditorAssemblies (187ms)
				LogAssemblyErrors (0ms)
				InitializePlatformSupportModulesInManaged (5ms)
				SetLoadedEditorAssemblies (0ms)
				RefreshPlugins (57ms)
				BeforeProcessingInitializeOnLoad (1ms)
				ProcessInitializeOnLoadAttributes (91ms)
				ProcessInitializeOnLoadMethodAttributes (33ms)
				AfterProcessingInitializeOnLoad (0ms)
				EditorAssembliesLoaded (0ms)
			ExecutionOrderSort2 (0ms)
			AwakeInstancesAfterBackupRestoration (0ms)
Platform modules already initialized, skipping
Registering precompiled user dll's ...
Registered in 0.001620 seconds.
Begin MonoManager ReloadAssembly
Symbol file LoadedFromMemory doesn't match image D:\My project\Library\PackageCache\com.unity.visualscripting@1.8.0\Editor\VisualScripting.Core\Dependencies\YamlDotNet\Unity.VisualScripting.YamlDotNet.dll
Symbol file LoadedFromMemory doesn't match image D:\My project\Library\PackageCache\com.unity.visualscripting@1.8.0\Editor\VisualScripting.Core\Dependencies\DotNetZip\Unity.VisualScripting.IonicZip.dll
Native extension for WindowsStandalone target not found
Refreshing native plugins compatible for Editor in 0.53 ms, found 3 plugins.
Preloading 0 native plugins for Editor in 0.00 ms.
Mono: successfully reloaded assembly
- Completed reload, in  0.709 seconds
Domain Reload Profiling:
	ReloadAssembly (710ms)
		BeginReloadAssembly (86ms)
			ExecutionOrderSort (0ms)
			DisableScriptedObjects (5ms)
			BackupInstance (0ms)
			ReleaseScriptingObjects (0ms)
			CreateAndSetChildDomain (16ms)
		EndReloadAssembly (546ms)
			LoadAssemblies (58ms)
			RebuildTransferFunctionScriptingTraits (0ms)
			SetupTypeCache (194ms)
			ReleaseScriptCaches (1ms)
			RebuildScriptCaches (37ms)
			SetupLoadedEditorAssemblies (234ms)
				LogAssemblyErrors (0ms)
				InitializePlatformSupportModulesInManaged (3ms)
				SetLoadedEditorAssemblies (0ms)
				RefreshPlugins (1ms)
				BeforeProcessingInitializeOnLoad (51ms)
				ProcessInitializeOnLoadAttributes (160ms)
				ProcessInitializeOnLoadMethodAttributes (16ms)
				AfterProcessingInitializeOnLoad (2ms)
				EditorAssembliesLoaded (0ms)
			ExecutionOrderSort2 (0ms)
			AwakeInstancesAfterBackupRestoration (5ms)
Platform modules already initialized, skipping
========================================================================
Worker process is ready to serve import requests
Launched and connected shader compiler UnityShaderCompiler.exe after 0.02 seconds
Refreshing native plugins compatible for Editor in 0.87 ms, found 3 plugins.
Preloading 0 native plugins for Editor in 0.00 ms.
Unloading 3051 Unused Serialized files (Serialized files now loaded: 0)
Unloading 22 unused Assets / (56.2 KB). Loaded Objects now: 3527.
Memory consumption went from 120.1 MB to 120.1 MB.
Total: 4.013400 ms (FindLiveObjects: 0.295200 ms CreateObjectMapping: 0.098500 ms MarkObjects: 3.506400 ms  DeleteObjects: 0.111600 ms)

AssetImportParameters requested are different than current active one (requested -> active):
  custom:video-decoder-ogg-theora: a1e56fd34408186e4bbccfd4996cb3dc -> 
  custom:container-muxer-webm: aa71ff27fc2769a1b78a27578f13a17b -> 
  custom:container-demuxer-webm: 4f35f7cbe854078d1ac9338744f61a02 -> 
  custom:video-encoder-webm-vp8: eb34c28f22e8b96e1ab97ce403110664 -> 
  custom:audio-encoder-webm-vorbis: bf7c407c2cedff20999df2af8eb42d56 -> 
  custom:framework-win-MediaFoundation: 216162199b28c13a410421893ffa2e32 -> 
  custom:container-demuxer-ogg: 62fdf1f143b41e24485cea50d1cbac27 -> 
  custom:video-decoder-webm-vp8: 9c59270c3fd7afecdb556c50c9e8de78 -> 
  custom:audio-decoder-ogg-vorbis: bf7c407c2cedff20999df2af8eb42d56 -> 
========================================================================
Received Import Request.
  Time since last request: 8916.728245 seconds.
  path: Assets/EmaceArt/LowPolyNatureProject - EA04 Tiny Forest Remastered/ADV/ReadMe.pdf
  artifactKey: Guid(ae826d3392ef74c4fbce366cc561a20f) Importer(815301076,1909f56bfc062723c751e8b465ee728b)
Start importing Assets/EmaceArt/LowPolyNatureProject - EA04 Tiny Forest Remastered/ADV/ReadMe.pdf using Guid(ae826d3392ef74c4fbce366cc561a20f) Importer(815301076,1909f56bfc062723c751e8b465ee728b)  -> (artifact id: '3cae58dd0d075c612017a5314bcbf0a0') in 0.025977 seconds 
========================================================================
Received Import Request.
  Time since last request: 8.589348 seconds.
  path: Assets/EmaceArt/LowPolyNatureProject - EA04 Tiny Forest Remastered/Scene/DemoScene.unity
  artifactKey: Guid(5cfd4bf4d03807342b353189f16a8e62) Importer(815301076,1909f56bfc062723c751e8b465ee728b)
Start importing Assets/EmaceArt/LowPolyNatureProject - EA04 Tiny Forest Remastered/Scene/DemoScene.unity using Guid(5cfd4bf4d03807342b353189f16a8e62) Importer(815301076,1909f56bfc062723c751e8b465ee728b)  -> (artifact id: '3da3ccd5588c518e6eba09d9f3fd6c17') in 0.001265 seconds 
========================================================================
Received Import Request.
  Time since last request: 33.642969 seconds.
  path: Assets/Low Poly Environment Starter Kit/Demo_Scene_URP/Box Volume Profile.asset
  artifactKey: Guid(4d57c4e8d88ba984ba5fc6014486db72) Importer(815301076,1909f56bfc062723c751e8b465ee728b)
Start importing Assets/Low Poly Environment Starter Kit/Demo_Scene_URP/Box Volume Profile.asset using Guid(4d57c4e8d88ba984ba5fc6014486db72) Importer(815301076,1909f56bfc062723c751e8b465ee728b)  -> (artifact id: 'b37fc2cd07cd189b1261fb041b7f9869') in 0.003054 seconds 
========================================================================
Received Import Request.
  Time since last request: 0.997827 seconds.
  path: Assets/Low Poly Environment Starter Kit/Demo_Scene_URP/Demo_Scene.unity
  artifactKey: Guid(81ee5c850529eca4b8f11700573892ed) Importer(815301076,1909f56bfc062723c751e8b465ee728b)
Start importing Assets/Low Poly Environment Starter Kit/Demo_Scene_URP/Demo_Scene.unity using Guid(81ee5c850529eca4b8f11700573892ed) Importer(815301076,1909f56bfc062723c751e8b465ee728b)  -> (artifact id: 'f2216806fe15cebb6b2f64a4f3bb512d') in 0.000695 seconds 
========================================================================
Received Import Request.
  Time since last request: 19.652723 seconds.
  path: Assets/Low Poly Environment Starter Kit/Prefabs/HDRP
  artifactKey: Guid(c40789aa9a2eddd4290cc34354c7e360) Importer(815301076,1909f56bfc062723c751e8b465ee728b)
Start importing Assets/Low Poly Environment Starter Kit/Prefabs/HDRP using Guid(c40789aa9a2eddd4290cc34354c7e360) Importer(815301076,1909f56bfc062723c751e8b465ee728b)  -> (artifact id: '4e82e13b813068bea8f394346c653b9a') in 0.001217 seconds 
========================================================================
Received Import Request.
  Time since last request: 0.867970 seconds.
  path: Assets/Low Poly Environment Starter Kit/Prefabs/HDRP/Rocks
  artifactKey: Guid(83b35c95b163b9d47ba8d2d3e87e93ed) Importer(815301076,1909f56bfc062723c751e8b465ee728b)
Start importing Assets/Low Poly Environment Starter Kit/Prefabs/HDRP/Rocks using Guid(83b35c95b163b9d47ba8d2d3e87e93ed) Importer(815301076,1909f56bfc062723c751e8b465ee728b)  -> (artifact id: '5a323cace2db7669e8c984f90f37df4e') in 0.010840 seconds 
========================================================================
Received Import Request.
  Time since last request: 0.071138 seconds.
  path: Assets/Low Poly Environment Starter Kit/Prefabs/HDRP/Rocks/Rock 1.prefab
  artifactKey: Guid(dce4064665cd37e479e8176db0f3fba9) Importer(815301076,1909f56bfc062723c751e8b465ee728b)
Start importing Assets/Low Poly Environment Starter Kit/Prefabs/HDRP/Rocks/Rock 1.prefab using Guid(dce4064665cd37e479e8176db0f3fba9) Importer(815301076,1909f56bfc062723c751e8b465ee728b)  -> (artifact id: 'a9aa0de897a6a38beddf4bae0f31f367') in 0.522699 seconds 
========================================================================
Received Import Request.
  Time since last request: 0.000038 seconds.
  path: Assets/Low Poly Environment Starter Kit/Prefabs/HDRP/Rocks/Rock 10.prefab
  artifactKey: Guid(e37afa6393d70ae4babec5feb4bd8f8b) Importer(815301076,1909f56bfc062723c751e8b465ee728b)
Start importing Assets/Low Poly Environment Starter Kit/Prefabs/HDRP/Rocks/Rock 10.prefab using Guid(e37afa6393d70ae4babec5feb4bd8f8b) Importer(815301076,1909f56bfc062723c751e8b465ee728b)  -> (artifact id: 'bc2fa82aaea112da9701a285be70d4a3') in 0.022063 seconds 
========================================================================
Received Import Request.
  Time since last request: 0.000049 seconds.
  path: Assets/Low Poly Environment Starter Kit/Prefabs/HDRP/Rocks/Rock 6.prefab
  artifactKey: Guid(c9c3c4ff93424334ba8734103df52cbb) Importer(815301076,1909f56bfc062723c751e8b465ee728b)
Start importing Assets/Low Poly Environment Starter Kit/Prefabs/HDRP/Rocks/Rock 6.prefab using Guid(c9c3c4ff93424334ba8734103df52cbb) Importer(815301076,1909f56bfc062723c751e8b465ee728b)  -> (artifact id: '771ed8bd8caa506b1a36d30736611a85') in 0.026284 seconds 
========================================================================
Received Import Request.
  Time since last request: 0.000030 seconds.
  path: Assets/Low Poly Environment Starter Kit/Prefabs/HDRP/Rocks/Rock 9.prefab
  artifactKey: Guid(2d19a106360d15c4981f0b6ca9b83db3) Importer(815301076,1909f56bfc062723c751e8b465ee728b)
Start importing Assets/Low Poly Environment Starter Kit/Prefabs/HDRP/Rocks/Rock 9.prefab using Guid(2d19a106360d15c4981f0b6ca9b83db3) Importer(815301076,1909f56bfc062723c751e8b465ee728b)  -> (artifact id: '62919626879680fe74fca7dfc7e6f5b9') in 0.040251 seconds 
========================================================================
Received Import Request.
  Time since last request: 0.002545 seconds.
  path: Assets/Low Poly Environment Starter Kit/Prefabs/HDRP/Rocks/Rock Arc.prefab
  artifactKey: Guid(ce1f98f5d8cfa0c4eb3d38ecd510e20f) Importer(815301076,1909f56bfc062723c751e8b465ee728b)
Start importing Assets/Low Poly Environment Starter Kit/Prefabs/HDRP/Rocks/Rock Arc.prefab using Guid(ce1f98f5d8cfa0c4eb3d38ecd510e20f) Importer(815301076,1909f56bfc062723c751e8b465ee728b)  -> (artifact id: '61bbafc7b5b45035d4bdc9dc27ca3761') in 0.029984 seconds 
========================================================================
Received Import Request.
  Time since last request: 0.000034 seconds.
  path: Assets/Low Poly Environment Starter Kit/Prefabs/HDRP/Rocks/Rock Pile 3.prefab
  artifactKey: Guid(de0280632bc1bc64cba672966e053e51) Importer(815301076,1909f56bfc062723c751e8b465ee728b)
Start importing Assets/Low Poly Environment Starter Kit/Prefabs/HDRP/Rocks/Rock Pile 3.prefab using Guid(de0280632bc1bc64cba672966e053e51) Importer(815301076,1909f56bfc062723c751e8b465ee728b)  -> (artifact id: '4b8ce0ef2af5ece8b63953f7f0b44f5e') in 0.049533 seconds 
========================================================================
Received Import Request.
  Time since last request: 34.380710 seconds.
  path: Assets/EmaceArt/LowPolyNatureProject - EA04 Tiny Forest Remastered/Textures/EA04_LPNP-Artefacts_Colorsheet_v1.png
  artifactKey: Guid(c1186ef993bcf904ba4a559a2e50a5fc) Importer(815301076,1909f56bfc062723c751e8b465ee728b)
Start importing Assets/EmaceArt/LowPolyNatureProject - EA04 Tiny Forest Remastered/Textures/EA04_LPNP-Artefacts_Colorsheet_v1.png using Guid(c1186ef993bcf904ba4a559a2e50a5fc) Importer(815301076,1909f56bfc062723c751e8b465ee728b)  -> (artifact id: 'bea8e7ced36069cb654695912dce4585') in 0.027401 seconds 
========================================================================
Received Import Request.
  Time since last request: 0.000022 seconds.
  path: Assets/EmaceArt/LowPolyNatureProject - EA04 Tiny Forest Remastered/Textures/EA04_LPNP-TinyForest_Colorsheet_v1.png
  artifactKey: Guid(328cb5d617086e54c9731c2c7496a682) Importer(815301076,1909f56bfc062723c751e8b465ee728b)
Start importing Assets/EmaceArt/LowPolyNatureProject - EA04 Tiny Forest Remastered/Textures/EA04_LPNP-TinyForest_Colorsheet_v1.png using Guid(328cb5d617086e54c9731c2c7496a682) Importer(815301076,1909f56bfc062723c751e8b465ee728b)  -> (artifact id: '0c76371841f03803966dff17b52ab193') in 0.005804 seconds 
========================================================================
Received Import Request.
  Time since last request: 11.492982 seconds.
  path: Assets/EmaceArt/LowPolyNatureProject - EA04 Tiny Forest Remastered/Scene
  artifactKey: Guid(553cda043d32526458a712d44014756e) Importer(815301076,1909f56bfc062723c751e8b465ee728b)
Start importing Assets/EmaceArt/LowPolyNatureProject - EA04 Tiny Forest Remastered/Scene using Guid(553cda043d32526458a712d44014756e) Importer(815301076,1909f56bfc062723c751e8b465ee728b)  -> (artifact id: 'ba89f174810382a4816b5df9f6b76618') in 0.000855 seconds 
========================================================================
Received Import Request.
  Time since last request: 22.170806 seconds.
  path: Assets/WoodsLifestyle/Models/Rocks
  artifactKey: Guid(2660e74be1d8745438940f2ec11e99fe) Importer(815301076,1909f56bfc062723c751e8b465ee728b)
Start importing Assets/WoodsLifestyle/Models/Rocks using Guid(2660e74be1d8745438940f2ec11e99fe) Importer(815301076,1909f56bfc062723c751e8b465ee728b)  -> (artifact id: 'aea0423c7fada9691ac7d28adecb9fd1') in 0.000966 seconds 
========================================================================
Received Import Request.
  Time since last request: 0.048030 seconds.
  path: Assets/WoodsLifestyle/Models/Rocks/Rock_01_a.fbx
  artifactKey: Guid(134dbe6ed9bf2db4dad37b1db84e5160) Importer(815301076,1909f56bfc062723c751e8b465ee728b)
Start importing Assets/WoodsLifestyle/Models/Rocks/Rock_01_a.fbx using Guid(134dbe6ed9bf2db4dad37b1db84e5160) Importer(815301076,1909f56bfc062723c751e8b465ee728b)  -> (artifact id: '15f0594dfff6f80c42dbaf45a7083a83') in 0.130713 seconds 
========================================================================
Received Import Request.
  Time since last request: 0.000034 seconds.
  path: Assets/WoodsLifestyle/Models/Rocks/RockBarrier_01_a.fbx
  artifactKey: Guid(d12199290f759b14baafc15879f17198) Importer(815301076,1909f56bfc062723c751e8b465ee728b)
Start importing Assets/WoodsLifestyle/Models/Rocks/RockBarrier_01_a.fbx using Guid(d12199290f759b14baafc15879f17198) Importer(815301076,1909f56bfc062723c751e8b465ee728b)  -> (artifact id: 'a3aac161cb7250600f76ab952b9e5e26') in 0.071575 seconds 
========================================================================
Received Import Request.
  Time since last request: 0.000031 seconds.
  path: Assets/WoodsLifestyle/Models/Rocks/RockBarrier_01_b.fbx
  artifactKey: Guid(a0689f0bb99dd8b4fb033e9056efade0) Importer(815301076,1909f56bfc062723c751e8b465ee728b)
Start importing Assets/WoodsLifestyle/Models/Rocks/RockBarrier_01_b.fbx using Guid(a0689f0bb99dd8b4fb033e9056efade0) Importer(815301076,1909f56bfc062723c751e8b465ee728b)  -> (artifact id: '0d353ddb95ea8107a1b06ff8531c1bf6') in 0.061678 seconds 
========================================================================
Received Import Request.
  Time since last request: 0.000025 seconds.
  path: Assets/WoodsLifestyle/Models/Rocks/Rock_01_d.fbx
  artifactKey: Guid(d1a962341e285304da40781019afaa9d) Importer(815301076,1909f56bfc062723c751e8b465ee728b)
Start importing Assets/WoodsLifestyle/Models/Rocks/Rock_01_d.fbx using Guid(d1a962341e285304da40781019afaa9d) Importer(815301076,1909f56bfc062723c751e8b465ee728b)  -> (artifact id: 'ace32203df579132e1c7b398f3235036') in 0.036628 seconds 
========================================================================
Received Import Request.
  Time since last request: 0.000028 seconds.
  path: Assets/WoodsLifestyle/Models/Rocks/Rock_02_e.fbx
  artifactKey: Guid(5a16db2e3eb853f4994ce3c57bdf39c8) Importer(815301076,1909f56bfc062723c751e8b465ee728b)
Start importing Assets/WoodsLifestyle/Models/Rocks/Rock_02_e.fbx using Guid(5a16db2e3eb853f4994ce3c57bdf39c8) Importer(815301076,1909f56bfc062723c751e8b465ee728b)  -> (artifact id: '011b55b22258bc00890dbe491b4e5342') in 0.011675 seconds 
========================================================================
Received Import Request.
  Time since last request: 0.000023 seconds.
  path: Assets/WoodsLifestyle/Models/Rocks/Rock_01_f.fbx
  artifactKey: Guid(dcf1fbf6c98912544996b70bc9fb3e85) Importer(815301076,1909f56bfc062723c751e8b465ee728b)
Start importing Assets/WoodsLifestyle/Models/Rocks/Rock_01_f.fbx using Guid(dcf1fbf6c98912544996b70bc9fb3e85) Importer(815301076,1909f56bfc062723c751e8b465ee728b)  -> (artifact id: 'fe123e151f7a4b53d0cef5408c485c79') in 0.013049 seconds 
========================================================================
Received Import Request.
  Time since last request: 0.000023 seconds.
  path: Assets/WoodsLifestyle/Models/Rocks/Rock_02_b.fbx
  artifactKey: Guid(83f83f83c309b554394085851b06f2b5) Importer(815301076,1909f56bfc062723c751e8b465ee728b)
Start importing Assets/WoodsLifestyle/Models/Rocks/Rock_02_b.fbx using Guid(83f83f83c309b554394085851b06f2b5) Importer(815301076,1909f56bfc062723c751e8b465ee728b)  -> (artifact id: 'aefd824cf38ce78b49b70f8dedfb75ca') in 0.012113 seconds 
========================================================================
Received Import Request.
  Time since last request: 2.255599 seconds.
  path: Assets/WoodsLifestyle/Models/Stairs_Ladders/Ladder_01.fbx
  artifactKey: Guid(0c22c55d826286441ba51b4263ab85ef) Importer(815301076,1909f56bfc062723c751e8b465ee728b)
Start importing Assets/WoodsLifestyle/Models/Stairs_Ladders/Ladder_01.fbx using Guid(0c22c55d826286441ba51b4263ab85ef) Importer(815301076,1909f56bfc062723c751e8b465ee728b)  -> (artifact id: '777d14edee3b56c6e53ce5239b9d8dbe') in 0.011081 seconds 
========================================================================
Received Import Request.
  Time since last request: 1.215855 seconds.
  path: Assets/WoodsLifestyle/Models/Fences/Fence_Closed_01.FBX
  artifactKey: Guid(2994ed964ded40b488a89138b547c863) Importer(815301076,1909f56bfc062723c751e8b465ee728b)
Start importing Assets/WoodsLifestyle/Models/Fences/Fence_Closed_01.FBX using Guid(2994ed964ded40b488a89138b547c863) Importer(815301076,1909f56bfc062723c751e8b465ee728b)  -> (artifact id: 'ba2c651e3ede930b905f036a98396269') in 0.021890 seconds 
========================================================================
Received Import Request.
  Time since last request: 0.000022 seconds.
  path: Assets/WoodsLifestyle/Models/Fences/Fence_Open_01.FBX
  artifactKey: Guid(11c8be84dc5a2474e8002920654e25c2) Importer(815301076,1909f56bfc062723c751e8b465ee728b)
Start importing Assets/WoodsLifestyle/Models/Fences/Fence_Open_01.FBX using Guid(11c8be84dc5a2474e8002920654e25c2) Importer(815301076,1909f56bfc062723c751e8b465ee728b)  -> (artifact id: '540bd29187907769bd44c69daf14f162') in 0.073581 seconds 
========================================================================
Received Import Request.
  Time since last request: 0.000027 seconds.
  path: Assets/WoodsLifestyle/Models/Fences/Fence_Full_06.FBX
  artifactKey: Guid(fcdd02a68b89e0c4d84559fed7adb2d6) Importer(815301076,1909f56bfc062723c751e8b465ee728b)
Start importing Assets/WoodsLifestyle/Models/Fences/Fence_Full_06.FBX using Guid(fcdd02a68b89e0c4d84559fed7adb2d6) Importer(815301076,1909f56bfc062723c751e8b465ee728b)  -> (artifact id: 'c2be661d1be8498da03db45db3174fee') in 0.054470 seconds 
========================================================================
Received Import Request.
  Time since last request: 0.000019 seconds.
  path: Assets/WoodsLifestyle/Models/Fences/Fence_Open_05.FBX
  artifactKey: Guid(a5023f7cdb5519642b032608f01669ce) Importer(815301076,1909f56bfc062723c751e8b465ee728b)
Start importing Assets/WoodsLifestyle/Models/Fences/Fence_Open_05.FBX using Guid(a5023f7cdb5519642b032608f01669ce) Importer(815301076,1909f56bfc062723c751e8b465ee728b)  -> (artifact id: '63f9409f86df465b4f1d7f1bcdcc11a8') in 0.084335 seconds 
========================================================================
Received Import Request.
  Time since last request: 0.000017 seconds.
  path: Assets/WoodsLifestyle/Models/Fences/Fence_Closed_04.FBX
  artifactKey: Guid(84f002e721258ca409b2e6e5ca733444) Importer(815301076,1909f56bfc062723c751e8b465ee728b)
Start importing Assets/WoodsLifestyle/Models/Fences/Fence_Closed_04.FBX using Guid(84f002e721258ca409b2e6e5ca733444) Importer(815301076,1909f56bfc062723c751e8b465ee728b)  -> (artifact id: '60ea6ef9726b3c2a8ff627d10d92e1dd') in 0.014055 seconds 
========================================================================
Received Import Request.
  Time since last request: 0.000025 seconds.
  path: Assets/WoodsLifestyle/Models/Fences/Fence_Open_03.FBX
  artifactKey: Guid(5a97a64aa03f80641b787ad438e5ed67) Importer(815301076,1909f56bfc062723c751e8b465ee728b)
Start importing Assets/WoodsLifestyle/Models/Fences/Fence_Open_03.FBX using Guid(5a97a64aa03f80641b787ad438e5ed67) Importer(815301076,1909f56bfc062723c751e8b465ee728b)  -> (artifact id: '11a3848eefcdf9457c007e1f8493d365') in 0.011942 seconds 
========================================================================
Received Import Request.
  Time since last request: 0.000024 seconds.
  path: Assets/WoodsLifestyle/Models/Fences/Fence_Full_05.FBX
  artifactKey: Guid(a72bd328fd2adaf40973ac32d4b7bad8) Importer(815301076,1909f56bfc062723c751e8b465ee728b)
Start importing Assets/WoodsLifestyle/Models/Fences/Fence_Full_05.FBX using Guid(a72bd328fd2adaf40973ac32d4b7bad8) Importer(815301076,1909f56bfc062723c751e8b465ee728b)  -> (artifact id: '174c7ecf112074e999e943931d42c0a4') in 0.009262 seconds 
========================================================================
Received Import Request.
  Time since last request: 0.000026 seconds.
  path: Assets/WoodsLifestyle/Models/Fences/Fence_Closed_06.FBX
  artifactKey: Guid(eff2ff8331b711943a56384beb27bc73) Importer(815301076,1909f56bfc062723c751e8b465ee728b)
Start importing Assets/WoodsLifestyle/Models/Fences/Fence_Closed_06.FBX using Guid(eff2ff8331b711943a56384beb27bc73) Importer(815301076,1909f56bfc062723c751e8b465ee728b)  -> (artifact id: 'f4c6a08d902c3e862a0042f444ea2ce6') in 0.013417 seconds 
========================================================================
Received Import Request.
  Time since last request: 0.915290 seconds.
  path: Assets/WoodsLifestyle/Models/Buildings/Bridge_01.fbx
  artifactKey: Guid(2a1d8275bed287f4ab6cab011df86adc) Importer(815301076,1909f56bfc062723c751e8b465ee728b)
Start importing Assets/WoodsLifestyle/Models/Buildings/Bridge_01.fbx using Guid(2a1d8275bed287f4ab6cab011df86adc) Importer(815301076,1909f56bfc062723c751e8b465ee728b)  -> (artifact id: '44eced9e3afe7f3a412fe33268dee4a7') in 0.021316 seconds 
========================================================================
Received Import Request.
  Time since last request: 0.000017 seconds.
  path: Assets/WoodsLifestyle/Models/Buildings/Swing_01.fbx
  artifactKey: Guid(8d60407cc3e387d4fb96fc10c425e24d) Importer(815301076,1909f56bfc062723c751e8b465ee728b)
Start importing Assets/WoodsLifestyle/Models/Buildings/Swing_01.fbx using Guid(8d60407cc3e387d4fb96fc10c425e24d) Importer(815301076,1909f56bfc062723c751e8b465ee728b)  -> (artifact id: '7560d4598f818ac85eafbc4470266afa') in 0.010502 seconds 
========================================================================
Received Import Request.
  Time since last request: 0.000027 seconds.
  path: Assets/WoodsLifestyle/Models/Buildings/Tent_01.fbx
  artifactKey: Guid(369f6e2183b722643a362091261e9359) Importer(815301076,1909f56bfc062723c751e8b465ee728b)
Start importing Assets/WoodsLifestyle/Models/Buildings/Tent_01.fbx using Guid(369f6e2183b722643a362091261e9359) Importer(815301076,1909f56bfc062723c751e8b465ee728b)  -> (artifact id: 'c651aa1411f04009b0599d945ff4fa8c') in 0.010765 seconds 
========================================================================
Received Import Request.
  Time since last request: 4.398510 seconds.
  path: Assets/WoodsLifestyle/Prefabs/Buildings
  artifactKey: Guid(a904ef08594060f448a88792472e595b) Importer(815301076,1909f56bfc062723c751e8b465ee728b)
Start importing Assets/WoodsLifestyle/Prefabs/Buildings using Guid(a904ef08594060f448a88792472e595b) Importer(815301076,1909f56bfc062723c751e8b465ee728b)  -> (artifact id: '4886bc871be4f2ff6a8fa3a0fa542b2d') in 0.000707 seconds 
========================================================================
Received Import Request.
  Time since last request: 0.099262 seconds.
  path: Assets/WoodsLifestyle/Prefabs/Buildings/WaterTower_01.prefab
  artifactKey: Guid(2fac3f3aae099724eb165062c6b7d5a1) Importer(815301076,1909f56bfc062723c751e8b465ee728b)
Start importing Assets/WoodsLifestyle/Prefabs/Buildings/WaterTower_01.prefab using Guid(2fac3f3aae099724eb165062c6b7d5a1) Importer(815301076,1909f56bfc062723c751e8b465ee728b)  -> (artifact id: 'bfe3770c8e0ca155230756252af34481') in 0.010924 seconds 
========================================================================
Received Import Request.
  Time since last request: 4.415054 seconds.
  path: Assets/WoodsLifestyle/Textures/FullRange_All_01.png
  artifactKey: Guid(e5b3d55f7ed62d94fbe29f014ab9b997) Importer(815301076,1909f56bfc062723c751e8b465ee728b)
Start importing Assets/WoodsLifestyle/Textures/FullRange_All_01.png using Guid(e5b3d55f7ed62d94fbe29f014ab9b997) Importer(815301076,1909f56bfc062723c751e8b465ee728b)  -> (artifact id: '7051596ce9b7fd300005e4e85d384edc') in 0.026635 seconds 
========================================================================
Received Import Request.
  Time since last request: 7.291566 seconds.
  path: Assets/Pure Poly/Free Low Poly Nature Pack
  artifactKey: Guid(1d4d90ab14fb5a4419b5ac2295ff551f) Importer(815301076,1909f56bfc062723c751e8b465ee728b)
Start importing Assets/Pure Poly/Free Low Poly Nature Pack using Guid(1d4d90ab14fb5a4419b5ac2295ff551f) Importer(815301076,1909f56bfc062723c751e8b465ee728b)  -> (artifact id: '8b94b89119cf91f8e1f803c6efebce8a') in 0.000857 seconds 
========================================================================
Received Import Request.
  Time since last request: 2.741608 seconds.
  path: Assets/Pure Poly/Free Low Poly Nature Pack/Scenes
  artifactKey: Guid(6327ca9f9eb274c4099a6215c60fd47a) Importer(815301076,1909f56bfc062723c751e8b465ee728b)
Start importing Assets/Pure Poly/Free Low Poly Nature Pack/Scenes using Guid(6327ca9f9eb274c4099a6215c60fd47a) Importer(815301076,1909f56bfc062723c751e8b465ee728b)  -> (artifact id: '8fff5f9252c6d2bbe06e8919d6e1ac8e') in 0.000629 seconds 
========================================================================
Received Import Request.
  Time since last request: 1.575566 seconds.
  path: Assets/Pure Poly/Free Low Poly Nature Pack/Scenes/Demo_01.unity
  artifactKey: Guid(164fc101ab8f1584d9f3f9772734e457) Importer(815301076,1909f56bfc062723c751e8b465ee728b)
Start importing Assets/Pure Poly/Free Low Poly Nature Pack/Scenes/Demo_01.unity using Guid(164fc101ab8f1584d9f3f9772734e457) Importer(815301076,1909f56bfc062723c751e8b465ee728b)  -> (artifact id: 'd405c4b4de6de751c2ea08cc31a64bb8') in 0.000926 seconds 
========================================================================
Received Import Request.
  Time since last request: 10.221534 seconds.
  path: Assets/Pure Poly/Free Low Poly Nature Pack/Scenes/Demo_List.unity
  artifactKey: Guid(c5fac116710c5e743a2245d7f2e9ceea) Importer(815301076,1909f56bfc062723c751e8b465ee728b)
Start importing Assets/Pure Poly/Free Low Poly Nature Pack/Scenes/Demo_List.unity using Guid(c5fac116710c5e743a2245d7f2e9ceea) Importer(815301076,1909f56bfc062723c751e8b465ee728b)  -> (artifact id: 'c64ad270599d0574d6acb0f2b4114c66') in 0.000792 seconds 
========================================================================
Received Import Request.
  Time since last request: 45.465674 seconds.
  path: Assets/EmaceArt_LavaPlant/Scene
  artifactKey: Guid(050ae151c617c434a94a97c7a9cf89b7) Importer(815301076,1909f56bfc062723c751e8b465ee728b)
Start importing Assets/EmaceArt_LavaPlant/Scene using Guid(050ae151c617c434a94a97c7a9cf89b7) Importer(815301076,1909f56bfc062723c751e8b465ee728b)  -> (artifact id: '1586a052933e16276093e07954e83a2e') in 0.000859 seconds 
========================================================================
Received Import Request.
  Time since last request: 397.846448 seconds.
  path: Assets/Low Poly Environment Starter Kit/Prefabs
  artifactKey: Guid(b4d4679356162784c892d878a01f42a6) Importer(815301076,1909f56bfc062723c751e8b465ee728b)
Start importing Assets/Low Poly Environment Starter Kit/Prefabs using Guid(b4d4679356162784c892d878a01f42a6) Importer(815301076,1909f56bfc062723c751e8b465ee728b)  -> (artifact id: 'f5d267907633e7afd1f7748c587da0e4') in 0.000923 seconds 
========================================================================
Received Import Request.
  Time since last request: 4.895558 seconds.
  path: Assets/Low Poly Environment Starter Kit/Prefabs/Standard
  artifactKey: Guid(ff6517277e1973943a30ca8ab0dd7b91) Importer(815301076,1909f56bfc062723c751e8b465ee728b)
Start importing Assets/Low Poly Environment Starter Kit/Prefabs/Standard using Guid(ff6517277e1973943a30ca8ab0dd7b91) Importer(815301076,1909f56bfc062723c751e8b465ee728b)  -> (artifact id: 'af9a01bd8914a86d53a68dfe3480c4d7') in 0.000919 seconds 
========================================================================
Received Import Request.
  Time since last request: 1.417181 seconds.
  path: Assets/Low Poly Environment Starter Kit/Prefabs/Standard/Terrains
  artifactKey: Guid(261b1f62fa62d8e419edc5753ef305b5) Importer(815301076,1909f56bfc062723c751e8b465ee728b)
Start importing Assets/Low Poly Environment Starter Kit/Prefabs/Standard/Terrains using Guid(261b1f62fa62d8e419edc5753ef305b5) Importer(815301076,1909f56bfc062723c751e8b465ee728b)  -> (artifact id: 'a0a977255b887131eb295d1a4cfe87a7') in 0.000777 seconds 
========================================================================
Received Import Request.
  Time since last request: 0.085653 seconds.
  path: Assets/Low Poly Environment Starter Kit/Prefabs/Standard/Terrains/Canyon.prefab
  artifactKey: Guid(985c3c522ee33b741aab32c7e218ad76) Importer(815301076,1909f56bfc062723c751e8b465ee728b)
Start importing Assets/Low Poly Environment Starter Kit/Prefabs/Standard/Terrains/Canyon.prefab using Guid(985c3c522ee33b741aab32c7e218ad76) Importer(815301076,1909f56bfc062723c751e8b465ee728b)  -> (artifact id: 'fa88745ab9f430cf9f9e44b865ddefbc') in 0.009980 seconds 
========================================================================
Received Import Request.
  Time since last request: 0.000030 seconds.
  path: Assets/Low Poly Environment Starter Kit/Prefabs/Standard/Terrains/Mountain 3.prefab
  artifactKey: Guid(6baa815c0a819ba4aa43eeea7a177a2a) Importer(815301076,1909f56bfc062723c751e8b465ee728b)
Start importing Assets/Low Poly Environment Starter Kit/Prefabs/Standard/Terrains/Mountain 3.prefab using Guid(6baa815c0a819ba4aa43eeea7a177a2a) Importer(815301076,1909f56bfc062723c751e8b465ee728b)  -> (artifact id: '0af33615d1efcbf4d12bd5581d49a18f') in 0.066527 seconds 
========================================================================
Received Import Request.
  Time since last request: 0.000023 seconds.
  path: Assets/Low Poly Environment Starter Kit/Prefabs/Standard/Terrains/Lake.prefab
  artifactKey: Guid(52b913ae760450748b3689351167e95d) Importer(815301076,1909f56bfc062723c751e8b465ee728b)
Start importing Assets/Low Poly Environment Starter Kit/Prefabs/Standard/Terrains/Lake.prefab using Guid(52b913ae760450748b3689351167e95d) Importer(815301076,1909f56bfc062723c751e8b465ee728b)  -> (artifact id: '5b377528d7ef2504659b53330416a87d') in 0.038886 seconds 
========================================================================
Received Prepare
Registering precompiled user dll's ...
Registered in 0.002091 seconds.
Begin MonoManager ReloadAssembly
Symbol file LoadedFromMemory doesn't match image D:\My project\Library\PackageCache\com.unity.visualscripting@1.8.0\Editor\VisualScripting.Core\Dependencies\YamlDotNet\Unity.VisualScripting.YamlDotNet.dll
Symbol file LoadedFromMemory doesn't match image D:\My project\Library\PackageCache\com.unity.visualscripting@1.8.0\Editor\VisualScripting.Core\Dependencies\DotNetZip\Unity.VisualScripting.IonicZip.dll
Native extension for WindowsStandalone target not found
Refreshing native plugins compatible for Editor in 0.69 ms, found 3 plugins.
Preloading 0 native plugins for Editor in 0.00 ms.
Mono: successfully reloaded assembly
- Completed reload, in  0.981 seconds
Domain Reload Profiling:
	ReloadAssembly (982ms)
		BeginReloadAssembly (139ms)
			ExecutionOrderSort (0ms)
			DisableScriptedObjects (5ms)
			BackupInstance (0ms)
			ReleaseScriptingObjects (0ms)
			CreateAndSetChildDomain (40ms)
		EndReloadAssembly (755ms)
			LoadAssemblies (73ms)
			RebuildTransferFunctionScriptingTraits (0ms)
			SetupTypeCache (278ms)
			ReleaseScriptCaches (2ms)
			RebuildScriptCaches (39ms)
			SetupLoadedEditorAssemblies (324ms)
				LogAssemblyErrors (0ms)
				InitializePlatformSupportModulesInManaged (6ms)
				SetLoadedEditorAssemblies (1ms)
				RefreshPlugins (1ms)
				BeforeProcessingInitializeOnLoad (62ms)
				ProcessInitializeOnLoadAttributes (226ms)
				ProcessInitializeOnLoadMethodAttributes (24ms)
				AfterProcessingInitializeOnLoad (5ms)
				EditorAssembliesLoaded (0ms)
			ExecutionOrderSort2 (0ms)
			AwakeInstancesAfterBackupRestoration (6ms)
Platform modules already initialized, skipping
Refreshing native plugins compatible for Editor in 1.61 ms, found 3 plugins.
Preloading 0 native plugins for Editor in 0.00 ms.
Unloading 3044 Unused Serialized files (Serialized files now loaded: 0)
Unloading 16 unused Assets / (25.4 KB). Loaded Objects now: 3545.
Memory consumption went from 124.5 MB to 124.4 MB.
Total: 2.937500 ms (FindLiveObjects: 0.301000 ms CreateObjectMapping: 0.126400 ms MarkObjects: 2.476800 ms  DeleteObjects: 0.031900 ms)

AssetImportParameters requested are different than current active one (requested -> active):
  custom:video-decoder-ogg-theora: a1e56fd34408186e4bbccfd4996cb3dc -> 
  custom:container-muxer-webm: aa71ff27fc2769a1b78a27578f13a17b -> 
  custom:container-demuxer-webm: 4f35f7cbe854078d1ac9338744f61a02 -> 
  custom:video-encoder-webm-vp8: eb34c28f22e8b96e1ab97ce403110664 -> 
  custom:audio-encoder-webm-vorbis: bf7c407c2cedff20999df2af8eb42d56 -> 
  custom:framework-win-MediaFoundation: 216162199b28c13a410421893ffa2e32 -> 
  custom:container-demuxer-ogg: 62fdf1f143b41e24485cea50d1cbac27 -> 
  custom:video-decoder-webm-vp8: 9c59270c3fd7afecdb556c50c9e8de78 -> 
  custom:audio-decoder-ogg-vorbis: bf7c407c2cedff20999df2af8eb42d56 -> 
Editor requested this worker to shutdown with reason: Scaling down because of idle timeout
AssetImportWorker is now disconnected from the server
Process exiting
Exiting without the bug reporter. Application will terminate with return code 0