Using pre-set license
Built from '2021.3/staging' branch; Version is '2021.3.26f1 (a16dc32e0ff2) revision 10579395'; Using compiler version '192829333'; Build Type 'Release'
OS: 'Windows 10  (10.0.19044) 64bit Professional' Language: 'ru' Physical Memory: 24277 MB
BatchMode: 1, IsHumanControllingUs: 0, StartBugReporterOnCrash: 0, Is64bit: 1, IsPro: 1

COMMAND LINE ARGUMENTS:
D:\Unity 2021.3.8.f1\Editor\2021.3.26f1\Editor\Unity.exe
-adb2
-batchMode
-noUpm
-name
AssetImportWorker0
-projectPath
D:/My project
-logFile
Logs/AssetImportWorker0.log
-srvPort
49305
Successfully changed project path to: D:/My project
D:/My project
[UnityMemory] Configuration Parameters - Can be set up in boot.config
    "memorysetup-bucket-allocator-granularity=16"
    "memorysetup-bucket-allocator-bucket-count=8"
    "memorysetup-bucket-allocator-block-size=33554432"
    "memorysetup-bucket-allocator-block-count=8"
    "memorysetup-main-allocator-block-size=16777216"
    "memorysetup-thread-allocator-block-size=16777216"
    "memorysetup-gfx-main-allocator-block-size=16777216"
    "memorysetup-gfx-thread-allocator-block-size=16777216"
    "memorysetup-cache-allocator-block-size=4194304"
    "memorysetup-typetree-allocator-block-size=2097152"
    "memorysetup-profiler-bucket-allocator-granularity=16"
    "memorysetup-profiler-bucket-allocator-bucket-count=8"
    "memorysetup-profiler-bucket-allocator-block-size=33554432"
    "memorysetup-profiler-bucket-allocator-block-count=8"
    "memorysetup-profiler-allocator-block-size=16777216"
    "memorysetup-profiler-editor-allocator-block-size=1048576"
    "memorysetup-temp-allocator-size-main=16777216"
    "memorysetup-job-temp-allocator-block-size=2097152"
    "memorysetup-job-temp-allocator-block-size-background=1048576"
    "memorysetup-job-temp-allocator-reduction-small-platforms=262144"
    "memorysetup-temp-allocator-size-background-worker=32768"
    "memorysetup-temp-allocator-size-job-worker=262144"
    "memorysetup-temp-allocator-size-preload-manager=33554432"
    "memorysetup-temp-allocator-size-nav-mesh-worker=65536"
    "memorysetup-temp-allocator-size-audio-worker=65536"
    "memorysetup-temp-allocator-size-cloud-worker=32768"
    "memorysetup-temp-allocator-size-gi-baking-worker=262144"
    "memorysetup-temp-allocator-size-gfx=262144"
Player connection [2180] Host "[IP] 192.168.0.11 [Port] 0 [Flags] 2 [Guid] 2406116454 [EditorId] 2406116454 [Version] 1048832 [Id] WindowsEditor(7,DESKTOP-G2LRSFP) [Debug] 1 [PackageName] WindowsEditor [ProjectName] Editor" joined multi-casting on [225.0.0.222:54997]...

Player connection [2180] Host "[IP] 192.168.0.11 [Port] 0 [Flags] 2 [Guid] 2406116454 [EditorId] 2406116454 [Version] 1048832 [Id] WindowsEditor(7,DESKTOP-G2LRSFP) [Debug] 1 [PackageName] WindowsEditor [ProjectName] Editor" joined alternative multi-casting on [225.0.0.222:34997]...

Refreshing native plugins compatible for Editor in 52.94 ms, found 3 plugins.
Preloading 0 native plugins for Editor in 0.00 ms.
Initialize engine version: 2021.3.26f1 (a16dc32e0ff2)
[Subsystems] Discovering subsystems at path D:/Unity 2021.3.8.f1/Editor/2021.3.26f1/Editor/Data/Resources/UnitySubsystems
[Subsystems] Discovering subsystems at path D:/My project/Assets
GfxDevice: creating device client; threaded=0; jobified=0
Direct3D:
    Version:  Direct3D 11.0 [level 11.1]
    Renderer: NVIDIA GeForce RTX 3050 Laptop GPU (ID=0x25a2)
    Vendor:   NVIDIA
    VRAM:     3977 MB
    Driver:   31.0.15.3758
Initialize mono
Mono path[0] = 'D:/Unity 2021.3.8.f1/Editor/2021.3.26f1/Editor/Data/Managed'
Mono path[1] = 'D:/Unity 2021.3.8.f1/Editor/2021.3.26f1/Editor/Data/MonoBleedingEdge/lib/mono/unityjit-win32'
Mono config path = 'D:/Unity 2021.3.8.f1/Editor/2021.3.26f1/Editor/Data/MonoBleedingEdge/etc'
Using monoOptions --debugger-agent=transport=dt_socket,embedding=1,server=y,suspend=n,address=127.0.0.1:56452
Begin MonoManager ReloadAssembly
Registering precompiled unity dll's ...
Register platform support module: D:/Unity 2021.3.8.f1/Editor/2021.3.26f1/Editor/Data/PlaybackEngines/WindowsStandaloneSupport/UnityEditor.WindowsStandalone.Extensions.dll
Registered in 0.002351 seconds.
Native extension for WindowsStandalone target not found
Refreshing native plugins compatible for Editor in 57.14 ms, found 3 plugins.
Preloading 0 native plugins for Editor in 0.00 ms.
Mono: successfully reloaded assembly
- Completed reload, in  0.472 seconds
Domain Reload Profiling:
	ReloadAssembly (472ms)
		BeginReloadAssembly (60ms)
			ExecutionOrderSort (0ms)
			DisableScriptedObjects (0ms)
			BackupInstance (0ms)
			ReleaseScriptingObjects (0ms)
			CreateAndSetChildDomain (1ms)
		EndReloadAssembly (341ms)
			LoadAssemblies (60ms)
			RebuildTransferFunctionScriptingTraits (0ms)
			SetupTypeCache (86ms)
			ReleaseScriptCaches (0ms)
			RebuildScriptCaches (22ms)
			SetupLoadedEditorAssemblies (194ms)
				LogAssemblyErrors (0ms)
				InitializePlatformSupportModulesInManaged (5ms)
				SetLoadedEditorAssemblies (0ms)
				RefreshPlugins (57ms)
				BeforeProcessingInitializeOnLoad (1ms)
				ProcessInitializeOnLoadAttributes (93ms)
				ProcessInitializeOnLoadMethodAttributes (36ms)
				AfterProcessingInitializeOnLoad (0ms)
				EditorAssembliesLoaded (0ms)
			ExecutionOrderSort2 (0ms)
			AwakeInstancesAfterBackupRestoration (0ms)
Platform modules already initialized, skipping
Registering precompiled user dll's ...
Registered in 0.001806 seconds.
Begin MonoManager ReloadAssembly
Symbol file LoadedFromMemory doesn't match image D:\My project\Library\PackageCache\com.unity.visualscripting@1.8.0\Editor\VisualScripting.Core\Dependencies\YamlDotNet\Unity.VisualScripting.YamlDotNet.dll
Symbol file LoadedFromMemory doesn't match image D:\My project\Library\PackageCache\com.unity.visualscripting@1.8.0\Editor\VisualScripting.Core\Dependencies\DotNetZip\Unity.VisualScripting.IonicZip.dll
Native extension for WindowsStandalone target not found
Refreshing native plugins compatible for Editor in 0.52 ms, found 3 plugins.
Preloading 0 native plugins for Editor in 0.00 ms.
Mono: successfully reloaded assembly
- Completed reload, in  0.730 seconds
Domain Reload Profiling:
	ReloadAssembly (730ms)
		BeginReloadAssembly (88ms)
			ExecutionOrderSort (0ms)
			DisableScriptedObjects (5ms)
			BackupInstance (0ms)
			ReleaseScriptingObjects (0ms)
			CreateAndSetChildDomain (18ms)
		EndReloadAssembly (563ms)
			LoadAssemblies (60ms)
			RebuildTransferFunctionScriptingTraits (0ms)
			SetupTypeCache (199ms)
			ReleaseScriptCaches (1ms)
			RebuildScriptCaches (40ms)
			SetupLoadedEditorAssemblies (240ms)
				LogAssemblyErrors (0ms)
				InitializePlatformSupportModulesInManaged (3ms)
				SetLoadedEditorAssemblies (0ms)
				RefreshPlugins (1ms)
				BeforeProcessingInitializeOnLoad (51ms)
				ProcessInitializeOnLoadAttributes (166ms)
				ProcessInitializeOnLoadMethodAttributes (16ms)
				AfterProcessingInitializeOnLoad (3ms)
				EditorAssembliesLoaded (0ms)
			ExecutionOrderSort2 (0ms)
			AwakeInstancesAfterBackupRestoration (4ms)
Platform modules already initialized, skipping
========================================================================
Worker process is ready to serve import requests
Launched and connected shader compiler UnityShaderCompiler.exe after 0.03 seconds
Refreshing native plugins compatible for Editor in 0.74 ms, found 3 plugins.
Preloading 0 native plugins for Editor in 0.00 ms.
Unloading 3051 Unused Serialized files (Serialized files now loaded: 0)
Unloading 22 unused Assets / (56.1 KB). Loaded Objects now: 3513.
Memory consumption went from 108.2 MB to 108.1 MB.
Total: 2.414800 ms (FindLiveObjects: 0.236500 ms CreateObjectMapping: 0.080300 ms MarkObjects: 2.023300 ms  DeleteObjects: 0.073800 ms)

AssetImportParameters requested are different than current active one (requested -> active):
  custom:video-decoder-ogg-theora: a1e56fd34408186e4bbccfd4996cb3dc -> 
  custom:container-muxer-webm: aa71ff27fc2769a1b78a27578f13a17b -> 
  custom:container-demuxer-webm: 4f35f7cbe854078d1ac9338744f61a02 -> 
  custom:video-encoder-webm-vp8: eb34c28f22e8b96e1ab97ce403110664 -> 
  custom:audio-encoder-webm-vorbis: bf7c407c2cedff20999df2af8eb42d56 -> 
  custom:framework-win-MediaFoundation: 216162199b28c13a410421893ffa2e32 -> 
  custom:container-demuxer-ogg: 62fdf1f143b41e24485cea50d1cbac27 -> 
  custom:video-decoder-webm-vp8: 9c59270c3fd7afecdb556c50c9e8de78 -> 
  custom:audio-decoder-ogg-vorbis: bf7c407c2cedff20999df2af8eb42d56 -> 
========================================================================
Received Import Request.
  Time since last request: 8894.570025 seconds.
  path: Assets/EmaceArt/LowPolyNatureProject - EA04 Tiny Forest Remastered
  artifactKey: Guid(7b81d788e37cb11479a474f4e971f74d) Importer(815301076,1909f56bfc062723c751e8b465ee728b)
Start importing Assets/EmaceArt/LowPolyNatureProject - EA04 Tiny Forest Remastered using Guid(7b81d788e37cb11479a474f4e971f74d) Importer(815301076,1909f56bfc062723c751e8b465ee728b)  -> (artifact id: '2168ae4ce2973e111f31104088c3cf40') in 0.005654 seconds 
========================================================================
Received Import Request.
  Time since last request: 0.583132 seconds.
  path: Assets/EmaceArt/LowPolyNatureProject - EA04 Tiny Forest Remastered/Terrain
  artifactKey: Guid(fd2d625fcf5db5949bfe3900d9fcb115) Importer(815301076,1909f56bfc062723c751e8b465ee728b)
Start importing Assets/EmaceArt/LowPolyNatureProject - EA04 Tiny Forest Remastered/Terrain using Guid(fd2d625fcf5db5949bfe3900d9fcb115) Importer(815301076,1909f56bfc062723c751e8b465ee728b)  -> (artifact id: 'e5e19a03ac3a9c4f9c4df0dd9c8da0c6') in 0.001782 seconds 
========================================================================
Received Import Request.
  Time since last request: 0.071745 seconds.
  path: Assets/EmaceArt/LowPolyNatureProject - EA04 Tiny Forest Remastered/Terrain/New Terrain 2.asset
  artifactKey: Guid(d9eeb067d28058a4e8b69dcb95a6089a) Importer(815301076,1909f56bfc062723c751e8b465ee728b)
Start importing Assets/EmaceArt/LowPolyNatureProject - EA04 Tiny Forest Remastered/Terrain/New Terrain 2.asset using Guid(d9eeb067d28058a4e8b69dcb95a6089a) Importer(815301076,1909f56bfc062723c751e8b465ee728b)  -> (artifact id: 'cff173df14b668614b8a26402bd9125a') in 0.092499 seconds 
========================================================================
Received Import Request.
  Time since last request: 14.667679 seconds.
  path: Assets/EmaceArt/LowPolyNatureProject - EA04 Tiny Forest Remastered/Prefabs/Grass
  artifactKey: Guid(8d9d8b5fcc8380346bae6db2bd676554) Importer(815301076,1909f56bfc062723c751e8b465ee728b)
Start importing Assets/EmaceArt/LowPolyNatureProject - EA04 Tiny Forest Remastered/Prefabs/Grass using Guid(8d9d8b5fcc8380346bae6db2bd676554) Importer(815301076,1909f56bfc062723c751e8b465ee728b)  -> (artifact id: '7e30eae33a62925baf88f4ff64a018b6') in 0.000984 seconds 
========================================================================
Received Import Request.
  Time since last request: 0.135034 seconds.
  path: Assets/EmaceArt/LowPolyNatureProject - EA04 Tiny Forest Remastered/Prefabs/Grass/EA04_Grass_Stick_01a_PRE.prefab
  artifactKey: Guid(2fbd48f0b26034a46afbbeae89243afa) Importer(815301076,1909f56bfc062723c751e8b465ee728b)
Start importing Assets/EmaceArt/LowPolyNatureProject - EA04 Tiny Forest Remastered/Prefabs/Grass/EA04_Grass_Stick_01a_PRE.prefab using Guid(2fbd48f0b26034a46afbbeae89243afa) Importer(815301076,1909f56bfc062723c751e8b465ee728b)  -> (artifact id: 'b18cc0111773f0aaae4b07149489fb69') in 0.170625 seconds 
========================================================================
Received Import Request.
  Time since last request: 2.057826 seconds.
  path: Assets/EmaceArt/LowPolyNatureProject - EA04 Tiny Forest Remastered/Meshes/EA04_Grass_Stick_01a.fbx
  artifactKey: Guid(169b507305ea88a46892f3d3b80c004a) Importer(815301076,1909f56bfc062723c751e8b465ee728b)
Start importing Assets/EmaceArt/LowPolyNatureProject - EA04 Tiny Forest Remastered/Meshes/EA04_Grass_Stick_01a.fbx using Guid(169b507305ea88a46892f3d3b80c004a) Importer(815301076,1909f56bfc062723c751e8b465ee728b)  -> (artifact id: '0b641b6751ba1774e15b67935241b3aa') in 0.040987 seconds 
========================================================================
Received Import Request.
  Time since last request: 0.000016 seconds.
  path: Assets/EmaceArt/LowPolyNatureProject - EA04 Tiny Forest Remastered/Meshes/EA04_Trees_Cuboids_01a.fbx
  artifactKey: Guid(de57fe4cd55999a4db8eec68223ed5cb) Importer(815301076,1909f56bfc062723c751e8b465ee728b)
Start importing Assets/EmaceArt/LowPolyNatureProject - EA04 Tiny Forest Remastered/Meshes/EA04_Trees_Cuboids_01a.fbx using Guid(de57fe4cd55999a4db8eec68223ed5cb) Importer(815301076,1909f56bfc062723c751e8b465ee728b)  -> (artifact id: 'e70af7a3fd331b2192e8a3a845aea53c') in 0.024387 seconds 
========================================================================
Received Import Request.
  Time since last request: 0.000019 seconds.
  path: Assets/EmaceArt/LowPolyNatureProject - EA04 Tiny Forest Remastered/Meshes/EA04_Rocks_Snot_01a.fbx
  artifactKey: Guid(6c30d7f7ef1430b4eaf0cbff5dd08a39) Importer(815301076,1909f56bfc062723c751e8b465ee728b)
Start importing Assets/EmaceArt/LowPolyNatureProject - EA04 Tiny Forest Remastered/Meshes/EA04_Rocks_Snot_01a.fbx using Guid(6c30d7f7ef1430b4eaf0cbff5dd08a39) Importer(815301076,1909f56bfc062723c751e8b465ee728b)  -> (artifact id: '48b969d3c7ad878ff2a2828f5904176a') in 0.024516 seconds 
========================================================================
Received Import Request.
  Time since last request: 0.000024 seconds.
  path: Assets/EmaceArt/LowPolyNatureProject - EA04 Tiny Forest Remastered/Meshes/EA04_Trees_Stoolids_01b.fbx
  artifactKey: Guid(27b41da1c62530644ba1480e74bc4274) Importer(815301076,1909f56bfc062723c751e8b465ee728b)
Start importing Assets/EmaceArt/LowPolyNatureProject - EA04 Tiny Forest Remastered/Meshes/EA04_Trees_Stoolids_01b.fbx using Guid(27b41da1c62530644ba1480e74bc4274) Importer(815301076,1909f56bfc062723c751e8b465ee728b)  -> (artifact id: '3d8000f7aba7a3dfd9dfdf56e24329b9') in 0.031593 seconds 
========================================================================
Received Import Request.
  Time since last request: 0.000023 seconds.
  path: Assets/EmaceArt/LowPolyNatureProject - EA04 Tiny Forest Remastered/Meshes/EA04_Trees_Tire_01d.fbx
  artifactKey: Guid(3558a1f932a73dc4fabfc06214f0941d) Importer(815301076,1909f56bfc062723c751e8b465ee728b)
Start importing Assets/EmaceArt/LowPolyNatureProject - EA04 Tiny Forest Remastered/Meshes/EA04_Trees_Tire_01d.fbx using Guid(3558a1f932a73dc4fabfc06214f0941d) Importer(815301076,1909f56bfc062723c751e8b465ee728b)  -> (artifact id: '03fb558889bd2f5fb884e316a4876824') in 0.031485 seconds 
========================================================================
Received Import Request.
  Time since last request: 0.000021 seconds.
  path: Assets/EmaceArt/LowPolyNatureProject - EA04 Tiny Forest Remastered/Meshes/EA04_Rocks_Stoolids_01d.fbx
  artifactKey: Guid(75f47cccdfd13c24b90e309cf72197bf) Importer(815301076,1909f56bfc062723c751e8b465ee728b)
Start importing Assets/EmaceArt/LowPolyNatureProject - EA04 Tiny Forest Remastered/Meshes/EA04_Rocks_Stoolids_01d.fbx using Guid(75f47cccdfd13c24b90e309cf72197bf) Importer(815301076,1909f56bfc062723c751e8b465ee728b)  -> (artifact id: '7bc3e6f970fdb263db21cf555fc6e4b5') in 0.026870 seconds 
========================================================================
Received Import Request.
  Time since last request: 1.688794 seconds.
  path: Assets/EmaceArt/LowPolyNatureProject - EA04 Tiny Forest Remastered/Material/EA04_LPNP-TinyForest_Colorsheet_v1.mat
  artifactKey: Guid(b6a037f85a603854c9f52e5cfd1d6f81) Importer(815301076,1909f56bfc062723c751e8b465ee728b)
Start importing Assets/EmaceArt/LowPolyNatureProject - EA04 Tiny Forest Remastered/Material/EA04_LPNP-TinyForest_Colorsheet_v1.mat using Guid(b6a037f85a603854c9f52e5cfd1d6f81) Importer(815301076,1909f56bfc062723c751e8b465ee728b)  -> (artifact id: '6f98d930329c09875ff64fc8d77c22ea') in 0.033337 seconds 
========================================================================
Received Import Request.
  Time since last request: 66.328940 seconds.
  path: Assets/Low Poly Environment Starter Kit/Prefabs/HDRP/Rocks/Rock 2.prefab
  artifactKey: Guid(8679deda0f8f2fe49a00281046f668bb) Importer(815301076,1909f56bfc062723c751e8b465ee728b)
Start importing Assets/Low Poly Environment Starter Kit/Prefabs/HDRP/Rocks/Rock 2.prefab using Guid(8679deda0f8f2fe49a00281046f668bb) Importer(815301076,1909f56bfc062723c751e8b465ee728b)  -> (artifact id: 'cb7fc3cca419d6548c8da1da5a20ffea') in 0.493351 seconds 
========================================================================
Received Import Request.
  Time since last request: 0.000035 seconds.
  path: Assets/Low Poly Environment Starter Kit/Prefabs/HDRP/Rocks/Rock Pile 1.prefab
  artifactKey: Guid(4bac1fb2510336345b46d088ec78919f) Importer(815301076,1909f56bfc062723c751e8b465ee728b)
Start importing Assets/Low Poly Environment Starter Kit/Prefabs/HDRP/Rocks/Rock Pile 1.prefab using Guid(4bac1fb2510336345b46d088ec78919f) Importer(815301076,1909f56bfc062723c751e8b465ee728b)  -> (artifact id: 'd7ca91bad3b4a455f68f389d3496bf1f') in 0.043749 seconds 
========================================================================
Received Import Request.
  Time since last request: 0.000059 seconds.
  path: Assets/Low Poly Environment Starter Kit/Prefabs/HDRP/Rocks/Rock 5.prefab
  artifactKey: Guid(69b4467e5f101614bb3bdeba2d78e579) Importer(815301076,1909f56bfc062723c751e8b465ee728b)
Start importing Assets/Low Poly Environment Starter Kit/Prefabs/HDRP/Rocks/Rock 5.prefab using Guid(69b4467e5f101614bb3bdeba2d78e579) Importer(815301076,1909f56bfc062723c751e8b465ee728b)  -> (artifact id: 'e79d5fe032c2be82c684b8bd9dce1b05') in 0.024990 seconds 
========================================================================
Received Import Request.
  Time since last request: 0.000026 seconds.
  path: Assets/Low Poly Environment Starter Kit/Prefabs/HDRP/Rocks/Rock 7.prefab
  artifactKey: Guid(f971cd7b222bb714d8d9b4ebc0474293) Importer(815301076,1909f56bfc062723c751e8b465ee728b)
Start importing Assets/Low Poly Environment Starter Kit/Prefabs/HDRP/Rocks/Rock 7.prefab using Guid(f971cd7b222bb714d8d9b4ebc0474293) Importer(815301076,1909f56bfc062723c751e8b465ee728b)  -> (artifact id: '326c24a73b6be32c2b23a7cde7355880') in 0.014325 seconds 
========================================================================
Received Import Request.
  Time since last request: 0.000244 seconds.
  path: Assets/Low Poly Environment Starter Kit/Prefabs/HDRP/Rocks/Rock 11.prefab
  artifactKey: Guid(c21822524dde38649a3229b4ac62996e) Importer(815301076,1909f56bfc062723c751e8b465ee728b)
Start importing Assets/Low Poly Environment Starter Kit/Prefabs/HDRP/Rocks/Rock 11.prefab using Guid(c21822524dde38649a3229b4ac62996e) Importer(815301076,1909f56bfc062723c751e8b465ee728b)  -> (artifact id: 'f0a0d6703be6160395d011f50957c327') in 0.014000 seconds 
========================================================================
Received Import Request.
  Time since last request: 0.000034 seconds.
  path: Assets/Low Poly Environment Starter Kit/Prefabs/HDRP/Rocks/Rock 3.prefab
  artifactKey: Guid(2ce58a54f67f26643a75225c439d9bb8) Importer(815301076,1909f56bfc062723c751e8b465ee728b)
Start importing Assets/Low Poly Environment Starter Kit/Prefabs/HDRP/Rocks/Rock 3.prefab using Guid(2ce58a54f67f26643a75225c439d9bb8) Importer(815301076,1909f56bfc062723c751e8b465ee728b)  -> (artifact id: '024682f01b2835e99a1b51cb06ad0281') in 0.016285 seconds 
========================================================================
Received Import Request.
  Time since last request: 0.000674 seconds.
  path: Assets/Low Poly Environment Starter Kit/Prefabs/HDRP/Rocks/Rock Pile 2.prefab
  artifactKey: Guid(07b179de58b5a9e4ab38dbf1ddf81795) Importer(815301076,1909f56bfc062723c751e8b465ee728b)
Start importing Assets/Low Poly Environment Starter Kit/Prefabs/HDRP/Rocks/Rock Pile 2.prefab using Guid(07b179de58b5a9e4ab38dbf1ddf81795) Importer(815301076,1909f56bfc062723c751e8b465ee728b)  -> (artifact id: '0c9ef5a064f880a740c2eb8326dc6c81') in 0.015050 seconds 
========================================================================
Received Import Request.
  Time since last request: 0.000027 seconds.
  path: Assets/Low Poly Environment Starter Kit/Prefabs/HDRP/Rocks/Rock 8.prefab
  artifactKey: Guid(fb578c961e8c1494fa68664f73879319) Importer(815301076,1909f56bfc062723c751e8b465ee728b)
Start importing Assets/Low Poly Environment Starter Kit/Prefabs/HDRP/Rocks/Rock 8.prefab using Guid(fb578c961e8c1494fa68664f73879319) Importer(815301076,1909f56bfc062723c751e8b465ee728b)  -> (artifact id: '222a80e258c49e55e24bbaeb18b5528e') in 0.016018 seconds 
========================================================================
Received Import Request.
  Time since last request: 0.000025 seconds.
  path: Assets/Low Poly Environment Starter Kit/Prefabs/HDRP/Rocks/Rock 4.prefab
  artifactKey: Guid(b1cb3e57280574a4e99330571349cf25) Importer(815301076,1909f56bfc062723c751e8b465ee728b)
Start importing Assets/Low Poly Environment Starter Kit/Prefabs/HDRP/Rocks/Rock 4.prefab using Guid(b1cb3e57280574a4e99330571349cf25) Importer(815301076,1909f56bfc062723c751e8b465ee728b)  -> (artifact id: '6e71e545f4377de7090f37b07d0d9875') in 0.013752 seconds 
========================================================================
Received Import Request.
  Time since last request: 0.002582 seconds.
  path: Assets/Low Poly Environment Starter Kit/Prefabs/HDRP/Rocks/Rock 12.prefab
  artifactKey: Guid(54254cdce3a8e4143b2de7c5c2beca5b) Importer(815301076,1909f56bfc062723c751e8b465ee728b)
Start importing Assets/Low Poly Environment Starter Kit/Prefabs/HDRP/Rocks/Rock 12.prefab using Guid(54254cdce3a8e4143b2de7c5c2beca5b) Importer(815301076,1909f56bfc062723c751e8b465ee728b)  -> (artifact id: '345968adb3087e070d590f53e4585534') in 0.015649 seconds 
========================================================================
Received Import Request.
  Time since last request: 34.386190 seconds.
  path: Assets/EmaceArt/LowPolyNatureProject - EA04 Tiny Forest Remastered/Textures/EA04_LPNP-Artefacts_Colorsheet_v1.psd
  artifactKey: Guid(3db3dff2810b8484c8e00ab8ccc49495) Importer(815301076,1909f56bfc062723c751e8b465ee728b)
Start importing Assets/EmaceArt/LowPolyNatureProject - EA04 Tiny Forest Remastered/Textures/EA04_LPNP-Artefacts_Colorsheet_v1.psd using Guid(3db3dff2810b8484c8e00ab8ccc49495) Importer(815301076,1909f56bfc062723c751e8b465ee728b)  -> (artifact id: '4ed224bc77e13d194efd8b580af78fbe') in 0.015354 seconds 
========================================================================
Received Import Request.
  Time since last request: 0.000016 seconds.
  path: Assets/EmaceArt/LowPolyNatureProject - EA04 Tiny Forest Remastered/Textures/EA04_LPNP-Artefacts_Colorsheet_v3.png
  artifactKey: Guid(d1894539f8d469144abed414f36225df) Importer(815301076,1909f56bfc062723c751e8b465ee728b)
Start importing Assets/EmaceArt/LowPolyNatureProject - EA04 Tiny Forest Remastered/Textures/EA04_LPNP-Artefacts_Colorsheet_v3.png using Guid(d1894539f8d469144abed414f36225df) Importer(815301076,1909f56bfc062723c751e8b465ee728b)  -> (artifact id: '874d4d91eccbf71bac9af397942c5cda') in 0.008810 seconds 
========================================================================
Received Import Request.
  Time since last request: 0.000015 seconds.
  path: Assets/EmaceArt/LowPolyNatureProject - EA04 Tiny Forest Remastered/Textures/EA04_LPNP-TinyForest_Colorsheet_v3.png
  artifactKey: Guid(ec2878ae430a7c24eab58a35bd911f7e) Importer(815301076,1909f56bfc062723c751e8b465ee728b)
Start importing Assets/EmaceArt/LowPolyNatureProject - EA04 Tiny Forest Remastered/Textures/EA04_LPNP-TinyForest_Colorsheet_v3.png using Guid(ec2878ae430a7c24eab58a35bd911f7e) Importer(815301076,1909f56bfc062723c751e8b465ee728b)  -> (artifact id: '494b8dda3213cb910e99f468832c1f21') in 0.026624 seconds 
========================================================================
Received Import Request.
  Time since last request: 33.698918 seconds.
  path: Assets/WoodsLifestyle/Models/Rocks/Rock_01_b.fbx
  artifactKey: Guid(6f18c16613e7c6a44a09d898d02e933f) Importer(815301076,1909f56bfc062723c751e8b465ee728b)
Start importing Assets/WoodsLifestyle/Models/Rocks/Rock_01_b.fbx using Guid(6f18c16613e7c6a44a09d898d02e933f) Importer(815301076,1909f56bfc062723c751e8b465ee728b)  -> (artifact id: '591af28426d4c61e2499d7f628d9b194') in 0.086391 seconds 
========================================================================
Received Import Request.
  Time since last request: 0.000016 seconds.
  path: Assets/WoodsLifestyle/Models/Rocks/Rock_03_a.fbx
  artifactKey: Guid(b2f682c2245381543bff05a3b6217ffe) Importer(815301076,1909f56bfc062723c751e8b465ee728b)
Start importing Assets/WoodsLifestyle/Models/Rocks/Rock_03_a.fbx using Guid(b2f682c2245381543bff05a3b6217ffe) Importer(815301076,1909f56bfc062723c751e8b465ee728b)  -> (artifact id: '2cdb6e713a7761d0815ca443f19283a9') in 0.035813 seconds 
========================================================================
Received Import Request.
  Time since last request: 0.000020 seconds.
  path: Assets/WoodsLifestyle/Models/Rocks/Rock_03_b.fbx
  artifactKey: Guid(705b3a06e14f51c4eba4aac6cfd8a06f) Importer(815301076,1909f56bfc062723c751e8b465ee728b)
Start importing Assets/WoodsLifestyle/Models/Rocks/Rock_03_b.fbx using Guid(705b3a06e14f51c4eba4aac6cfd8a06f) Importer(815301076,1909f56bfc062723c751e8b465ee728b)  -> (artifact id: '9ffd19752eb6bede5f18d4fceaf3b2fc') in 0.143760 seconds 
========================================================================
Received Import Request.
  Time since last request: 0.000026 seconds.
  path: Assets/WoodsLifestyle/Models/Rocks/Rock_02_d.fbx
  artifactKey: Guid(39a092084d898ef448a0f820fdda52eb) Importer(815301076,1909f56bfc062723c751e8b465ee728b)
Start importing Assets/WoodsLifestyle/Models/Rocks/Rock_02_d.fbx using Guid(39a092084d898ef448a0f820fdda52eb) Importer(815301076,1909f56bfc062723c751e8b465ee728b)  -> (artifact id: '3128ee64838fe9980a9beaa690afaa45') in 0.039320 seconds 
========================================================================
Received Import Request.
  Time since last request: 0.000021 seconds.
  path: Assets/WoodsLifestyle/Models/Rocks/Rock_02_a.fbx
  artifactKey: Guid(ef055c2aa50ed0d45bd94546b973fdd0) Importer(815301076,1909f56bfc062723c751e8b465ee728b)
Start importing Assets/WoodsLifestyle/Models/Rocks/Rock_02_a.fbx using Guid(ef055c2aa50ed0d45bd94546b973fdd0) Importer(815301076,1909f56bfc062723c751e8b465ee728b)  -> (artifact id: '3cb22099a382bf5e392cb3ee7592b6e7') in 0.010642 seconds 
========================================================================
Received Import Request.
  Time since last request: 0.000027 seconds.
  path: Assets/WoodsLifestyle/Models/Rocks/Rock_03_c.fbx
  artifactKey: Guid(b90a50dc45489ba4282fbe4e8316a9e0) Importer(815301076,1909f56bfc062723c751e8b465ee728b)
Start importing Assets/WoodsLifestyle/Models/Rocks/Rock_03_c.fbx using Guid(b90a50dc45489ba4282fbe4e8316a9e0) Importer(815301076,1909f56bfc062723c751e8b465ee728b)  -> (artifact id: 'eb058919df5c65009c3d7cbfb8b8245a') in 0.014940 seconds 
========================================================================
Received Import Request.
  Time since last request: 2.269978 seconds.
  path: Assets/WoodsLifestyle/Models/Stairs_Ladders/Staircase_01.fbx
  artifactKey: Guid(279a9fc532b7d204db6e6e3f4bcfadb4) Importer(815301076,1909f56bfc062723c751e8b465ee728b)
Start importing Assets/WoodsLifestyle/Models/Stairs_Ladders/Staircase_01.fbx using Guid(279a9fc532b7d204db6e6e3f4bcfadb4) Importer(815301076,1909f56bfc062723c751e8b465ee728b)  -> (artifact id: '17b3f70ae22afaab07106e7863adff41') in 0.010359 seconds 
========================================================================
Received Import Request.
  Time since last request: 1.216347 seconds.
  path: Assets/WoodsLifestyle/Models/Fences/Fence_Closed_02.FBX
  artifactKey: Guid(efe393cd8023b8144ab589fb1bd31fd3) Importer(815301076,1909f56bfc062723c751e8b465ee728b)
Start importing Assets/WoodsLifestyle/Models/Fences/Fence_Closed_02.FBX using Guid(efe393cd8023b8144ab589fb1bd31fd3) Importer(815301076,1909f56bfc062723c751e8b465ee728b)  -> (artifact id: '6f5d7e138b5237290346f34b7b7f47ab') in 0.018685 seconds 
========================================================================
Received Import Request.
  Time since last request: 0.000020 seconds.
  path: Assets/WoodsLifestyle/Models/Fences/Fence_Open_07.FBX
  artifactKey: Guid(c44786528dd3de842a6650493e7bf997) Importer(815301076,1909f56bfc062723c751e8b465ee728b)
Start importing Assets/WoodsLifestyle/Models/Fences/Fence_Open_07.FBX using Guid(c44786528dd3de842a6650493e7bf997) Importer(815301076,1909f56bfc062723c751e8b465ee728b)  -> (artifact id: '2c8b49875a9761fabcdb542c54e5431b') in 0.050692 seconds 
========================================================================
Received Import Request.
  Time since last request: 0.000016 seconds.
  path: Assets/WoodsLifestyle/Models/Fences/Fence_Open_02.FBX
  artifactKey: Guid(b2cabdcda40f62543b9e44cbca62dea3) Importer(815301076,1909f56bfc062723c751e8b465ee728b)
Start importing Assets/WoodsLifestyle/Models/Fences/Fence_Open_02.FBX using Guid(b2cabdcda40f62543b9e44cbca62dea3) Importer(815301076,1909f56bfc062723c751e8b465ee728b)  -> (artifact id: 'd8e49cc7bf5bad027abfd18605c1e753') in 0.094742 seconds 
========================================================================
Received Import Request.
  Time since last request: 0.000027 seconds.
  path: Assets/WoodsLifestyle/Models/Fences/Fence_Full_08.FBX
  artifactKey: Guid(a9ad7b70dd7d571479ceb828933dfff3) Importer(815301076,1909f56bfc062723c751e8b465ee728b)
Start importing Assets/WoodsLifestyle/Models/Fences/Fence_Full_08.FBX using Guid(a9ad7b70dd7d571479ceb828933dfff3) Importer(815301076,1909f56bfc062723c751e8b465ee728b)  -> (artifact id: 'ab2f6e230ae7b1711190bdd1c60d7fd4') in 0.070918 seconds 
========================================================================
Received Import Request.
  Time since last request: 0.000026 seconds.
  path: Assets/WoodsLifestyle/Models/Fences/Fence_Full_01.FBX
  artifactKey: Guid(cee51a97e505ad64abd525183f373cf8) Importer(815301076,1909f56bfc062723c751e8b465ee728b)
Start importing Assets/WoodsLifestyle/Models/Fences/Fence_Full_01.FBX using Guid(cee51a97e505ad64abd525183f373cf8) Importer(815301076,1909f56bfc062723c751e8b465ee728b)  -> (artifact id: 'baaf5798770f79c44ab38160c47a693a') in 0.010286 seconds 
========================================================================
Received Import Request.
  Time since last request: 0.000021 seconds.
  path: Assets/WoodsLifestyle/Models/Fences/Fence_Open_08.FBX
  artifactKey: Guid(632b82bba31465a4e986fcffab1228b0) Importer(815301076,1909f56bfc062723c751e8b465ee728b)
Start importing Assets/WoodsLifestyle/Models/Fences/Fence_Open_08.FBX using Guid(632b82bba31465a4e986fcffab1228b0) Importer(815301076,1909f56bfc062723c751e8b465ee728b)  -> (artifact id: '9a3817b3f8444b50ce2e7997cd97fdad') in 0.010531 seconds 
========================================================================
Received Import Request.
  Time since last request: 0.000019 seconds.
  path: Assets/WoodsLifestyle/Models/Fences/Fence_Full_07.FBX
  artifactKey: Guid(9530fca49e37f9d409d11e24d7f87d82) Importer(815301076,1909f56bfc062723c751e8b465ee728b)
Start importing Assets/WoodsLifestyle/Models/Fences/Fence_Full_07.FBX using Guid(9530fca49e37f9d409d11e24d7f87d82) Importer(815301076,1909f56bfc062723c751e8b465ee728b)  -> (artifact id: 'ba1484f199108991d53efc1bceb8888d') in 0.011179 seconds 
========================================================================
Received Import Request.
  Time since last request: 0.000037 seconds.
  path: Assets/WoodsLifestyle/Models/Fences/Fence_Closed_05.FBX
  artifactKey: Guid(9569555fb5795e14c8ef63b952ccb08c) Importer(815301076,1909f56bfc062723c751e8b465ee728b)
Start importing Assets/WoodsLifestyle/Models/Fences/Fence_Closed_05.FBX using Guid(9569555fb5795e14c8ef63b952ccb08c) Importer(815301076,1909f56bfc062723c751e8b465ee728b)  -> (artifact id: '19c72a54a6d2173da53c313e19f819fe') in 0.014333 seconds 
========================================================================
Received Import Request.
  Time since last request: 0.915918 seconds.
  path: Assets/WoodsLifestyle/Models/Buildings/Bridge_02.fbx
  artifactKey: Guid(74c22cc3396c6c246abbeef5d6a6232d) Importer(815301076,1909f56bfc062723c751e8b465ee728b)
Start importing Assets/WoodsLifestyle/Models/Buildings/Bridge_02.fbx using Guid(74c22cc3396c6c246abbeef5d6a6232d) Importer(815301076,1909f56bfc062723c751e8b465ee728b)  -> (artifact id: '62c21d2b2d6713d160e9f87d91b6b9e5') in 0.020933 seconds 
========================================================================
Received Import Request.
  Time since last request: 0.000016 seconds.
  path: Assets/WoodsLifestyle/Models/Buildings/OutlookPost_01.fbx
  artifactKey: Guid(0b329f807539b8b49acd76266ae0b879) Importer(815301076,1909f56bfc062723c751e8b465ee728b)
Start importing Assets/WoodsLifestyle/Models/Buildings/OutlookPost_01.fbx using Guid(0b329f807539b8b49acd76266ae0b879) Importer(815301076,1909f56bfc062723c751e8b465ee728b)  -> (artifact id: 'cad18a88e2da66dd61e70c8e34319a8a') in 0.010664 seconds 
========================================================================
Received Import Request.
  Time since last request: 4.517619 seconds.
  path: Assets/WoodsLifestyle/Prefabs/Buildings/WaterTower_02.prefab
  artifactKey: Guid(e40605717bf1e7047ac99751212cd9b6) Importer(815301076,1909f56bfc062723c751e8b465ee728b)
Start importing Assets/WoodsLifestyle/Prefabs/Buildings/WaterTower_02.prefab using Guid(e40605717bf1e7047ac99751212cd9b6) Importer(815301076,1909f56bfc062723c751e8b465ee728b)  -> (artifact id: '650ede73c16be6eba2b0360ccc96e24e') in 0.013362 seconds 
========================================================================
Received Import Request.
  Time since last request: 476.021133 seconds.
  path: Assets/Low Poly Environment Starter Kit/Prefabs/Standard/Terrains/Field.prefab
  artifactKey: Guid(de7790c7607a35149a81731896a0405f) Importer(815301076,1909f56bfc062723c751e8b465ee728b)
Start importing Assets/Low Poly Environment Starter Kit/Prefabs/Standard/Terrains/Field.prefab using Guid(de7790c7607a35149a81731896a0405f) Importer(815301076,1909f56bfc062723c751e8b465ee728b)  -> (artifact id: 'b7b7eac502fcfa62e2aea6428af24a8e') in 0.022917 seconds 
========================================================================
Received Import Request.
  Time since last request: 0.000028 seconds.
  path: Assets/Low Poly Environment Starter Kit/Prefabs/Standard/Terrains/Forest.prefab
  artifactKey: Guid(006ebb435a2f4d940b4f350185a1547c) Importer(815301076,1909f56bfc062723c751e8b465ee728b)
Start importing Assets/Low Poly Environment Starter Kit/Prefabs/Standard/Terrains/Forest.prefab using Guid(006ebb435a2f4d940b4f350185a1547c) Importer(815301076,1909f56bfc062723c751e8b465ee728b)  -> (artifact id: 'b859789002ddc546c117ac827268ed80') in 0.016501 seconds 
========================================================================
Received Import Request.
  Time since last request: 0.000029 seconds.
  path: Assets/Low Poly Environment Starter Kit/Prefabs/Standard/Terrains/Mountain 1.prefab
  artifactKey: Guid(87b1a4ec87dd8eb4fb00818956f8c7bf) Importer(815301076,1909f56bfc062723c751e8b465ee728b)
Start importing Assets/Low Poly Environment Starter Kit/Prefabs/Standard/Terrains/Mountain 1.prefab using Guid(87b1a4ec87dd8eb4fb00818956f8c7bf) Importer(815301076,1909f56bfc062723c751e8b465ee728b)  -> (artifact id: 'd2ff85eddfd284609fc479a1e9d47096') in 0.074561 seconds 
========================================================================
Received Import Request.
  Time since last request: 0.000029 seconds.
  path: Assets/Low Poly Environment Starter Kit/Prefabs/Standard/Terrains/Mountain 2.prefab
  artifactKey: Guid(a008918f2d4272845bdbbae611dabfbc) Importer(815301076,1909f56bfc062723c751e8b465ee728b)
Start importing Assets/Low Poly Environment Starter Kit/Prefabs/Standard/Terrains/Mountain 2.prefab using Guid(a008918f2d4272845bdbbae611dabfbc) Importer(815301076,1909f56bfc062723c751e8b465ee728b)  -> (artifact id: '80c53b4addea19aa64b52a04cd0f6da8') in 0.008321 seconds 
========================================================================
Received Prepare
Registering precompiled user dll's ...
Registered in 0.001988 seconds.
Begin MonoManager ReloadAssembly
Symbol file LoadedFromMemory doesn't match image D:\My project\Library\PackageCache\com.unity.visualscripting@1.8.0\Editor\VisualScripting.Core\Dependencies\YamlDotNet\Unity.VisualScripting.YamlDotNet.dll
Symbol file LoadedFromMemory doesn't match image D:\My project\Library\PackageCache\com.unity.visualscripting@1.8.0\Editor\VisualScripting.Core\Dependencies\DotNetZip\Unity.VisualScripting.IonicZip.dll
Native extension for WindowsStandalone target not found
Refreshing native plugins compatible for Editor in 1.04 ms, found 3 plugins.
Preloading 0 native plugins for Editor in 0.00 ms.
Mono: successfully reloaded assembly
- Completed reload, in  0.964 seconds
Domain Reload Profiling:
	ReloadAssembly (965ms)
		BeginReloadAssembly (133ms)
			ExecutionOrderSort (0ms)
			DisableScriptedObjects (5ms)
			BackupInstance (0ms)
			ReleaseScriptingObjects (0ms)
			CreateAndSetChildDomain (39ms)
		EndReloadAssembly (744ms)
			LoadAssemblies (73ms)
			RebuildTransferFunctionScriptingTraits (0ms)
			SetupTypeCache (270ms)
			ReleaseScriptCaches (2ms)
			RebuildScriptCaches (38ms)
			SetupLoadedEditorAssemblies (323ms)
				LogAssemblyErrors (0ms)
				InitializePlatformSupportModulesInManaged (6ms)
				SetLoadedEditorAssemblies (1ms)
				RefreshPlugins (1ms)
				BeforeProcessingInitializeOnLoad (65ms)
				ProcessInitializeOnLoadAttributes (223ms)
				ProcessInitializeOnLoadMethodAttributes (24ms)
				AfterProcessingInitializeOnLoad (3ms)
				EditorAssembliesLoaded (0ms)
			ExecutionOrderSort2 (0ms)
			AwakeInstancesAfterBackupRestoration (6ms)
Platform modules already initialized, skipping
Refreshing native plugins compatible for Editor in 1.55 ms, found 3 plugins.
Preloading 0 native plugins for Editor in 0.00 ms.
Unloading 3044 Unused Serialized files (Serialized files now loaded: 0)
Unloading 18 unused Assets / (0.5 MB). Loaded Objects now: 3564.
Memory consumption went from 113.6 MB to 113.1 MB.
Total: 3.426600 ms (FindLiveObjects: 0.259600 ms CreateObjectMapping: 0.084900 ms MarkObjects: 2.719600 ms  DeleteObjects: 0.360800 ms)

AssetImportParameters requested are different than current active one (requested -> active):
  custom:video-decoder-ogg-theora: a1e56fd34408186e4bbccfd4996cb3dc -> 
  custom:container-muxer-webm: aa71ff27fc2769a1b78a27578f13a17b -> 
  custom:container-demuxer-webm: 4f35f7cbe854078d1ac9338744f61a02 -> 
  custom:video-encoder-webm-vp8: eb34c28f22e8b96e1ab97ce403110664 -> 
  custom:audio-encoder-webm-vorbis: bf7c407c2cedff20999df2af8eb42d56 -> 
  custom:framework-win-MediaFoundation: 216162199b28c13a410421893ffa2e32 -> 
  custom:container-demuxer-ogg: 62fdf1f143b41e24485cea50d1cbac27 -> 
  custom:video-decoder-webm-vp8: 9c59270c3fd7afecdb556c50c9e8de78 -> 
  custom:audio-decoder-ogg-vorbis: bf7c407c2cedff20999df2af8eb42d56 -> 
========================================================================
Received Import Request.
  Time since last request: 64.140575 seconds.
  path: Assets/Low Poly Environment Starter Kit/Prefabs/HDRP/Terrains/Field.prefab
  artifactKey: Guid(0071e96de91e23240803086a62892fce) Importer(815301076,1909f56bfc062723c751e8b465ee728b)
Start importing Assets/Low Poly Environment Starter Kit/Prefabs/HDRP/Terrains/Field.prefab using Guid(0071e96de91e23240803086a62892fce) Importer(815301076,1909f56bfc062723c751e8b465ee728b)  -> (artifact id: '4720b4caa46f96c892c4f534290fe36f') in 0.060197 seconds 
========================================================================
Received Import Request.
  Time since last request: 0.000025 seconds.
  path: Assets/Low Poly Environment Starter Kit/Prefabs/HDRP/Terrains/Mountain 1.prefab
  artifactKey: Guid(efddb74e82fe03e40a2517c897b0652f) Importer(815301076,1909f56bfc062723c751e8b465ee728b)
Start importing Assets/Low Poly Environment Starter Kit/Prefabs/HDRP/Terrains/Mountain 1.prefab using Guid(efddb74e82fe03e40a2517c897b0652f) Importer(815301076,1909f56bfc062723c751e8b465ee728b)  -> (artifact id: '31e8ca4e9b6fd9e36aaddd2c5749df7c') in 0.030311 seconds 
========================================================================
Received Import Request.
  Time since last request: 0.000030 seconds.
  path: Assets/Low Poly Environment Starter Kit/Prefabs/HDRP/Terrains/Mountain 3.prefab
  artifactKey: Guid(c4b312cc1794e9446a754737f9dc6e34) Importer(815301076,1909f56bfc062723c751e8b465ee728b)
Start importing Assets/Low Poly Environment Starter Kit/Prefabs/HDRP/Terrains/Mountain 3.prefab using Guid(c4b312cc1794e9446a754737f9dc6e34) Importer(815301076,1909f56bfc062723c751e8b465ee728b)  -> (artifact id: 'c6136d70bdbe82b574d7211d126452a4') in 0.011654 seconds 
========================================================================
Received Import Request.
  Time since last request: 0.000019 seconds.
  path: Assets/Low Poly Environment Starter Kit/Prefabs/HDRP/Terrains/Lake.prefab
  artifactKey: Guid(c3d1568b5301c864da44c88b4550c420) Importer(815301076,1909f56bfc062723c751e8b465ee728b)
Start importing Assets/Low Poly Environment Starter Kit/Prefabs/HDRP/Terrains/Lake.prefab using Guid(c3d1568b5301c864da44c88b4550c420) Importer(815301076,1909f56bfc062723c751e8b465ee728b)  -> (artifact id: '9cdb0ba5b94cca5ee7ec8b8f316ae7e9') in 0.089834 seconds 
========================================================================
Received Import Request.
  Time since last request: 1.992741 seconds.
  path: Assets/Low Poly Environment Starter Kit/Prefabs/Standard/Other/Bush 2.prefab
  artifactKey: Guid(4c32b86ac0befb141b59d1c3e8979a41) Importer(815301076,1909f56bfc062723c751e8b465ee728b)
Start importing Assets/Low Poly Environment Starter Kit/Prefabs/Standard/Other/Bush 2.prefab using Guid(4c32b86ac0befb141b59d1c3e8979a41) Importer(815301076,1909f56bfc062723c751e8b465ee728b)  -> (artifact id: '78e69c3e8a6c75628a5614fdba90d1ac') in 0.021441 seconds 
========================================================================
Received Import Request.
  Time since last request: 0.000014 seconds.
  path: Assets/Low Poly Environment Starter Kit/Prefabs/Standard/Other/Grass 3.prefab
  artifactKey: Guid(d96826df1373e514a89b1202eb66cc3b) Importer(815301076,1909f56bfc062723c751e8b465ee728b)
Start importing Assets/Low Poly Environment Starter Kit/Prefabs/Standard/Other/Grass 3.prefab using Guid(d96826df1373e514a89b1202eb66cc3b) Importer(815301076,1909f56bfc062723c751e8b465ee728b)  -> (artifact id: 'c104352c4ff5a300ad29fcc1b088c501') in 0.005847 seconds 
========================================================================
Received Import Request.
  Time since last request: 0.000032 seconds.
  path: Assets/Low Poly Environment Starter Kit/Prefabs/Standard/Other/Water.prefab
  artifactKey: Guid(60f5b5985e1f295418a14e3e3ee9934a) Importer(815301076,1909f56bfc062723c751e8b465ee728b)
Start importing Assets/Low Poly Environment Starter Kit/Prefabs/Standard/Other/Water.prefab using Guid(60f5b5985e1f295418a14e3e3ee9934a) Importer(815301076,1909f56bfc062723c751e8b465ee728b)  -> (artifact id: '88359ed523e8b0344415f0c8b3a44fcb') in 0.006955 seconds 
========================================================================
Received Import Request.
  Time since last request: 0.000022 seconds.
  path: Assets/Low Poly Environment Starter Kit/Prefabs/Standard/Other/Grass 1.prefab
  artifactKey: Guid(21774f6ef1e733d45bdd82cb135ff7d4) Importer(815301076,1909f56bfc062723c751e8b465ee728b)
Start importing Assets/Low Poly Environment Starter Kit/Prefabs/Standard/Other/Grass 1.prefab using Guid(21774f6ef1e733d45bdd82cb135ff7d4) Importer(815301076,1909f56bfc062723c751e8b465ee728b)  -> (artifact id: '1dc387c847ef2c200701c2e445cae962') in 0.006616 seconds 
========================================================================
Received Import Request.
  Time since last request: 6.640684 seconds.
  path: Assets/Low Poly Environment Starter Kit/Prefabs/URP/Other/Bush 2.prefab
  artifactKey: Guid(de3083097e7467e428a2dc805624b4b0) Importer(815301076,1909f56bfc062723c751e8b465ee728b)
Start importing Assets/Low Poly Environment Starter Kit/Prefabs/URP/Other/Bush 2.prefab using Guid(de3083097e7467e428a2dc805624b4b0) Importer(815301076,1909f56bfc062723c751e8b465ee728b)  -> (artifact id: 'f2e89ea250c9221f5b48b8626864134b') in 0.004904 seconds 
========================================================================
Received Import Request.
  Time since last request: 0.000018 seconds.
  path: Assets/Low Poly Environment Starter Kit/Prefabs/URP/Other/Grass 4.prefab
  artifactKey: Guid(150cf7551d9b9ce40aaa3d5b7c355fcb) Importer(815301076,1909f56bfc062723c751e8b465ee728b)
Start importing Assets/Low Poly Environment Starter Kit/Prefabs/URP/Other/Grass 4.prefab using Guid(150cf7551d9b9ce40aaa3d5b7c355fcb) Importer(815301076,1909f56bfc062723c751e8b465ee728b)  -> (artifact id: '88e26a7bab37f39c7a010526ccd5e188') in 0.005895 seconds 
========================================================================
Received Import Request.
  Time since last request: 0.000027 seconds.
  path: Assets/Low Poly Environment Starter Kit/Prefabs/URP/Other/Grass 3.prefab
  artifactKey: Guid(fe4ddc300bb879c4f860a9a1954689fb) Importer(815301076,1909f56bfc062723c751e8b465ee728b)
Start importing Assets/Low Poly Environment Starter Kit/Prefabs/URP/Other/Grass 3.prefab using Guid(fe4ddc300bb879c4f860a9a1954689fb) Importer(815301076,1909f56bfc062723c751e8b465ee728b)  -> (artifact id: '6fc691d467e4b4b9a7c1efd0f048511e') in 0.005990 seconds 
========================================================================
Received Import Request.
  Time since last request: 0.000021 seconds.
  path: Assets/Low Poly Environment Starter Kit/Prefabs/URP/Other/Grass 2.prefab
  artifactKey: Guid(6a90fc4f23741bf47b02318b3a4a7aa6) Importer(815301076,1909f56bfc062723c751e8b465ee728b)
Start importing Assets/Low Poly Environment Starter Kit/Prefabs/URP/Other/Grass 2.prefab using Guid(6a90fc4f23741bf47b02318b3a4a7aa6) Importer(815301076,1909f56bfc062723c751e8b465ee728b)  -> (artifact id: '97fa2b431195b30d850b6e0f6c1c76c0') in 0.006116 seconds 
========================================================================
Received Import Request.
  Time since last request: 0.757324 seconds.
  path: Assets/Low Poly Environment Starter Kit/Prefabs/URP/Rocks/Rock 2.prefab
  artifactKey: Guid(f1171190d8969d445b0d36f4130e0ec4) Importer(815301076,1909f56bfc062723c751e8b465ee728b)
Start importing Assets/Low Poly Environment Starter Kit/Prefabs/URP/Rocks/Rock 2.prefab using Guid(f1171190d8969d445b0d36f4130e0ec4) Importer(815301076,1909f56bfc062723c751e8b465ee728b)  -> (artifact id: '44729552078520492ecab7e53fca60a3') in 0.006182 seconds 
========================================================================
Received Import Request.
  Time since last request: 0.000015 seconds.
  path: Assets/Low Poly Environment Starter Kit/Prefabs/URP/Rocks/Rock 9.prefab
  artifactKey: Guid(f53964fc15f727846999dc6a91abb2be) Importer(815301076,1909f56bfc062723c751e8b465ee728b)
Start importing Assets/Low Poly Environment Starter Kit/Prefabs/URP/Rocks/Rock 9.prefab using Guid(f53964fc15f727846999dc6a91abb2be) Importer(815301076,1909f56bfc062723c751e8b465ee728b)  -> (artifact id: 'd0e6b224f206cfd6dafdd666454697a0') in 0.005754 seconds 
========================================================================
Received Import Request.
  Time since last request: 0.000021 seconds.
  path: Assets/Low Poly Environment Starter Kit/Prefabs/URP/Rocks/Rock Pile 2.prefab
  artifactKey: Guid(f7315e96585d195459d4d5634481e773) Importer(815301076,1909f56bfc062723c751e8b465ee728b)
Start importing Assets/Low Poly Environment Starter Kit/Prefabs/URP/Rocks/Rock Pile 2.prefab using Guid(f7315e96585d195459d4d5634481e773) Importer(815301076,1909f56bfc062723c751e8b465ee728b)  -> (artifact id: '1a71c4612972a7ce9acee5e51aa42fe1') in 0.009016 seconds 
========================================================================
Received Import Request.
  Time since last request: 0.000025 seconds.
  path: Assets/Low Poly Environment Starter Kit/Prefabs/URP/Rocks/Rock Arc.prefab
  artifactKey: Guid(4e9b719611de2f44cb2b84b292279421) Importer(815301076,1909f56bfc062723c751e8b465ee728b)
Start importing Assets/Low Poly Environment Starter Kit/Prefabs/URP/Rocks/Rock Arc.prefab using Guid(4e9b719611de2f44cb2b84b292279421) Importer(815301076,1909f56bfc062723c751e8b465ee728b)  -> (artifact id: 'f547ee94638aeda9a4c4d81a479794be') in 0.006676 seconds 
========================================================================
Received Import Request.
  Time since last request: 0.000030 seconds.
  path: Assets/Low Poly Environment Starter Kit/Prefabs/URP/Rocks/Rock 6.prefab
  artifactKey: Guid(873df5bb50a2df04c9c3d7abfe84c10a) Importer(815301076,1909f56bfc062723c751e8b465ee728b)
Start importing Assets/Low Poly Environment Starter Kit/Prefabs/URP/Rocks/Rock 6.prefab using Guid(873df5bb50a2df04c9c3d7abfe84c10a) Importer(815301076,1909f56bfc062723c751e8b465ee728b)  -> (artifact id: '8c18ee4954655ee48057645623de2bae') in 0.006885 seconds 
========================================================================
Received Import Request.
  Time since last request: 0.311746 seconds.
  path: Assets/Low Poly Environment Starter Kit/Prefabs/URP/Terrains/Field.prefab
  artifactKey: Guid(2910a5ffd7e6fa64bbb7b4a2e255603e) Importer(815301076,1909f56bfc062723c751e8b465ee728b)
Start importing Assets/Low Poly Environment Starter Kit/Prefabs/URP/Terrains/Field.prefab using Guid(2910a5ffd7e6fa64bbb7b4a2e255603e) Importer(815301076,1909f56bfc062723c751e8b465ee728b)  -> (artifact id: '627e0b83aee2919690f348642f08fe43') in 0.015477 seconds 
========================================================================
Received Import Request.
  Time since last request: 0.000028 seconds.
  path: Assets/Low Poly Environment Starter Kit/Prefabs/URP/Terrains/Lake.prefab
  artifactKey: Guid(74b914677bbfa914daea0970c81540a5) Importer(815301076,1909f56bfc062723c751e8b465ee728b)
Start importing Assets/Low Poly Environment Starter Kit/Prefabs/URP/Terrains/Lake.prefab using Guid(74b914677bbfa914daea0970c81540a5) Importer(815301076,1909f56bfc062723c751e8b465ee728b)  -> (artifact id: '691fc227278f59abfc12c1c05f34ef43') in 0.024016 seconds 
========================================================================
Received Import Request.
  Time since last request: 0.288271 seconds.
  path: Assets/Low Poly Environment Starter Kit/Prefabs/URP/Trees/Pine 2.prefab
  artifactKey: Guid(920dbba2cc1612c45922dde68c3ef673) Importer(815301076,1909f56bfc062723c751e8b465ee728b)
Start importing Assets/Low Poly Environment Starter Kit/Prefabs/URP/Trees/Pine 2.prefab using Guid(920dbba2cc1612c45922dde68c3ef673) Importer(815301076,1909f56bfc062723c751e8b465ee728b)  -> (artifact id: '95a6d4eaffad95144c06fb5e391f59d1') in 0.010746 seconds 
========================================================================
Received Import Request.
  Time since last request: 0.000017 seconds.
  path: Assets/Low Poly Environment Starter Kit/Prefabs/URP/Trees/Tree 2.prefab
  artifactKey: Guid(855ad926227c2c646847b5a3be7482cf) Importer(815301076,1909f56bfc062723c751e8b465ee728b)
Start importing Assets/Low Poly Environment Starter Kit/Prefabs/URP/Trees/Tree 2.prefab using Guid(855ad926227c2c646847b5a3be7482cf) Importer(815301076,1909f56bfc062723c751e8b465ee728b)  -> (artifact id: '98cbb94bb8ee62b0ba6c22ab7fb0aaba') in 0.006838 seconds 
========================================================================
Received Import Request.
  Time since last request: 0.000021 seconds.
  path: Assets/Low Poly Environment Starter Kit/Prefabs/URP/Trees/Tree 3.prefab
  artifactKey: Guid(9fe8f4ee2f072ef48b225626a9556d6b) Importer(815301076,1909f56bfc062723c751e8b465ee728b)
Start importing Assets/Low Poly Environment Starter Kit/Prefabs/URP/Trees/Tree 3.prefab using Guid(9fe8f4ee2f072ef48b225626a9556d6b) Importer(815301076,1909f56bfc062723c751e8b465ee728b)  -> (artifact id: 'da63b4aa5e519fcfff017ad08b578efb') in 0.008929 seconds 
========================================================================
Received Import Request.
  Time since last request: 0.000019 seconds.
  path: Assets/Low Poly Environment Starter Kit/Prefabs/URP/Trees/Tree 8.prefab
  artifactKey: Guid(e37205432e512c841ae7a9bddaefe239) Importer(815301076,1909f56bfc062723c751e8b465ee728b)
Start importing Assets/Low Poly Environment Starter Kit/Prefabs/URP/Trees/Tree 8.prefab using Guid(e37205432e512c841ae7a9bddaefe239) Importer(815301076,1909f56bfc062723c751e8b465ee728b)  -> (artifact id: 'fdada92b89c4872eb4803a0dccdc295a') in 0.006853 seconds 
========================================================================
Received Import Request.
  Time since last request: 0.000023 seconds.
  path: Assets/Low Poly Environment Starter Kit/Prefabs/URP/Trees/Tree 6.prefab
  artifactKey: Guid(b0481f62b0d3d084db3f82bab4650c50) Importer(815301076,1909f56bfc062723c751e8b465ee728b)
Start importing Assets/Low Poly Environment Starter Kit/Prefabs/URP/Trees/Tree 6.prefab using Guid(b0481f62b0d3d084db3f82bab4650c50) Importer(815301076,1909f56bfc062723c751e8b465ee728b)  -> (artifact id: '806737815b664bc5c4b5ab40cbc71b81') in 0.008147 seconds 
========================================================================
Received Import Request.
  Time since last request: 13.604541 seconds.
  path: Assets/Pure Poly/Free Low Poly Nature Pack/Prefabs/PP_Birch_Tree_06.prefab
  artifactKey: Guid(a2bd798ea40c7e341aa61ad124d95342) Importer(815301076,1909f56bfc062723c751e8b465ee728b)
Start importing Assets/Pure Poly/Free Low Poly Nature Pack/Prefabs/PP_Birch_Tree_06.prefab using Guid(a2bd798ea40c7e341aa61ad124d95342) Importer(815301076,1909f56bfc062723c751e8b465ee728b)  -> (artifact id: '635b4aeb981e0f9e7a500bd9b34dd358') in 0.005972 seconds 
========================================================================
Received Import Request.
  Time since last request: 0.000015 seconds.
  path: Assets/Pure Poly/Free Low Poly Nature Pack/Prefabs/PP_Mushroom_Fantasy_Orange_09.prefab
  artifactKey: Guid(0ab22827d0f3f0b40a97e9430d684283) Importer(815301076,1909f56bfc062723c751e8b465ee728b)
Start importing Assets/Pure Poly/Free Low Poly Nature Pack/Prefabs/PP_Mushroom_Fantasy_Orange_09.prefab using Guid(0ab22827d0f3f0b40a97e9430d684283) Importer(815301076,1909f56bfc062723c751e8b465ee728b)  -> (artifact id: 'bb1ec7a167a41bf5974de71005ca6d9d') in 0.005643 seconds 
========================================================================
Received Import Request.
  Time since last request: 0.000030 seconds.
  path: Assets/Pure Poly/Free Low Poly Nature Pack/Prefabs/PP_Meadow_07.prefab
  artifactKey: Guid(cf22a2db10f09a34495e9f83913738c8) Importer(815301076,1909f56bfc062723c751e8b465ee728b)
Start importing Assets/Pure Poly/Free Low Poly Nature Pack/Prefabs/PP_Meadow_07.prefab using Guid(cf22a2db10f09a34495e9f83913738c8) Importer(815301076,1909f56bfc062723c751e8b465ee728b)  -> (artifact id: '8bf3fb65716c6c2fb910796d4f371a20') in 0.006586 seconds 
========================================================================
Received Import Request.
  Time since last request: 0.000022 seconds.
  path: Assets/Pure Poly/Free Low Poly Nature Pack/Prefabs/PP_Forest_Mountain_Moss_01.prefab
  artifactKey: Guid(512b72c73a22e904d87662ebca8eb1e1) Importer(815301076,1909f56bfc062723c751e8b465ee728b)
Start importing Assets/Pure Poly/Free Low Poly Nature Pack/Prefabs/PP_Forest_Mountain_Moss_01.prefab using Guid(512b72c73a22e904d87662ebca8eb1e1) Importer(815301076,1909f56bfc062723c751e8b465ee728b)  -> (artifact id: 'b8acc0e08e5a8bb0456ac85d64cefafe') in 0.006629 seconds 
========================================================================
Received Import Request.
  Time since last request: 0.000020 seconds.
  path: Assets/Pure Poly/Free Low Poly Nature Pack/Prefabs/PP_Rock_Pile_Forest_Moss_05.prefab
  artifactKey: Guid(9a91bc2b0a89c4748a0c5b940bd461a7) Importer(815301076,1909f56bfc062723c751e8b465ee728b)
Start importing Assets/Pure Poly/Free Low Poly Nature Pack/Prefabs/PP_Rock_Pile_Forest_Moss_05.prefab using Guid(9a91bc2b0a89c4748a0c5b940bd461a7) Importer(815301076,1909f56bfc062723c751e8b465ee728b)  -> (artifact id: 'd5c6711a5b93da7bbbd31d5a5b265313') in 0.007018 seconds 
========================================================================
Received Import Request.
  Time since last request: 0.000021 seconds.
  path: Assets/Pure Poly/Free Low Poly Nature Pack/Prefabs/PP_Forest_Mountain_Moss_02.prefab
  artifactKey: Guid(034023ff02a37fc47aab6bc6c49bf15b) Importer(815301076,1909f56bfc062723c751e8b465ee728b)
Start importing Assets/Pure Poly/Free Low Poly Nature Pack/Prefabs/PP_Forest_Mountain_Moss_02.prefab using Guid(034023ff02a37fc47aab6bc6c49bf15b) Importer(815301076,1909f56bfc062723c751e8b465ee728b)  -> (artifact id: '860855dd8afd26b1a7acbe2f6b1eb0bc') in 0.005925 seconds 
========================================================================
Received Import Request.
  Time since last request: 0.000025 seconds.
  path: Assets/Pure Poly/Free Low Poly Nature Pack/Prefabs/PP_Hyacinth_04.prefab
  artifactKey: Guid(194e9111af0c33840a49d573f2b26952) Importer(815301076,1909f56bfc062723c751e8b465ee728b)
Start importing Assets/Pure Poly/Free Low Poly Nature Pack/Prefabs/PP_Hyacinth_04.prefab using Guid(194e9111af0c33840a49d573f2b26952) Importer(815301076,1909f56bfc062723c751e8b465ee728b)  -> (artifact id: '1f784b6d89d414ec62d0b5f38331f6b1') in 0.007213 seconds 
========================================================================
Received Import Request.
  Time since last request: 0.000019 seconds.
  path: Assets/Pure Poly/Free Low Poly Nature Pack/Prefabs/PP_Grass_11.prefab
  artifactKey: Guid(ef62619642b0df743b22dd5120c6ac4d) Importer(815301076,1909f56bfc062723c751e8b465ee728b)
Start importing Assets/Pure Poly/Free Low Poly Nature Pack/Prefabs/PP_Grass_11.prefab using Guid(ef62619642b0df743b22dd5120c6ac4d) Importer(815301076,1909f56bfc062723c751e8b465ee728b)  -> (artifact id: 'a4f668e4756526957336683e1623d090') in 0.006285 seconds 
Editor requested this worker to shutdown with reason: Scaling down because of idle timeout
AssetImportWorker is now disconnected from the server
Process exiting
Exiting without the bug reporter. Application will terminate with return code 0